#
# A fatal error has been detected by the Java Runtime Environment:
#
#  SIGSEGV (0xb) at pc=0x00007f7108926623, pid=18048, tid=0x00007f71060fb700
#
# JRE version: OpenJDK Runtime Environment (8.0_112-b06) (build 1.8.0_112-release-b06)
# Java VM: OpenJDK 64-Bit Server VM (25.112-b06 mixed mode linux-amd64 compressed oops)
# Problematic frame:
# V  [libjvm.so+0x8b8623]  oopDesc* PSPromotionManager::copy_to_survivor_space<false>(oopDesc*)+0x2c3
#
# Failed to write core dump. Core dumps have been disabled. To enable core dumping, try "ulimit -c unlimited" before starting Java again
#
# If you would like to submit a bug report, please visit:
#   http://bugreport.java.com/bugreport/crash.jsp
#

---------------  T H R E A D  ---------------

Current thread (0x00007f7100024000):  GCTaskThread [stack: 0x00007f7105ffb000,0x00007f71060fc000] [id=18055]

siginfo: si_signo: 11 (SIGSEGV), si_code: 2 (SEGV_ACCERR), si_addr: 0x000000010286dd98

Registers:
RAX=0x0000000000000001, RBX=0x00000000e1f2fa08, RCX=0x0000000000000003, RDX=0x00007f7108f12c40
RSP=0x00007f71060facb0, RBP=0x00007f71060fad10, RSI=0x00000000e1f2fa08, RDI=0x000000010286dd90
R8 =0x0000000000000005, R9 =0x00007f7100074d98, R10=0x0000000000000003, R11=0x00007f7108f3c860
R12=0x00000000a56e1478, R13=0x0000000000000001, R14=0x00007f7100074d00, R15=0x00007f7108f12c50
RIP=0x00007f7108926623, EFLAGS=0x0000000000010206, CSGSFS=0x0000000000000033, ERR=0x0000000000000004
  TRAPNO=0x000000000000000e

Top of Stack: (sp=0x00007f71060facb0)
0x00007f71060facb0:   00007f71060fad10 00007f71086508d1
0x00007f71060facc0:   0000000000000005 00000000a56e14b8
0x00007f71060facd0:   00000000a56e0788 00000000a56e0ff8
0x00007f71060face0:   00007f71060fad30 00007f7100074d00
0x00007f71060facf0:   00000000a56e1478 0000000000000001
0x00007f71060fad00:   00007f7100074d98 00007f7108f12c50
0x00007f71060fad10:   00007f71060fad80 00007f7108925e28
0x00007f71060fad20:   00007f71060fad80 00007f7100074d68
0x00007f71060fad30:   0000196f00002a0a 00000000a56e0ff8
0x00007f71060fad40:   0000196f00002a0b 0000000000000400
0x00007f71060fad50:   0000000000000200 0000000000000003
0x00007f71060fad60:   00007f71060fadb0 00007f71060fadc0
0x00007f71060fad70:   0000000000000000 00007f71000750a0
0x00007f71060fad80:   00007f71060fae00 00007f7108929f0a
0x00007f71060fad90:   00007f7108f12c50 00000000a4157000
0x00007f71060fada0:   00007f70c05d2e90 00007f7100074d00
0x00007f71060fadb0:   00007f71698a2270 00007f710887ebbb
0x00007f71060fadc0:   00000000a4157001 00007f710001e870
0x00007f71060fadd0:   00007f71060fae00 0000000000000001
0x00007f71060fade0:   00007f70c05d2e90 00007f7108ad5de5
0x00007f71060fadf0:   00007f7100024000 00007f7108f31678
0x00007f71060fae00:   00007f71060faf10 00007f71085ef6c2
0x00007f71060fae10:   00000000000003d8 00007f7100024de8
0x00007f71060fae20:   00007f7100024a10 00007f71060faea0
0x00007f71060fae30:   00007f71000249c0 00007f7100024a00
0x00007f71060fae40:   00007f71060fae50 0000000000000000
0x00007f71060fae50:   0000000000000000 00007f7100025500
0x00007f71060fae60:   00007f7100024000 00007f7100024df0
0x00007f71060fae70:   00007f7100024e30 00007f7100024e40
0x00007f71060fae80:   00007f7100024f18 00000000000000d8
0x00007f71060fae90:   00007f7100025050 00007f71000259c0
0x00007f71060faea0:   00007f7100024000 00007f7100024df0 

Instructions: (pc=0x00007f7108926623)
0x00007f7108926603:   e9 3d fe ff ff 0f 1f 84 00 00 00 00 00 48 8d 15
0x00007f7108926613:   29 c6 5e 00 8b 7e 08 8b 4a 08 48 d3 e7 48 03 3a
0x00007f7108926623:   8b 4f 08 83 f9 00 0f 8f 7d fd ff ff 0f 85 3b 02
0x00007f7108926633:   00 00 0f 1f 00 48 8b 07 4c 89 45 b8 48 89 de ff 

Register to memory mapping:

RAX=0x0000000000000001 is an unknown value
RBX=0x00000000e1f2fa08 is an oop

[error occurred during error reporting (printing register info), id 0xb]

Stack: [0x00007f7105ffb000,0x00007f71060fc000],  sp=0x00007f71060facb0,  free space=1023k
Native frames: (J=compiled Java code, j=interpreted, Vv=VM code, C=native code)
V  [libjvm.so+0x8b8623]  oopDesc* PSPromotionManager::copy_to_survivor_space<false>(oopDesc*)+0x2c3
V  [libjvm.so+0x8b7e28]  PSPromotionManager::drain_stacks_depth(bool)+0x6d8
V  [libjvm.so+0x8bbf0a]  StealTask::do_it(GCTaskManager*, unsigned int)+0x18a
V  [libjvm.so+0x5816c2]  GCTaskThread::run()+0x162
V  [libjvm.so+0x849c82]  java_start(Thread*)+0xf2


---------------  P R O C E S S  ---------------

Java Threads: ( => current thread )
  0x00007f70982b0800 JavaThread "pool-8-thread-4" [_thread_blocked, id=18198, stack(0x00007f706fdfe000,0x00007f706feff000)]
  0x00007f70982b0000 JavaThread "pool-8-thread-3" [_thread_blocked, id=18197, stack(0x00007f70b4a8b000,0x00007f70b4b8c000)]
  0x00007f70986dd000 JavaThread "pool-8-thread-2" [_thread_blocked, id=18196, stack(0x00007f70b4889000,0x00007f70b498a000)]
  0x00007f70986dc000 JavaThread "pool-8-thread-1" [_thread_blocked, id=18195, stack(0x00007f70b4b8c000,0x00007f70b4c8d000)]
  0x00007f7098336800 JavaThread "Cache update executor" [_thread_blocked, id=18185, stack(0x00007f70b4e8d000,0x00007f70b4f8e000)]
  0x00007f7098729000 JavaThread "Stdin handler" [_thread_blocked, id=18184, stack(0x00007f70b73f8000,0x00007f70b74f9000)]
  0x00007f7098728000 JavaThread "Asynchronous log dispatcher for DefaultDaemonConnection: socket connection from /127.0.0.1:35075 to /127.0.0.1:45450" [_thread_blocked, id=18181, stack(0x00007f70b74f9000,0x00007f70b75fa000)]
  0x00007f70a8004000 JavaThread "Cancel handler" [_thread_blocked, id=18180, stack(0x00007f70b76fb000,0x00007f70b77fc000)]
  0x00007f70a8005800 JavaThread "Handler for socket connection from /127.0.0.1:35075 to /127.0.0.1:45450" [_thread_in_native, id=18179, stack(0x00007f70b7afd000,0x00007f70b7bfe000)]
  0x00007f707c001800 JavaThread "process reaper" daemon [_thread_blocked, id=18133, stack(0x00007f70b42a0000,0x00007f70b42d9000)]
  0x00007f7070001800 JavaThread "process reaper" daemon [_thread_blocked, id=18132, stack(0x00007f70b42d9000,0x00007f70b4312000)]
  0x0000000002217800 JavaThread "process reaper" daemon [_thread_blocked, id=18131, stack(0x00007f70b4312000,0x00007f70b434b000)]
  0x00007f7074002000 JavaThread "process reaper" daemon [_thread_blocked, id=18130, stack(0x00007f70b434b000,0x00007f70b4384000)]
  0x00007f7099089800 JavaThread "pool-2-thread-1" [_thread_blocked, id=18078, stack(0x00007f70b5fa1000,0x00007f70b60a2000)]
  0x00007f7098d58000 JavaThread "File lock request listener" [_thread_in_native, id=18077, stack(0x00007f70b6845000,0x00007f70b6946000)]
  0x00007f7098c7a800 JavaThread "process reaper" daemon [_thread_blocked, id=18076, stack(0x00007f70b6946000,0x00007f70b697f000)]
  0x00007f70a8007000 JavaThread "Daemon worker" [_thread_blocked, id=18070, stack(0x00007f70b75fa000,0x00007f70b76fb000)]
  0x00007f7100d16000 JavaThread "pool-1-thread-1" [_thread_blocked, id=18068, stack(0x00007f70b77fc000,0x00007f70b78fd000)]
  0x00007f70b0010800 JavaThread "Daemon" [_thread_blocked, id=18066, stack(0x00007f70b7bfe000,0x00007f70b7cff000)]
  0x00007f7100cab800 JavaThread "Incoming local TCP Connector on port 35075" [_thread_in_native, id=18065, stack(0x00007f70b7eff000,0x00007f70b8000000)]
  0x00007f71000d2800 JavaThread "Service Thread" daemon [_thread_blocked, id=18063, stack(0x00007f70f070d000,0x00007f70f080e000)]
  0x00007f71000bd800 JavaThread "C1 CompilerThread2" daemon [_thread_blocked, id=18062, stack(0x00007f70f080e000,0x00007f70f090f000)]
  0x00007f71000bb800 JavaThread "C2 CompilerThread1" daemon [_thread_blocked, id=18061, stack(0x00007f70f090f000,0x00007f70f0a10000)]
  0x00007f71000b9000 JavaThread "C2 CompilerThread0" daemon [_thread_blocked, id=18060, stack(0x00007f70f0a10000,0x00007f70f0b11000)]
  0x00007f71000b7800 JavaThread "Signal Dispatcher" daemon [_thread_blocked, id=18059, stack(0x00007f70f0b11000,0x00007f70f0c12000)]
  0x00007f7100083800 JavaThread "Finalizer" daemon [_thread_blocked, id=18058, stack(0x00007f70f0eff000,0x00007f70f1000000)]
  0x00007f710007f000 JavaThread "Reference Handler" daemon [_thread_blocked, id=18057, stack(0x00007f71040f4000,0x00007f71041f5000)]
  0x00007f710000a000 JavaThread "main" [_thread_blocked, id=18051, stack(0x00007f7109a61000,0x00007f7109b62000)]

Other Threads:
  0x00007f7100077800 VMThread [stack: 0x00007f71041f5000,0x00007f71042f6000] [id=18056]
  0x00007f71000d5000 WatcherThread [stack: 0x00007f70f060c000,0x00007f70f070d000] [id=18064]

=>0x00007f7100024000 (exited) GCTaskThread [stack: 0x00007f7105ffb000,0x00007f71060fc000] [id=18055]

VM state:at safepoint (normal execution)

VM Mutex/Monitor currently owned by a thread:  ([mutex/lock_event])
[0x00007f7100006410] Threads_lock - owner thread: 0x00007f7100077800
[0x00007f7100006910] Heap_lock - owner thread: 0x00007f7098336800

Heap:
 PSYoungGen      total 198656K, used 198637K [0x00000000e0000000, 0x00000000f0d00000, 0x0000000100000000)
  eden space 170496K, 100% used [0x00000000e0000000,0x00000000ea680000,0x00000000ea680000)
  from space 28160K, 99% used [0x00000000ea680000,0x00000000ec1fb4d0,0x00000000ec200000)
  to   space 36352K, 99% used [0x00000000ee980000,0x00000000f0cfdee8,0x00000000f0d00000)
 ParOldGen       total 132608K, used 92169K [0x00000000a0000000, 0x00000000a8180000, 0x00000000e0000000)
  object space 132608K, 69% used [0x00000000a0000000,0x00000000a5a02788,0x00000000a8180000)
 Metaspace       used 68644K, capacity 70734K, committed 70960K, reserved 1112064K
  class space    used 8736K, capacity 9204K, committed 9264K, reserved 1048576K

Card table byte_map: [0x00007f71065ff000,0x00007f7106900000] byte_map_base: 0x00007f71060ff000

Marking Bits: (ParMarkBitMap*) 0x00007f7108f3c340
 Begin Bits: [0x00007f70e1000000, 0x00007f70e2800000)
 End Bits:   [0x00007f70e2800000, 0x00007f70e4000000)

Polling page: 0x00007f7109b8e000

CodeCache: size=245760Kb used=35436Kb max_used=35455Kb free=210323Kb
 bounds [0x00007f70f1000000, 0x00007f70f32e0000, 0x00007f7100000000]
 total_blobs=11735 nmethods=10942 adapters=705
 compilation: enabled

Compilation events (10 events):
Event: 75.135 Thread 0x00007f71000bd800 13109       2       org.gradle.internal.logging.config.LoggingSystemAdapter::restore (35 bytes)
Event: 75.136 Thread 0x00007f71000bd800 nmethod 13109 0x00007f70f3289a10 code [0x00007f70f3289b80, 0x00007f70f3289d88]
Event: 75.136 Thread 0x00007f71000bd800 13110       2       org.gradle.internal.logging.source.JavaUtilLoggingSystem::restore (40 bytes)
Event: 75.138 Thread 0x00007f71000bd800 nmethod 13110 0x00007f70f3295850 code [0x00007f70f3295a80, 0x00007f70f32962c8]
Event: 75.138 Thread 0x00007f71000bd800 13111       2       org.gradle.internal.logging.source.DefaultStdOutLoggingSystem::restore (6 bytes)
Event: 75.138 Thread 0x00007f71000bd800 nmethod 13111 0x00007f70f3289610 code [0x00007f70f3289780, 0x00007f70f32898e8]
Event: 75.138 Thread 0x00007f71000bd800 13112       2       org.gradle.internal.logging.source.DefaultStdErrLoggingSystem::restore (6 bytes)
Event: 75.138 Thread 0x00007f71000bd800 nmethod 13112 0x00007f70f32954d0 code [0x00007f70f3295640, 0x00007f70f32957a8]
Event: 75.139 Thread 0x00007f71000bd800 13113   !   2       org.gradle.internal.logging.sink.OutputEventRenderer::restore (107 bytes)
Event: 75.140 Thread 0x00007f71000bd800 nmethod 13113 0x00007f70f32946d0 code [0x00007f70f32948a0, 0x00007f70f3294ea8]

GC Heap History (10 events):
Event: 27.524 GC heap after
Heap after GC invocations=16 (full 2):
 PSYoungGen      total 174080K, used 18680K [0x00000000e0000000, 0x00000000ec380000, 0x0000000100000000)
  eden space 152064K, 0% used [0x00000000e0000000,0x00000000e0000000,0x00000000e9480000)
  from space 22016K, 84% used [0x00000000ead00000,0x00000000ebf3e1b8,0x00000000ec280000)
  to   space 24064K, 0% used [0x00000000e9480000,0x00000000e9480000,0x00000000eac00000)
 ParOldGen       total 88064K, used 34056K [0x00000000a0000000, 0x00000000a5600000, 0x00000000e0000000)
  object space 88064K, 38% used [0x00000000a0000000,0x00000000a21421d0,0x00000000a5600000)
 Metaspace       used 53455K, capacity 55074K, committed 55344K, reserved 1097728K
  class space    used 7060K, capacity 7454K, committed 7472K, reserved 1048576K
}
Event: 63.390 GC heap before
{Heap before GC invocations=17 (full 2):
 PSYoungGen      total 174080K, used 170744K [0x00000000e0000000, 0x00000000ec380000, 0x0000000100000000)
  eden space 152064K, 100% used [0x00000000e0000000,0x00000000e9480000,0x00000000e9480000)
  from space 22016K, 84% used [0x00000000ead00000,0x00000000ebf3e1b8,0x00000000ec280000)
  to   space 24064K, 0% used [0x00000000e9480000,0x00000000e9480000,0x00000000eac00000)
 ParOldGen       total 88064K, used 34056K [0x00000000a0000000, 0x00000000a5600000, 0x00000000e0000000)
  object space 88064K, 38% used [0x00000000a0000000,0x00000000a21421d0,0x00000000a5600000)
 Metaspace       used 56842K, capacity 58638K, committed 58800K, reserved 1099776K
  class space    used 7384K, capacity 7786K, committed 7856K, reserved 1048576K
Event: 63.441 GC heap after
Heap after GC invocations=17 (full 2):
 PSYoungGen      total 176128K, used 20920K [0x00000000e0000000, 0x00000000edc00000, 0x0000000100000000)
  eden space 152064K, 0% used [0x00000000e0000000,0x00000000e0000000,0x00000000e9480000)
  from space 24064K, 86% used [0x00000000e9480000,0x00000000ea8ee260,0x00000000eac00000)
  to   space 26624K, 0% used [0x00000000ec200000,0x00000000ec200000,0x00000000edc00000)
 ParOldGen       total 88064K, used 34064K [0x00000000a0000000, 0x00000000a5600000, 0x00000000e0000000)
  object space 88064K, 38% used [0x00000000a0000000,0x00000000a21441d0,0x00000000a5600000)
 Metaspace       used 56842K, capacity 58638K, committed 58800K, reserved 1099776K
  class space    used 7384K, capacity 7786K, committed 7856K, reserved 1048576K
}
Event: 64.000 GC heap before
{Heap before GC invocations=18 (full 2):
 PSYoungGen      total 176128K, used 61238K [0x00000000e0000000, 0x00000000edc00000, 0x0000000100000000)
  eden space 152064K, 26% used [0x00000000e0000000,0x00000000e275f5a0,0x00000000e9480000)
  from space 24064K, 86% used [0x00000000e9480000,0x00000000ea8ee260,0x00000000eac00000)
  to   space 26624K, 0% used [0x00000000ec200000,0x00000000ec200000,0x00000000edc00000)
 ParOldGen       total 88064K, used 34064K [0x00000000a0000000, 0x00000000a5600000, 0x00000000e0000000)
  object space 88064K, 38% used [0x00000000a0000000,0x00000000a21441d0,0x00000000a5600000)
 Metaspace       used 57325K, capacity 59118K, committed 59160K, reserved 1101824K
  class space    used 7436K, capacity 7840K, committed 7856K, reserved 1048576K
Event: 64.058 GC heap after
Heap after GC invocations=18 (full 2):
 PSYoungGen      total 197120K, used 20686K [0x00000000e0000000, 0x00000000ef380000, 0x0000000100000000)
  eden space 170496K, 0% used [0x00000000e0000000,0x00000000e0000000,0x00000000ea680000)
  from space 26624K, 77% used [0x00000000ec200000,0x00000000ed6338f8,0x00000000edc00000)
  to   space 28160K, 0% used [0x00000000ea680000,0x00000000ea680000,0x00000000ec200000)
 ParOldGen       total 88064K, used 34072K [0x00000000a0000000, 0x00000000a5600000, 0x00000000e0000000)
  object space 88064K, 38% used [0x00000000a0000000,0x00000000a21461d0,0x00000000a5600000)
 Metaspace       used 57325K, capacity 59118K, committed 59160K, reserved 1101824K
  class space    used 7436K, capacity 7840K, committed 7856K, reserved 1048576K
}
Event: 64.058 GC heap before
{Heap before GC invocations=19 (full 3):
 PSYoungGen      total 197120K, used 20686K [0x00000000e0000000, 0x00000000ef380000, 0x0000000100000000)
  eden space 170496K, 0% used [0x00000000e0000000,0x00000000e0000000,0x00000000ea680000)
  from space 26624K, 77% used [0x00000000ec200000,0x00000000ed6338f8,0x00000000edc00000)
  to   space 28160K, 0% used [0x00000000ea680000,0x00000000ea680000,0x00000000ec200000)
 ParOldGen       total 88064K, used 34072K [0x00000000a0000000, 0x00000000a5600000, 0x00000000e0000000)
  object space 88064K, 38% used [0x00000000a0000000,0x00000000a21461d0,0x00000000a5600000)
 Metaspace       used 57325K, capacity 59118K, committed 59160K, reserved 1101824K
  class space    used 7436K, capacity 7840K, committed 7856K, reserved 1048576K
Event: 64.424 GC heap after
Heap after GC invocations=19 (full 3):
 PSYoungGen      total 197120K, used 0K [0x00000000e0000000, 0x00000000ef380000, 0x0000000100000000)
  eden space 170496K, 0% used [0x00000000e0000000,0x00000000e0000000,0x00000000ea680000)
  from space 26624K, 0% used [0x00000000ec200000,0x00000000ec200000,0x00000000edc00000)
  to   space 28160K, 0% used [0x00000000ea680000,0x00000000ea680000,0x00000000ec200000)
 ParOldGen       total 132608K, used 35437K [0x00000000a0000000, 0x00000000a8180000, 0x00000000e0000000)
  object space 132608K, 26% used [0x00000000a0000000,0x00000000a229b7c8,0x00000000a8180000)
 Metaspace       used 57323K, capacity 59112K, committed 59160K, reserved 1101824K
  class space    used 7436K, capacity 7839K, committed 7856K, reserved 1048576K
}
Event: 70.791 GC heap before
{Heap before GC invocations=20 (full 3):
 PSYoungGen      total 197120K, used 170496K [0x00000000e0000000, 0x00000000ef380000, 0x0000000100000000)
  eden space 170496K, 100% used [0x00000000e0000000,0x00000000ea680000,0x00000000ea680000)
  from space 26624K, 0% used [0x00000000ec200000,0x00000000ec200000,0x00000000edc00000)
  to   space 28160K, 0% used [0x00000000ea680000,0x00000000ea680000,0x00000000ec200000)
 ParOldGen       total 132608K, used 35437K [0x00000000a0000000, 0x00000000a8180000, 0x00000000e0000000)
  object space 132608K, 26% used [0x00000000a0000000,0x00000000a229b7c8,0x00000000a8180000)
 Metaspace       used 64351K, capacity 66418K, committed 66608K, reserved 1107968K
  class space    used 8268K, capacity 8674K, committed 8752K, reserved 1048576K
Event: 70.839 GC heap after
Heap after GC invocations=20 (full 3):
 PSYoungGen      total 198656K, used 28141K [0x00000000e0000000, 0x00000000f0d00000, 0x0000000100000000)
  eden space 170496K, 0% used [0x00000000e0000000,0x00000000e0000000,0x00000000ea680000)
  from space 28160K, 99% used [0x00000000ea680000,0x00000000ec1fb4d0,0x00000000ec200000)
  to   space 36352K, 0% used [0x00000000ee980000,0x00000000ee980000,0x00000000f0d00000)
 ParOldGen       total 132608K, used 45683K [0x00000000a0000000, 0x00000000a8180000, 0x00000000e0000000)
  object space 132608K, 34% used [0x00000000a0000000,0x00000000a2c9cf90,0x00000000a8180000)
 Metaspace       used 64351K, capacity 66418K, committed 66608K, reserved 1107968K
  class space    used 8268K, capacity 8674K, committed 8752K, reserved 1048576K
}
Event: 75.145 GC heap before
{Heap before GC invocations=21 (full 3):
 PSYoungGen      total 198656K, used 198637K [0x00000000e0000000, 0x00000000f0d00000, 0x0000000100000000)
  eden space 170496K, 100% used [0x00000000e0000000,0x00000000ea680000,0x00000000ea680000)
  from space 28160K, 99% used [0x00000000ea680000,0x00000000ec1fb4d0,0x00000000ec200000)
  to   space 36352K, 0% used [0x00000000ee980000,0x00000000ee980000,0x00000000f0d00000)
 ParOldGen       total 132608K, used 45683K [0x00000000a0000000, 0x00000000a8180000, 0x00000000e0000000)
  object space 132608K, 34% used [0x00000000a0000000,0x00000000a2c9cf90,0x00000000a8180000)
 Metaspace       used 68644K, capacity 70734K, committed 70960K, reserved 1112064K
  class space    used 8736K, capacity 9204K, committed 9264K, reserved 1048576K

Deoptimization events (10 events):
Event: 74.933 Thread 0x00007f70986dc000 Uncommon trap: reason=null_check action=make_not_entrant pc=0x00007f70f1c72ab4 method=sun.nio.fs.UnixPath.encode(Lsun/nio/fs/UnixFileSystem;Ljava/lang/String;)[B @ 6
Event: 74.933 Thread 0x00007f70986dc000 Uncommon trap: reason=null_check action=make_not_entrant pc=0x00007f70f1cc80b0 method=sun.nio.fs.NativeBuffers.getNativeBufferFromCache(I)Lsun/nio/fs/NativeBuffer; @ 6
Event: 74.934 Thread 0x00007f70986dc000 Uncommon trap: reason=null_check action=make_not_entrant pc=0x00007f70f15be6d0 method=sun.nio.fs.NativeBuffers.releaseNativeBuffer(Lsun/nio/fs/NativeBuffer;)V @ 6
Event: 74.936 Thread 0x00007f70986dd000 Uncommon trap: reason=unstable_if action=reinterpret pc=0x00007f70f1771444 method=sun.nio.fs.Util.followLinks([Ljava/nio/file/LinkOption;)Z @ 13
Event: 74.937 Thread 0x00007f70982b0000 Uncommon trap: reason=unstable_if action=reinterpret pc=0x00007f70f228c7c0 method=sun.nio.fs.Util.followLinks([Ljava/nio/file/LinkOption;)Z @ 13
Event: 74.938 Thread 0x00007f70982b0800 Uncommon trap: reason=unstable_if action=reinterpret pc=0x00007f70f12a3770 method=sun.nio.fs.Util.followLinks([Ljava/nio/file/LinkOption;)Z @ 13
Event: 74.987 Thread 0x00007f70a8007000 Uncommon trap: reason=unstable_if action=reinterpret pc=0x00007f70f2b69324 method=org.gradle.api.internal.changedetection.state.InMemoryDecoratedCache.get(Ljava/lang/Object;)Ljava/lang/Object; @ 87
Event: 75.060 Thread 0x00007f70a8007000 Uncommon trap: reason=range_check action=make_not_entrant pc=0x00007f70f245ce10 method=java.util.zip.ZipUtils.get16([BI)I @ 10
Event: 75.095 Thread 0x00007f70a8007000 Uncommon trap: reason=unstable_if action=reinterpret pc=0x00007f70f137e104 method=sun.nio.fs.UnixPath.toString()Ljava/lang/String; @ 4
Event: 75.111 Thread 0x00007f70a8007000 Uncommon trap: reason=unstable_if action=reinterpret pc=0x00007f70f11a80d0 method=java.util.zip.ZipInputStream.read([BII)I @ 38

Internal exceptions (10 events):
Event: 74.933 Thread 0x00007f70986dc000 Implicit null exception at 0x00007f70f1cc7fa1 to 0x00007f70f1cc80a1
Event: 74.934 Thread 0x00007f70986dc000 Implicit null exception at 0x00007f70f15be5aa to 0x00007f70f15be6c1
Event: 74.935 Thread 0x00007f70986dc000 Exception <a 'sun/nio/fs/UnixException'> (0x00000000ea375390) thrown at [/ssd/Android/AOSP-openjdk/external/jetbrains/jdk/hotspot/src/share/vm/prims/jni.cpp, line 709]
Event: 74.936 Thread 0x00007f70986dd000 Exception <a 'sun/nio/fs/UnixException'> (0x00000000ea3ed8f0) thrown at [/ssd/Android/AOSP-openjdk/external/jetbrains/jdk/hotspot/src/share/vm/prims/jni.cpp, line 709]
Event: 74.936 Thread 0x00007f70986dd000 Exception <a 'sun/nio/fs/UnixException'> (0x00000000ea3ee0a8) thrown at [/ssd/Android/AOSP-openjdk/external/jetbrains/jdk/hotspot/src/share/vm/prims/jni.cpp, line 709]
Event: 74.937 Thread 0x00007f70982b0000 Exception <a 'sun/nio/fs/UnixException'> (0x00000000ea467578) thrown at [/ssd/Android/AOSP-openjdk/external/jetbrains/jdk/hotspot/src/share/vm/prims/jni.cpp, line 709]
Event: 74.937 Thread 0x00007f70982b0000 Exception <a 'sun/nio/fs/UnixException'> (0x00000000ea467d38) thrown at [/ssd/Android/AOSP-openjdk/external/jetbrains/jdk/hotspot/src/share/vm/prims/jni.cpp, line 709]
Event: 74.937 Thread 0x00007f70982b0800 Exception <a 'sun/nio/fs/UnixException'> (0x00000000ea4e11e0) thrown at [/ssd/Android/AOSP-openjdk/external/jetbrains/jdk/hotspot/src/share/vm/prims/jni.cpp, line 709]
Event: 74.938 Thread 0x00007f70982b0800 Exception <a 'sun/nio/fs/UnixException'> (0x00000000ea4e1998) thrown at [/ssd/Android/AOSP-openjdk/external/jetbrains/jdk/hotspot/src/share/vm/prims/jni.cpp, line 709]
Event: 75.111 Thread 0x00007f70a8007000 Implicit null exception at 0x00007f70f11a7dfe to 0x00007f70f11a80c1

Events (10 events):
Event: 75.111 loading class java/util/zip/ZipOutputStream$XEntry
Event: 75.111 loading class java/util/zip/ZipOutputStream$XEntry done
Event: 75.111 Thread 0x00007f70a8007000 Uncommon trap: trap_request=0xffffff65 fr.pc=0x00007f70f11a80d0
Event: 75.111 Thread 0x00007f70a8007000 DEOPT PACKING pc=0x00007f70f11a80d0 sp=0x00007f70b76f67a0
Event: 75.111 Thread 0x00007f70a8007000 DEOPT UNPACKING pc=0x00007f70f1004f69 sp=0x00007f70b76f6778 mode 2
Event: 75.133 loading class java/util/WeakHashMap$EntrySet
Event: 75.133 loading class java/util/WeakHashMap$EntrySet done
Event: 75.133 loading class java/util/WeakHashMap$EntryIterator
Event: 75.133 loading class java/util/WeakHashMap$EntryIterator done
Event: 75.145 Executing VM operation: ParallelGCFailedAllocation


Dynamic libraries:
00400000-00401000 r-xp 00000000 08:01 3289455                            /home/ahmed/myData/android-studio/jre/bin/java
00600000-00601000 r--p 00000000 08:01 3289455                            /home/ahmed/myData/android-studio/jre/bin/java
00601000-00602000 rw-p 00001000 08:01 3289455                            /home/ahmed/myData/android-studio/jre/bin/java
02215000-02236000 rw-p 00000000 00:00 0                                  [heap]
a0000000-a8180000 rw-p 00000000 00:00 0 
a8180000-e0000000 ---p 00000000 00:00 0 
e0000000-f0d00000 rw-p 00000000 00:00 0 
f0d00000-100000000 ---p 00000000 00:00 0 
100000000-10090c000 rw-p 00000000 00:00 0 
10090c000-140000000 ---p 00000000 00:00 0 
7f706e691000-7f706e6d1000 rw-p 00000000 00:00 0 
7f706e6d1000-7f706e891000 ---p 00000000 00:00 0 
7f706e891000-7f706ea91000 rw-p 00000000 00:00 0 
7f706eaf7000-7f706ecf7000 rw-p 00000000 00:00 0 
7f706ecf7000-7f706eef7000 rw-p 00000000 00:00 0 
7f706eef7000-7f706f0f7000 rw-p 00000000 00:00 0 
7f706f0f7000-7f706f2f7000 rw-p 00000000 00:00 0 
7f706f2f7000-7f706f4f7000 rw-p 00000000 00:00 0 
7f706f4f7000-7f706f6f7000 rw-p 00000000 00:00 0 
7f706f6f7000-7f706f6fa000 ---p 00000000 00:00 0 
7f706f6fa000-7f706f7f8000 rw-p 00000000 00:00 0 
7f706f7f8000-7f706f7fb000 ---p 00000000 00:00 0 
7f706f7fb000-7f706f8f9000 rw-p 00000000 00:00 0 
7f706f8f9000-7f706f8fc000 ---p 00000000 00:00 0 
7f706f8fc000-7f706f9fa000 rw-p 00000000 00:00 0 
7f706f9fa000-7f706f9fd000 ---p 00000000 00:00 0 
7f706f9fd000-7f706fafb000 rw-p 00000000 00:00 0 
7f706fafb000-7f706fafe000 ---p 00000000 00:00 0 
7f706fafe000-7f706fbfc000 rw-p 00000000 00:00 0 
7f706fbfc000-7f706fbff000 ---p 00000000 00:00 0 
7f706fbff000-7f706fcfd000 rw-p 00000000 00:00 0 
7f706fcfd000-7f706fd00000 ---p 00000000 00:00 0 
7f706fd00000-7f706fdfe000 rw-p 00000000 00:00 0 
7f706fdfe000-7f706fe01000 ---p 00000000 00:00 0 
7f706fe01000-7f706feff000 rw-p 00000000 00:00 0 
7f706feff000-7f706ff02000 ---p 00000000 00:00 0 
7f706ff02000-7f7070000000 rw-p 00000000 00:00 0 
7f7070000000-7f7070024000 rw-p 00000000 00:00 0 
7f7070024000-7f7074000000 ---p 00000000 00:00 0 
7f7074000000-7f7074027000 rw-p 00000000 00:00 0 
7f7074027000-7f7078000000 ---p 00000000 00:00 0 
7f7078000000-7f7078021000 rw-p 00000000 00:00 0 
7f7078021000-7f707c000000 ---p 00000000 00:00 0 
7f707c000000-7f707c021000 rw-p 00000000 00:00 0 
7f707c021000-7f7080000000 ---p 00000000 00:00 0 
7f7080000000-7f708002f000 rw-p 00000000 00:00 0 
7f708002f000-7f7084000000 ---p 00000000 00:00 0 
7f7084000000-7f7084021000 rw-p 00000000 00:00 0 
7f7084021000-7f7088000000 ---p 00000000 00:00 0 
7f7088000000-7f7088021000 rw-p 00000000 00:00 0 
7f7088021000-7f708c000000 ---p 00000000 00:00 0 
7f708c000000-7f708c021000 rw-p 00000000 00:00 0 
7f708c021000-7f7090000000 ---p 00000000 00:00 0 
7f7090000000-7f7090021000 rw-p 00000000 00:00 0 
7f7090021000-7f7094000000 ---p 00000000 00:00 0 
7f7094000000-7f7094021000 rw-p 00000000 00:00 0 
7f7094021000-7f7098000000 ---p 00000000 00:00 0 
7f7098000000-7f7099569000 rw-p 00000000 00:00 0 
7f7099569000-7f709c000000 ---p 00000000 00:00 0 
7f709c000000-7f709c021000 rw-p 00000000 00:00 0 
7f709c021000-7f70a0000000 ---p 00000000 00:00 0 
7f70a0000000-7f70a0021000 rw-p 00000000 00:00 0 
7f70a0021000-7f70a4000000 ---p 00000000 00:00 0 
7f70a4000000-7f70a4021000 rw-p 00000000 00:00 0 
7f70a4021000-7f70a8000000 ---p 00000000 00:00 0 
7f70a8000000-7f70a802f000 rw-p 00000000 00:00 0 
7f70a802f000-7f70ac000000 ---p 00000000 00:00 0 
7f70ac000000-7f70ac021000 rw-p 00000000 00:00 0 
7f70ac021000-7f70b0000000 ---p 00000000 00:00 0 
7f70b0000000-7f70b006b000 rw-p 00000000 00:00 0 
7f70b006b000-7f70b4000000 ---p 00000000 00:00 0 
7f70b409e000-7f70b40a1000 ---p 00000000 00:00 0 
7f70b40a1000-7f70b419f000 rw-p 00000000 00:00 0 
7f70b419f000-7f70b41a2000 ---p 00000000 00:00 0 
7f70b41a2000-7f70b42a0000 rw-p 00000000 00:00 0 
7f70b42a0000-7f70b42a3000 ---p 00000000 00:00 0 
7f70b42a3000-7f70b42d9000 rw-p 00000000 00:00 0 
7f70b42d9000-7f70b42dc000 ---p 00000000 00:00 0 
7f70b42dc000-7f70b4312000 rw-p 00000000 00:00 0 
7f70b4312000-7f70b4315000 ---p 00000000 00:00 0 
7f70b4315000-7f70b434b000 rw-p 00000000 00:00 0 
7f70b434b000-7f70b434e000 ---p 00000000 00:00 0 
7f70b434e000-7f70b4384000 rw-p 00000000 00:00 0 
7f70b4384000-7f70b4387000 ---p 00000000 00:00 0 
7f70b4387000-7f70b4485000 rw-p 00000000 00:00 0 
7f70b4485000-7f70b4488000 ---p 00000000 00:00 0 
7f70b4488000-7f70b4586000 rw-p 00000000 00:00 0 
7f70b4586000-7f70b4589000 ---p 00000000 00:00 0 
7f70b4589000-7f70b4687000 rw-p 00000000 00:00 0 
7f70b4687000-7f70b468a000 ---p 00000000 00:00 0 
7f70b468a000-7f70b4788000 rw-p 00000000 00:00 0 
7f70b4788000-7f70b478b000 ---p 00000000 00:00 0 
7f70b478b000-7f70b4889000 rw-p 00000000 00:00 0 
7f70b4889000-7f70b488c000 ---p 00000000 00:00 0 
7f70b488c000-7f70b498a000 rw-p 00000000 00:00 0 
7f70b498a000-7f70b498d000 ---p 00000000 00:00 0 
7f70b498d000-7f70b4a8b000 rw-p 00000000 00:00 0 
7f70b4a8b000-7f70b4a8e000 ---p 00000000 00:00 0 
7f70b4a8e000-7f70b4b8c000 rw-p 00000000 00:00 0 
7f70b4b8c000-7f70b4b8f000 ---p 00000000 00:00 0 
7f70b4b8f000-7f70b4e8d000 rw-p 00000000 00:00 0 
7f70b4e8d000-7f70b4e90000 ---p 00000000 00:00 0 
7f70b4e90000-7f70b518e000 rw-p 00000000 00:00 0 
7f70b518e000-7f70b538e000 rw-p 00000000 00:00 0 
7f70b538e000-7f70b558e000 rw-p 00000000 00:00 0 
7f70b558e000-7f70b578e000 rw-p 00000000 00:00 0 
7f70b578e000-7f70b598e000 rw-p 00000000 00:00 0 
7f70b598e000-7f70b59a1000 r--s 00344000 08:01 3292692                    /home/ahmed/myData/android-studio/jre/jre/lib/resources.jar
7f70b59a1000-7f70b5ba1000 rw-p 00000000 00:00 0 
7f70b5ba1000-7f70b5da1000 rw-p 00000000 00:00 0 
7f70b5da1000-7f70b5fa1000 rw-p 00000000 00:00 0 
7f70b5fa1000-7f70b5fa4000 ---p 00000000 00:00 0 
7f70b5fa4000-7f70b62a2000 rw-p 00000000 00:00 0 
7f70b62a2000-7f70b62a3000 r--s 00001000 08:01 5251393                    /home/ahmed/.gradle/caches/jars-2/cmhx5eetujk7j30d3nllwxyrlnugzjw/annotations-25.3.3.jar
7f70b62a3000-7f70b62ab000 r--s 000a8000 08:01 5251392                    /home/ahmed/.gradle/caches/jars-2/lp0h431tl0554nh1vx6zomcvteflkp/lombok-ast-0.2.3.jar
7f70b62ab000-7f70b62bf000 r--s 000b4000 08:01 5251391                    /home/ahmed/.gradle/caches/jars-2/hgvw6szzawm3evod5l2d6iutfug31w0/uast-162.2228.14.jar
7f70b62bf000-7f70b62c1000 r--s 0000d000 08:01 5251390                    /home/ahmed/.gradle/caches/jars-2/7pwz1bowgakb1eux9ezb56jlturgsyi/commons-codec-1.4.jar
7f70b62c1000-7f70b62c3000 r--s 0000d000 08:01 5251389                    /home/ahmed/.gradle/caches/jars-2/9dj1m0eyooi5qt13735vz8fpkl3cnfy/commons-logging-1.1.1.jar
7f70b62c3000-7f70b62c8000 r--s 00028000 08:01 5251388                    /home/ahmed/.gradle/caches/jars-2/62lv0fe9b3xbqe57f6ljy5upwi7mf6k/httpcore-4.1.jar
7f70b62c8000-7f70b62cc000 r--s 0002f000 08:01 5251387                    /home/ahmed/.gradle/caches/jars-2/gsg5n52frsvw6sx0swqqe2hwijwdcf0/jimfs-1.1.jar
7f70b62cc000-7f70b62cd000 r--s 00004000 08:01 5251386                    /home/ahmed/.gradle/caches/jars-2/lxs252id0979odjrerlctkb26c2vj95/annotations-12.0.jar
7f70b62cd000-7f70b62ce000 r--s 00004000 08:01 5251385                    /home/ahmed/.gradle/caches/jars-2/9kn99dr0rulyl67sct1ephwcop56l61/asm-analysis-5.0.4.jar
7f70b62ce000-7f70b62d2000 r--s 00040000 08:01 5251384                    /home/ahmed/.gradle/caches/jars-2/ccvn7yglm4blceovs70fngoac1eyn4f/lint-api-25.3.3.jar
7f70b62d2000-7f70b62d3000 r--s 0000a000 08:01 5251383                    /home/ahmed/.gradle/caches/jars-2/nwyg9io65lv6jvmwit2wq82xnnxd7ia/kxml2-2.3.0.jar
7f70b62d3000-7f70b62d5000 r--s 00005000 08:01 5251382                    /home/ahmed/.gradle/caches/jars-2/i6hc1uuj8e9ck59slmzdyz78ydn8sr6/httpmime-4.1.jar
7f70b62d5000-7f70b62dd000 r--s 0004e000 08:01 5251381                    /home/ahmed/.gradle/caches/jars-2/7503wa5irssz0xxahv1xb82p2dl7rr2/httpclient-4.1.1.jar
7f70b62dd000-7f70b62e4000 r--s 00053000 08:01 5251380                    /home/ahmed/.gradle/caches/jars-2/jgkfvs4eqggj7qsyw1f5d3up57hanj1/commons-compress-1.8.1.jar
7f70b62e4000-7f70b62e9000 r--s 0002a000 08:01 5251379                    /home/ahmed/.gradle/caches/jars-2/je8f027qcr1z1egw08byp1ybxbp9kko/gson-2.2.4.jar
7f70b62e9000-7f70b62ee000 r--s 0002e000 08:01 5251378                    /home/ahmed/.gradle/caches/jars-2/s427p2wh0tfza0xa8qijgx107eeevyl/repository-25.3.3.jar
7f70b62ee000-7f70b62f0000 r--s 00006000 08:01 5251377                    /home/ahmed/.gradle/caches/jars-2/e2s952s6co8tps89l80r4riixwqo2oe/dvlib-25.3.3.jar
7f70b62f0000-7f70b62f2000 r--s 00013000 08:01 5251376                    /home/ahmed/.gradle/caches/jars-2/s02k517nvrh8cbp2c8dz4slqska6dj9/layoutlib-api-25.3.3.jar
7f70b62f2000-7f70b62f7000 r--s 00058000 08:01 5251375                    /home/ahmed/.gradle/caches/jars-2/st159835qgxm0l87oqrnhayxos4lc1n/asm-debug-all-5.0.1.jar
7f70b62f7000-7f70b6307000 r--s 000d5000 08:01 5251374                    /home/ahmed/.gradle/caches/jars-2/qzf32gp9kej4w4hlbabft6tplu74cj3/proguard-base-5.3.2.jar
7f70b6307000-7f70b630a000 r--s 00033000 08:01 5251373                    /home/ahmed/.gradle/caches/jars-2/nz9sndmr8b4xbj4xulkaciy5kdbyfiz/juniversalchardet-1.0.3.jar
7f70b630a000-7f70b630e000 r--s 0002a000 08:01 5251372                    /home/ahmed/.gradle/caches/jars-2/krbpn9xjn1qymukyx8cc5l799ty1v3h/commons-io-2.4.jar
7f70b630e000-7f70b6325000 r--s 00154000 08:01 5251371                    /home/ahmed/.gradle/caches/jars-2/sfeivjswzitn6n0fnjx3ueszz8gv8o1/antlr4-4.5.3.jar
7f70b6325000-7f70b6327000 r--s 00002000 08:01 5251370                    /home/ahmed/.gradle/caches/jars-2/rh2ip1x2zziz26tr3qzudtz088pqsb2/baseLibrary-2.3.3.jar
7f70b6327000-7f70b6352000 r--s 001fc000 08:01 5251369                    /home/ahmed/.gradle/caches/jars-2/nxjrjftly2xksl8o0wqgivu5netfu2x/guava-18.0.jar
7f70b6352000-7f70b6365000 r--s 00241000 08:01 5251368                    /home/ahmed/.gradle/caches/jars-2/9yuekvg4qerfitq3xec0iyckuw3hwaq/ecj-4.6.1.jar
7f70b6365000-7f70b636c000 r--s 000d9000 08:01 5251367                    /home/ahmed/.gradle/caches/jars-2/ak89aa8liqmr44u7r08njntn6oehe0z/lint-checks-25.3.3.jar
7f70b636c000-7f70b636e000 r--s 00006000 08:01 5251366                    /home/ahmed/.gradle/caches/jars-2/6phgj9ki3jl3p5epzkqoo8pr6kur40b/asm-tree-5.0.4.jar
7f70b636e000-7f70b63a1000 r--s 00203000 08:01 5251364                    /home/ahmed/.gradle/caches/jars-2/hj0bfvxu9cq7hkwmecvp0kg137or3hh/bcprov-jdk15on-1.48.jar
7f70b63a1000-7f70b63af000 r--s 00081000 08:01 5251363                    /home/ahmed/.gradle/caches/jars-2/4r7xli0tz94y0wfjrdyjxlxar3g1pb9/bcpkix-jdk15on-1.48.jar
7f70b63af000-7f70b63b1000 r--s 00002000 08:01 5251362                    /home/ahmed/.gradle/caches/jars-2/f32bh5uivuf69ecz2j8hl96ksnqdh7v/javawriter-2.5.0.jar
7f70b63b1000-7f70b63b3000 r--s 00004000 08:01 5251361                    /home/ahmed/.gradle/caches/jars-2/j6s1upogkwo00sygdsekzj4fx0i75uy/tracker-25.3.3.jar
7f70b63b3000-7f70b63b4000 r--s 00005000 08:01 5251360                    /home/ahmed/.gradle/caches/jars-2/4svya0t1s9wyo35ycd3atidsaoo6w7e/shared-25.3.3.jar
7f70b63b4000-7f70b63c2000 r--s 00147000 08:01 5251359                    /home/ahmed/.gradle/caches/jars-2/qx6695c5ocd9swxv7wqtxor3plyb4b7/protos-25.3.3.jar
7f70b63c2000-7f70b63c3000 r--s 00001000 08:01 5251358                    /home/ahmed/.gradle/caches/jars-2/bqo69msswbvaagsh45hf1tq02v21sml/jill-api-0.10.0.jar
7f70b63c3000-7f70b63c5000 r--s 00003000 08:01 5251357                    /home/ahmed/.gradle/caches/jars-2/7pldadygbci34ql8thws797g29k1uhh/jack-api-0.13.0.jar
7f70b63c5000-7f70b63cb000 r--s 0004a000 08:01 5251356                    /home/ahmed/.gradle/caches/jars-2/euoqfzf5y1sibp9ul8mcz0wovj380eo/ddmlib-25.3.3.jar
7f70b63cb000-7f70b63ce000 r--s 00022000 08:01 5251355                    /home/ahmed/.gradle/caches/jars-2/a81bg2yxzmumashablwecaj0ksz6tmj/manifest-merger-25.3.3.jar
7f70b63ce000-7f70b63d1000 r--s 0001c000 08:01 5251354                    /home/ahmed/.gradle/caches/jars-2/l6cnyee1vojrkkbpp6qwgpf30shmrja/common-25.3.3.jar
7f70b63d1000-7f70b63da000 r--s 00089000 08:01 5251353                    /home/ahmed/.gradle/caches/jars-2/m0t6h8af70sdgxvkj522jy01i14mnb8/sdk-common-25.3.3.jar
7f70b63da000-7f70b63e4000 r--s 00098000 08:01 5251352                    /home/ahmed/.gradle/caches/jars-2/28c9ykhc782k8jmlrnbnccai34hziki/sdklib-25.3.3.jar
7f70b63e4000-7f70b63e7000 r--s 00006000 08:01 5251350                    /home/ahmed/.gradle/caches/jars-2/omk02asobup8sgd6qxom3ej5bg94z2r/builder-model-2.3.3.jar
7f70b63e7000-7f70b63f6000 r--s 00130000 08:01 5251349                    /home/ahmed/.gradle/caches/jars-2/cr6zkqpx14lor9zdtmo49qpc7y8r8p4/protobuf-java-3.0.0.jar
7f70b63f6000-7f70b63f8000 r--s 0000f000 08:01 5251348                    /home/ahmed/.gradle/caches/jars-2/rvfyugrlu5tbpz51p98og0qsxamjq4k/jopt-simple-4.9.jar
7f70b63f8000-7f70b63fc000 r--s 0001f000 08:01 5251347                    /home/ahmed/.gradle/caches/jars-2/nq3fzqkrrm37ob61z4iu5qdbh368uat/org.jacoco.report-0.7.5.201505241946.jar
7f70b63fc000-7f70b6400000 r--s 0001d000 08:01 5251346                    /home/ahmed/.gradle/caches/jars-2/3kxkmcckmk40ron92zhbm0qjo9l4bkl/org.jacoco.core-0.7.5.201505241946.jar
7f70b6400000-7f70b6402000 r--s 00002000 08:01 5251345                    /home/ahmed/.gradle/caches/jars-2/m4m0pzb4gmaeh0in5g2xc4bxeuwt828/proguard-gradle-5.3.2.jar
7f70b6402000-7f70b6404000 r--s 00009000 08:01 5251344                    /home/ahmed/.gradle/caches/jars-2/ajvcvdu66lc9e3tvvipxtuq48i9bbkc/asm-commons-5.0.4.jar
7f70b6404000-7f70b6406000 r--s 0000c000 08:01 5251343                    /home/ahmed/.gradle/caches/jars-2/1laz1ygmxoc408r7nwqs1q8uk8r236d/asm-5.0.4.jar
7f70b6406000-7f70b640b000 r--s 0002c000 08:01 5251342                    /home/ahmed/.gradle/caches/jars-2/3mlasgi8oo9o7oa12526198jui9zmp2/compilerCommon-2.3.3.jar
7f70b640b000-7f70b6410000 r--s 0005e000 08:01 5251339                    /home/ahmed/.gradle/caches/jars-2/k2xtosjt0in0zj7mpwvctw6iznt93uh/lint-25.3.3.jar
7f70b6410000-7f70b6426000 r--s 00163000 08:01 5251338                    /home/ahmed/.gradle/caches/jars-2/nyg71b5n2lzymmwh5vbtmvjiby07k4g/builder-2.3.3.jar
7f70b6426000-7f70b6445000 r--s 001ca000 08:01 5251337                    /home/ahmed/.gradle/caches/jars-2/5fwyvjq1ai8mdh1mluqxidj1wo7rls8/gradle-core-2.3.3.jar
7f70b6445000-7f70b6645000 rw-p 00000000 00:00 0 
7f70b6645000-7f70b6845000 rw-p 00000000 00:00 0 
7f70b6845000-7f70b6848000 ---p 00000000 00:00 0 
7f70b6848000-7f70b6946000 rw-p 00000000 00:00 0 
7f70b6946000-7f70b6949000 ---p 00000000 00:00 0 
7f70b6949000-7f70b6b7f000 rw-p 00000000 00:00 0 
7f70b6b7f000-7f70b6d7f000 rw-p 00000000 00:00 0 
7f70b6d7f000-7f70b6f7f000 rw-p 00000000 00:00 0 
7f70b6f7f000-7f70b717f000 rw-p 00000000 00:00 0 
7f70b717f000-7f70b71f8000 r--s 010ed000 08:01 3289466                    /home/ahmed/myData/android-studio/jre/lib/tools.jar
7f70b71f8000-7f70b73f8000 rw-p 00000000 00:00 0 
7f70b73f8000-7f70b73fb000 ---p 00000000 00:00 0 
7f70b73fb000-7f70b74f9000 rw-p 00000000 00:00 0 
7f70b74f9000-7f70b74fc000 ---p 00000000 00:00 0 
7f70b74fc000-7f70b75fa000 rw-p 00000000 00:00 0 
7f70b75fa000-7f70b75fd000 ---p 00000000 00:00 0 
7f70b75fd000-7f70b76fb000 rw-p 00000000 00:00 0 
7f70b76fb000-7f70b76fe000 ---p 00000000 00:00 0 
7f70b76fe000-7f70b77fc000 rw-p 00000000 00:00 0 
7f70b77fc000-7f70b77ff000 ---p 00000000 00:00 0 
7f70b77ff000-7f70b7afd000 rw-p 00000000 00:00 0 
7f70b7afd000-7f70b7b00000 ---p 00000000 00:00 0 
7f70b7b00000-7f70b7bfe000 rw-p 00000000 00:00 0 
7f70b7bfe000-7f70b7c01000 ---p 00000000 00:00 0 
7f70b7c01000-7f70b7eff000 rw-p 00000000 00:00 0 
7f70b7eff000-7f70b7f02000 ---p 00000000 00:00 0 
7f70b7f02000-7f70b8000000 rw-p 00000000 00:00 0 
7f70b8000000-7f70b8021000 rw-p 00000000 00:00 0 
7f70b8021000-7f70bc000000 ---p 00000000 00:00 0 
7f70bc000000-7f70bc021000 rw-p 00000000 00:00 0 
7f70bc021000-7f70c0000000 ---p 00000000 00:00 0 
7f70c0000000-7f70c1bed000 rw-p 00000000 00:00 0 
7f70c1bed000-7f70c4000000 ---p 00000000 00:00 0 
7f70c4000000-7f70c4e68000 rw-p 00000000 00:00 0 
7f70c4e68000-7f70c8000000 ---p 00000000 00:00 0 
7f70c8000000-7f70c8021000 rw-p 00000000 00:00 0 
7f70c8021000-7f70cc000000 ---p 00000000 00:00 0 
7f70cc000000-7f70ce191000 rw-p 00000000 00:00 0 
7f70ce191000-7f70d0000000 ---p 00000000 00:00 0 
7f70d0000000-7f70d0021000 rw-p 00000000 00:00 0 
7f70d0021000-7f70d4000000 ---p 00000000 00:00 0 
7f70d4000000-7f70d4021000 rw-p 00000000 00:00 0 
7f70d4021000-7f70d8000000 ---p 00000000 00:00 0 
7f70d8000000-7f70d8034000 rw-p 00000000 00:00 0 
7f70d8034000-7f70dc000000 ---p 00000000 00:00 0 
7f70dc000000-7f70dc2af000 rw-p 00000000 00:00 0 
7f70dc2af000-7f70e0000000 ---p 00000000 00:00 0 
7f70e0000000-7f70e0001000 r--s 00002000 08:01 5251351                    /home/ahmed/.gradle/caches/jars-2/4dod7a1p5hoai4v37pxbcg65bbahvg2/builder-test-api-2.3.3.jar
7f70e0001000-7f70e0002000 r--s 00002000 08:01 5251341                    /home/ahmed/.gradle/caches/jars-2/73l309uzm0ila7rdaaxteq0ng4ayf2y/gradle-api-2.3.3.jar
7f70e0002000-7f70e0003000 r--s 00000000 08:01 5251340                    /home/ahmed/.gradle/caches/jars-2/tlyajppf8woug00g686fx5mchf8iv3o/transform-api-2.0.0-deprecated-use-gradle-api.jar
7f70e0003000-7f70e0005000 r--s 0000d000 08:01 5251336                    /home/ahmed/.gradle/caches/jars-2/mel54vauze7hczg2p6nebauqz8s53sj/gradle-2.3.3.jar
7f70e0005000-7f70e0006000 r--p 00000000 00:00 0 
7f70e0006000-7f70e000d000 r--s 00000000 08:01 3293569                    /usr/lib/x86_64-linux-gnu/gconv/gconv-modules.cache
7f70e000d000-7f70e0016000 r-xp 00000000 08:01 3296886                    /home/ahmed/myData/android-studio/jre/jre/lib/amd64/libmanagement.so
7f70e0016000-7f70e0215000 ---p 00009000 08:01 3296886                    /home/ahmed/myData/android-studio/jre/jre/lib/amd64/libmanagement.so
7f70e0215000-7f70e0216000 r--p 00008000 08:01 3296886                    /home/ahmed/myData/android-studio/jre/jre/lib/amd64/libmanagement.so
7f70e0216000-7f70e0217000 rw-p 00009000 08:01 3296886                    /home/ahmed/myData/android-studio/jre/jre/lib/amd64/libmanagement.so
7f70e0217000-7f70e021c000 r--s 00098000 08:01 3289580                    /home/ahmed/myData/android-studio/jre/jre/lib/jsse.jar
7f70e021c000-7f70e021e000 r--s 00007000 08:01 4456627                    /home/ahmed/.gradle/wrapper/dists/gradle-3.3-all/55gk2rcmfc6p2dg9u9ohc3hw9/gradle-3.3/lib/plugins/gradle-tooling-api-builders-3.3.jar
7f70e021e000-7f70e0221000 r--s 00009000 08:01 4456620                    /home/ahmed/.gradle/wrapper/dists/gradle-3.3-all/55gk2rcmfc6p2dg9u9ohc3hw9/gradle-3.3/lib/plugins/gradle-testing-native-3.3.jar
7f70e0221000-7f70e0227000 r--s 00033000 08:01 4456695                    /home/ahmed/.gradle/wrapper/dists/gradle-3.3-all/55gk2rcmfc6p2dg9u9ohc3hw9/gradle-3.3/lib/plugins/snakeyaml-1.6.jar
7f70e0227000-7f70e0229000 r--s 00006000 08:01 4456694                    /home/ahmed/.gradle/wrapper/dists/gradle-3.3-all/55gk2rcmfc6p2dg9u9ohc3hw9/gradle-3.3/lib/plugins/jcommander-1.12.jar
7f70e0229000-7f70e022e000 r--s 00040000 08:01 4456693                    /home/ahmed/.gradle/wrapper/dists/gradle-3.3-all/55gk2rcmfc6p2dg9u9ohc3hw9/gradle-3.3/lib/plugins/bsh-2.0b4.jar
7f70e022e000-7f70e0230000 r--s 00009000 08:01 4456701                    /home/ahmed/.gradle/wrapper/dists/gradle-3.3-all/55gk2rcmfc6p2dg9u9ohc3hw9/gradle-3.3/lib/plugins/hamcrest-core-1.3.jar
7f70e0230000-7f70e0239000 r--s 00089000 08:01 4456652                    /home/ahmed/.gradle/wrapper/dists/gradle-3.3-all/55gk2rcmfc6p2dg9u9ohc3hw9/gradle-3.3/lib/plugins/testng-6.3.1.jar
7f70e0239000-7f70e0241000 r--s 00045000 08:01 4456651                    /home/ahmed/.gradle/wrapper/dists/gradle-3.3-all/55gk2rcmfc6p2dg9u9ohc3hw9/gradle-3.3/lib/plugins/junit-4.12.jar
7f70e0241000-7f70e0247000 r--s 0002e000 08:01 4456621                    /home/ahmed/.gradle/wrapper/dists/gradle-3.3-all/55gk2rcmfc6p2dg9u9ohc3hw9/gradle-3.3/lib/plugins/gradle-testing-jvm-3.3.jar
7f70e0247000-7f70e024b000 r--s 00016000 08:01 4456619                    /home/ahmed/.gradle/wrapper/dists/gradle-3.3-all/55gk2rcmfc6p2dg9u9ohc3hw9/gradle-3.3/lib/plugins/gradle-testing-base-3.3.jar
7f70e024b000-7f70e0252000 r--s 00038000 08:01 4456646                    /home/ahmed/.gradle/wrapper/dists/gradle-3.3-all/55gk2rcmfc6p2dg9u9ohc3hw9/gradle-3.3/lib/plugins/bcpg-jdk15on-1.51.jar
7f70e0252000-7f70e0254000 r--s 0000c000 08:01 4456598                    /home/ahmed/.gradle/wrapper/dists/gradle-3.3-all/55gk2rcmfc6p2dg9u9ohc3hw9/gradle-3.3/lib/plugins/gradle-signing-3.3.jar
7f70e0254000-7f70e0256000 r--s 00007000 08:01 4456597                    /home/ahmed/.gradle/wrapper/dists/gradle-3.3-all/55gk2rcmfc6p2dg9u9ohc3hw9/gradle-3.3/lib/plugins/gradle-scala-3.3.jar
7f70e0256000-7f70e0257000 r--s 00004000 08:01 4456625                    /home/ahmed/.gradle/wrapper/dists/gradle-3.3-all/55gk2rcmfc6p2dg9u9ohc3hw9/gradle-3.3/lib/plugins/gradle-resources-sftp-3.3.jar
7f70e0257000-7f70e0267000 r--s 00088000 08:01 4456662                    /home/ahmed/.gradle/wrapper/dists/gradle-3.3-all/55gk2rcmfc6p2dg9u9ohc3hw9/gradle-3.3/lib/plugins/joda-time-2.8.2.jar
7f70e0267000-7f70e0278000 r--s 0010d000 08:01 4456661                    /home/ahmed/.gradle/wrapper/dists/gradle-3.3-all/55gk2rcmfc6p2dg9u9ohc3hw9/gradle-3.3/lib/plugins/jackson-databind-2.6.6.jar
7f70e0278000-7f70e027b000 r--s 00009000 08:01 4456660                    /home/ahmed/.gradle/wrapper/dists/gradle-3.3-all/55gk2rcmfc6p2dg9u9ohc3hw9/gradle-3.3/lib/plugins/jackson-annotations-2.6.6.jar
7f70e027b000-7f70e027f000 r--s 0003c000 08:01 4456659                    /home/ahmed/.gradle/wrapper/dists/gradle-3.3-all/55gk2rcmfc6p2dg9u9ohc3hw9/gradle-3.3/lib/plugins/jackson-core-2.6.6.jar
7f70e027f000-7f70e028d000 r--s 00087000 08:01 4456658                    /home/ahmed/.gradle/wrapper/dists/gradle-3.3-all/55gk2rcmfc6p2dg9u9ohc3hw9/gradle-3.3/lib/plugins/aws-java-sdk-core-1.11.6.jar
7f70e028d000-7f70e0294000 r--s 00057000 08:01 4456657                    /home/ahmed/.gradle/wrapper/dists/gradle-3.3-all/55gk2rcmfc6p2dg9u9ohc3hw9/gradle-3.3/lib/plugins/aws-java-sdk-kms-1.11.6.jar
7f70e0294000-7f70e02a1000 r--s 0008e000 08:01 4456656                    /home/ahmed/.gradle/wrapper/dists/gradle-3.3-all/55gk2rcmfc6p2dg9u9ohc3hw9/gradle-3.3/lib/plugins/aws-java-sdk-s3-1.11.6.jar
7f70e02a1000-7f70e02a3000 r--s 00004000 08:01 4456626                    /home/ahmed/.gradle/wrapper/dists/gradle-3.3-all/55gk2rcmfc6p2dg9u9ohc3hw9/gradle-3.3/lib/plugins/gradle-resources-s3-3.3.jar
7f70e02a3000-7f70e02a5000 r--s 00005000 08:01 4456650                    /home/ahmed/.gradle/wrapper/dists/gradle-3.3-all/55gk2rcmfc6p2dg9u9ohc3hw9/gradle-3.3/lib/plugins/jatl-0.2.2.jar
7f70e02a5000-7f70e02a7000 r--s 0000f000 08:01 4456603                    /home/ahmed/.gradle/wrapper/dists/gradle-3.3-all/55gk2rcmfc6p2dg9u9ohc3hw9/gradle-3.3/lib/plugins/gradle-reporting-3.3.jar
7f70e02a7000-7f70e02a9000 r--s 00002000 08:01 4456604                    /home/ahmed/.gradle/wrapper/dists/gradle-3.3-all/55gk2rcmfc6p2dg9u9ohc3hw9/gradle-3.3/lib/plugins/gradle-publish-3.3.jar
7f70e02a9000-7f70e02ab000 r--s 00009000 08:01 4456633                    /home/ahmed/.gradle/wrapper/dists/gradle-3.3-all/55gk2rcmfc6p2dg9u9ohc3hw9/gradle-3.3/lib/plugins/commons-cli-1.2.jar
7f70e02ab000-7f70e02b1000 r--s 00031000 08:01 4456589                    /home/ahmed/.gradle/wrapper/dists/gradle-3.3-all/55gk2rcmfc6p2dg9u9ohc3hw9/gradle-3.3/lib/plugins/gradle-plugins-3.3.jar
7f70e02b1000-7f70e02b3000 r--s 00009000 08:01 4456622                    /home/ahmed/.gradle/wrapper/dists/gradle-3.3-all/55gk2rcmfc6p2dg9u9ohc3hw9/gradle-3.3/lib/plugins/gradle-plugin-development-3.3.jar
7f70e02b3000-7f70e02b9000 r--s 0002b000 08:01 4456615                    /home/ahmed/.gradle/wrapper/dists/gradle-3.3-all/55gk2rcmfc6p2dg9u9ohc3hw9/gradle-3.3/lib/plugins/gradle-platform-play-3.3.jar
7f70e02b9000-7f70e02c7000 r--s 00055000 08:01 4456614                    /home/ahmed/.gradle/wrapper/dists/gradle-3.3-all/55gk2rcmfc6p2dg9u9ohc3hw9/gradle-3.3/lib/plugins/gradle-platform-native-3.3.jar
7f70e02c7000-7f70e02cc000 r--s 0001f000 08:01 4456609                    /home/ahmed/.gradle/wrapper/dists/gradle-3.3-all/55gk2rcmfc6p2dg9u9ohc3hw9/gradle-3.3/lib/plugins/gradle-platform-jvm-3.3.jar
7f70e02cc000-7f70e02d4000 r--s 00027000 08:01 4456608                    /home/ahmed/.gradle/wrapper/dists/gradle-3.3-all/55gk2rcmfc6p2dg9u9ohc3hw9/gradle-3.3/lib/plugins/gradle-platform-base-3.3.jar
7f70e02d4000-7f70e02fc000 r--s 0021c000 08:01 4456641                    /home/ahmed/.gradle/wrapper/dists/gradle-3.3-all/55gk2rcmfc6p2dg9u9ohc3hw9/gradle-3.3/lib/plugins/biz.aQute.bndlib-3.2.0.jar
7f70e02fc000-7f70e02fe000 r--s 00003000 08:01 4456593                    /home/ahmed/.gradle/wrapper/dists/gradle-3.3-all/55gk2rcmfc6p2dg9u9ohc3hw9/gradle-3.3/lib/plugins/gradle-osgi-3.3.jar
7f70e02fe000-7f70e0301000 r--s 0000c000 08:01 4456644                    /home/ahmed/.gradle/wrapper/dists/gradle-3.3-all/55gk2rcmfc6p2dg9u9ohc3hw9/gradle-3.3/lib/plugins/pmaven-groovy-0.8-20100325.jar
7f70e0301000-7f70e0302000 r--s 00004000 08:01 4456643                    /home/ahmed/.gradle/wrapper/dists/gradle-3.3-all/55gk2rcmfc6p2dg9u9ohc3hw9/gradle-3.3/lib/plugins/pmaven-common-0.8-20100325.jar
7f70e0302000-7f70e0308000 r--s 00023000 08:01 4456594                    /home/ahmed/.gradle/wrapper/dists/gradle-3.3-all/55gk2rcmfc6p2dg9u9ohc3hw9/gradle-3.3/lib/plugins/gradle-maven-3.3.jar
7f70e0308000-7f70e030b000 r--s 0000b000 08:01 4456613                    /home/ahmed/.gradle/wrapper/dists/gradle-3.3-all/55gk2rcmfc6p2dg9u9ohc3hw9/gradle-3.3/lib/plugins/gradle-language-scala-3.3.jar
7f70e030b000-7f70e0311000 r--s 0001a000 08:01 4456617                    /home/ahmed/.gradle/wrapper/dists/gradle-3.3-all/55gk2rcmfc6p2dg9u9ohc3hw9/gradle-3.3/lib/plugins/gradle-language-native-3.3.jar
7f70e0311000-7f70e0314000 r--s 00005000 08:01 4456610                    /home/ahmed/.gradle/wrapper/dists/gradle-3.3-all/55gk2rcmfc6p2dg9u9ohc3hw9/gradle-3.3/lib/plugins/gradle-language-jvm-3.3.jar
7f70e0314000-7f70e031a000 r--s 00027000 08:01 4456611                    /home/ahmed/.gradle/wrapper/dists/gradle-3.3-all/55gk2rcmfc6p2dg9u9ohc3hw9/gradle-3.3/lib/plugins/gradle-language-java-3.3.jar
7f70e031a000-7f70e031c000 r--s 0000a000 08:01 4456612                    /home/ahmed/.gradle/wrapper/dists/gradle-3.3-all/55gk2rcmfc6p2dg9u9ohc3hw9/gradle-3.3/lib/plugins/gradle-language-groovy-3.3.jar
7f70e031c000-7f70e033f000 r--s 00344000 08:01 4456667                    /home/ahmed/.gradle/wrapper/dists/gradle-3.3-all/55gk2rcmfc6p2dg9u9ohc3hw9/gradle-3.3/lib/plugins/core-3.1.1.jar
7f70e033f000-7f70e0350000 r--s 000ea000 08:01 4456638                    /home/ahmed/.gradle/wrapper/dists/gradle-3.3-all/55gk2rcmfc6p2dg9u9ohc3hw9/gradle-3.3/lib/plugins/jsp-2.1-6.1.14.jar
7f70e0350000-7f70e0366000 r-xp 00000000 08:01 7996426                    /lib/x86_64-linux-gnu/libgcc_s.so.1
7f70e0366000-7f70e0565000 ---p 00016000 08:01 7996426                    /lib/x86_64-linux-gnu/libgcc_s.so.1
7f70e0565000-7f70e0566000 rw-p 00015000 08:01 7996426                    /lib/x86_64-linux-gnu/libgcc_s.so.1
7f70e0566000-7f70e06d8000 r-xp 00000000 08:01 2892555                    /usr/lib/x86_64-linux-gnu/libstdc++.so.6.0.21
7f70e06d8000-7f70e08d8000 ---p 00172000 08:01 2892555                    /usr/lib/x86_64-linux-gnu/libstdc++.so.6.0.21
7f70e08d8000-7f70e08e2000 r--p 00172000 08:01 2892555                    /usr/lib/x86_64-linux-gnu/libstdc++.so.6.0.21
7f70e08e2000-7f70e08e4000 rw-p 0017c000 08:01 2892555                    /usr/lib/x86_64-linux-gnu/libstdc++.so.6.0.21
7f70e08e4000-7f70e08e8000 rw-p 00000000 00:00 0 
7f70e08e8000-7f70e08ed000 r-xp 00000000 08:01 4597518                    /home/ahmed/.gradle/native/23/linux-amd64/libnative-platform.so
7f70e08ed000-7f70e0aec000 ---p 00005000 08:01 4597518                    /home/ahmed/.gradle/native/23/linux-amd64/libnative-platform.so
7f70e0aec000-7f70e0aed000 rw-p 00004000 08:01 4597518                    /home/ahmed/.gradle/native/23/linux-amd64/libnative-platform.so
7f70e0aed000-7f70e0afe000 r-xp 00000000 08:01 3289795                    /home/ahmed/myData/android-studio/jre/jre/lib/amd64/libnio.so
7f70e0afe000-7f70e0cfd000 ---p 00011000 08:01 3289795                    /home/ahmed/myData/android-studio/jre/jre/lib/amd64/libnio.so
7f70e0cfd000-7f70e0cfe000 r--p 00010000 08:01 3289795                    /home/ahmed/myData/android-studio/jre/jre/lib/amd64/libnio.so
7f70e0cfe000-7f70e0cff000 rw-p 00011000 08:01 3289795                    /home/ahmed/myData/android-studio/jre/jre/lib/amd64/libnio.so
7f70e0cff000-7f70e4000000 rw-p 00000000 00:00 0 
7f70e4000000-7f70e404c000 rw-p 00000000 00:00 0 
7f70e404c000-7f70e8000000 ---p 00000000 00:00 0 
7f70e8000000-7f70e8026000 rw-p 00000000 00:00 0 
7f70e8026000-7f70ec000000 ---p 00000000 00:00 0 
7f70ec000000-7f70ec021000 rw-p 00000000 00:00 0 
7f70ec021000-7f70f0000000 ---p 00000000 00:00 0 
7f70f0000000-7f70f0003000 r--s 0001e000 08:01 4456668                    /home/ahmed/.gradle/wrapper/dists/gradle-3.3-all/55gk2rcmfc6p2dg9u9ohc3hw9/gradle-3.3/lib/plugins/jsp-api-2.1-6.1.14.jar
7f70f0003000-7f70f0004000 r--s 00006000 08:01 4456666                    /home/ahmed/.gradle/wrapper/dists/gradle-3.3-all/55gk2rcmfc6p2dg9u9ohc3hw9/gradle-3.3/lib/plugins/jetty-naming-6.1.26.jar
7f70f0004000-7f70f0005000 r--s 00002000 08:01 4456640                    /home/ahmed/.gradle/wrapper/dists/gradle-3.3-all/55gk2rcmfc6p2dg9u9ohc3hw9/gradle-3.3/lib/plugins/geronimo-annotation_1.0_spec-1.0.jar
7f70f0005000-7f70f0007000 r--s 00002000 08:01 4456639                    /home/ahmed/.gradle/wrapper/dists/gradle-3.3-all/55gk2rcmfc6p2dg9u9ohc3hw9/gradle-3.3/lib/plugins/jetty-annotations-6.1.26.jar
7f70f0007000-7f70f0009000 r--s 0000d000 08:01 4456637                    /home/ahmed/.gradle/wrapper/dists/gradle-3.3-all/55gk2rcmfc6p2dg9u9ohc3hw9/gradle-3.3/lib/plugins/jetty-plus-6.1.26.jar
7f70f0009000-7f70f000b000 r--s 0001f000 08:01 4456636                    /home/ahmed/.gradle/wrapper/dists/gradle-3.3-all/55gk2rcmfc6p2dg9u9ohc3hw9/gradle-3.3/lib/plugins/servlet-api-2.5-20081211.jar
7f70f000b000-7f70f000f000 r--s 00028000 08:01 4456635                    /home/ahmed/.gradle/wrapper/dists/gradle-3.3-all/55gk2rcmfc6p2dg9u9ohc3hw9/gradle-3.3/lib/plugins/jetty-util-6.1.26.jar
7f70f000f000-7f70f0016000 r--s 0007d000 08:01 4456634                    /home/ahmed/.gradle/wrapper/dists/gradle-3.3-all/55gk2rcmfc6p2dg9u9ohc3hw9/gradle-3.3/lib/plugins/jetty-6.1.26.jar
7f70f0016000-7f70f0018000 r--s 0000a000 08:01 4456591                    /home/ahmed/.gradle/wrapper/dists/gradle-3.3-all/55gk2rcmfc6p2dg9u9ohc3hw9/gradle-3.3/lib/plugins/gradle-jetty-3.3.jar
7f70f0018000-7f70f001f000 r--s 00035000 08:01 4456649                    /home/ahmed/.gradle/wrapper/dists/gradle-3.3-all/55gk2rcmfc6p2dg9u9ohc3hw9/gradle-3.3/lib/plugins/simple-4.1.21.jar
7f70f001f000-7f70f002b000 r--s 00100000 08:01 4456647                    /home/ahmed/.gradle/wrapper/dists/gradle-3.3-all/55gk2rcmfc6p2dg9u9ohc3hw9/gradle-3.3/lib/plugins/rhino-1.7R3.jar
7f70f002b000-7f70f002f000 r--s 00012000 08:01 4456600                    /home/ahmed/.gradle/wrapper/dists/gradle-3.3-all/55gk2rcmfc6p2dg9u9ohc3hw9/gradle-3.3/lib/plugins/gradle-javascript-3.3.jar
7f70f002f000-7f70f0031000 r--s 0000d000 08:01 4456606                    /home/ahmed/.gradle/wrapper/dists/gradle-3.3-all/55gk2rcmfc6p2dg9u9ohc3hw9/gradle-3.3/lib/plugins/gradle-jacoco-3.3.jar
7f70f0031000-7f70f0034000 r--s 0000e000 08:01 4456605                    /home/ahmed/.gradle/wrapper/dists/gradle-3.3-all/55gk2rcmfc6p2dg9u9ohc3hw9/gradle-3.3/lib/plugins/gradle-ivy-3.3.jar
7f70f0034000-7f70f0035000 r--s 00002000 08:01 4456616                    /home/ahmed/.gradle/wrapper/dists/gradle-3.3-all/55gk2rcmfc6p2dg9u9ohc3hw9/gradle-3.3/lib/plugins/gradle-ide-play-3.3.jar
7f70f0035000-7f70f0038000 r--s 00013000 08:01 4456618                    /home/ahmed/.gradle/wrapper/dists/gradle-3.3-all/55gk2rcmfc6p2dg9u9ohc3hw9/gradle-3.3/lib/plugins/gradle-ide-native-3.3.jar
7f70f0038000-7f70f0041000 r--s 00055000 08:01 4456595                    /home/ahmed/.gradle/wrapper/dists/gradle-3.3-all/55gk2rcmfc6p2dg9u9ohc3hw9/gradle-3.3/lib/plugins/gradle-ide-3.3.jar
7f70f0041000-7f70f0043000 r--s 00007000 08:01 4456599                    /home/ahmed/.gradle/wrapper/dists/gradle-3.3-all/55gk2rcmfc6p2dg9u9ohc3hw9/gradle-3.3/lib/plugins/gradle-ear-3.3.jar
7f70f0043000-7f70f0049000 r--s 00039000 08:01 4456602                    /home/ahmed/.gradle/wrapper/dists/gradle-3.3-all/55gk2rcmfc6p2dg9u9ohc3hw9/gradle-3.3/lib/plugins/gradle-diagnostics-3.3.jar
7f70f0049000-7f70f004a000 r--s 00009000 08:01 4456628                    /home/ahmed/.gradle/wrapper/dists/gradle-3.3-all/55gk2rcmfc6p2dg9u9ohc3hw9/gradle-3.3/lib/plugins/gradle-composite-builds-3.3.jar
7f70f004a000-7f70f004e000 r--s 00023000 08:01 4456590                    /home/ahmed/.gradle/wrapper/dists/gradle-3.3-all/55gk2rcmfc6p2dg9u9ohc3hw9/gradle-3.3/lib/plugins/gradle-code-quality-3.3.jar
7f70f004e000-7f70f0052000 r--s 00022000 08:01 4456607                    /home/ahmed/.gradle/wrapper/dists/gradle-3.3-all/55gk2rcmfc6p2dg9u9ohc3hw9/gradle-3.3/lib/plugins/gradle-build-init-3.3.jar
7f70f0052000-7f70f0058000 r--s 0008e000 08:01 4456601                    /home/ahmed/.gradle/wrapper/dists/gradle-3.3-all/55gk2rcmfc6p2dg9u9ohc3hw9/gradle-3.3/lib/plugins/gradle-build-comparison-3.3.jar
7f70f0058000-7f70f0059000 r--s 00001000 08:01 4456629                    /home/ahmed/.gradle/wrapper/dists/gradle-3.3-all/55gk2rcmfc6p2dg9u9ohc3hw9/gradle-3.3/lib/plugins/gradle-build-cache-http-3.3.jar
7f70f0059000-7f70f005b000 r--s 00008000 08:01 4456592                    /home/ahmed/.gradle/wrapper/dists/gradle-3.3-all/55gk2rcmfc6p2dg9u9ohc3hw9/gradle-3.3/lib/plugins/gradle-antlr-3.3.jar
7f70f005b000-7f70f005d000 r--s 00004000 08:01 4456596                    /home/ahmed/.gradle/wrapper/dists/gradle-3.3-all/55gk2rcmfc6p2dg9u9ohc3hw9/gradle-3.3/lib/plugins/gradle-announce-3.3.jar
7f70f005d000-7f70f0075000 r--s 00115000 08:01 4456698                    /home/ahmed/.gradle/wrapper/dists/gradle-3.3-all/55gk2rcmfc6p2dg9u9ohc3hw9/gradle-3.3/lib/plugins/xercesImpl-2.9.1.jar
7f70f0075000-7f70f007d000 r--s 00028000 08:01 4456699                    /home/ahmed/.gradle/wrapper/dists/gradle-3.3-all/55gk2rcmfc6p2dg9u9ohc3hw9/gradle-3.3/lib/plugins/xml-apis-1.3.04.jar
7f70f007d000-7f70f0083000 r--s 0005b000 08:01 4456697                    /home/ahmed/.gradle/wrapper/dists/gradle-3.3-all/55gk2rcmfc6p2dg9u9ohc3hw9/gradle-3.3/lib/plugins/jcifs-1.3.17.jar
7f70f0083000-7f70f0089000 r--s 00033000 08:01 4456645                    /home/ahmed/.gradle/wrapper/dists/gradle-3.3-all/55gk2rcmfc6p2dg9u9ohc3hw9/gradle-3.3/lib/plugins/commons-codec-1.6.jar
7f70f0089000-7f70f0090000 r--s 00049000 08:01 4456696                    /home/ahmed/.gradle/wrapper/dists/gradle-3.3-all/55gk2rcmfc6p2dg9u9ohc3hw9/gradle-3.3/lib/plugins/httpcore-4.4.4.jar
7f70f0090000-7f70f0093000 r--s 0001c000 08:01 4456654                    /home/ahmed/.gradle/wrapper/dists/gradle-3.3-all/55gk2rcmfc6p2dg9u9ohc3hw9/gradle-3.3/lib/plugins/nekohtml-1.9.14.jar
7f70f0093000-7f70f00a0000 r--s 000a4000 08:01 4456653                    /home/ahmed/.gradle/wrapper/dists/gradle-3.3-all/55gk2rcmfc6p2dg9u9ohc3hw9/gradle-3.3/lib/plugins/httpclient-4.4.1.jar
7f70f00a0000-7f70f00a3000 r--s 0000a000 08:01 4456624                    /home/ahmed/.gradle/wrapper/dists/gradle-3.3-all/55gk2rcmfc6p2dg9u9ohc3hw9/gradle-3.3/lib/plugins/gradle-resources-http-3.3.jar
7f70f00a3000-7f70f00a7000 r--s 00015000 08:01 4456623                    /home/ahmed/.gradle/wrapper/dists/gradle-3.3-all/55gk2rcmfc6p2dg9u9ohc3hw9/gradle-3.3/lib/plugins/gradle-plugin-use-3.3.jar
7f70f00a7000-7f70f00a8000 r--s 00000000 08:01 4456536                    /home/ahmed/.gradle/wrapper/dists/gradle-3.3-all/55gk2rcmfc6p2dg9u9ohc3hw9/gradle-3.3/lib/gradle-installation-beacon-3.3.jar
7f70f00a8000-7f70f00aa000 r--s 00006000 08:01 4456692                    /home/ahmed/.gradle/wrapper/dists/gradle-3.3-all/55gk2rcmfc6p2dg9u9ohc3hw9/gradle-3.3/lib/plugins/aether-connector-wagon-1.13.1.jar
7f70f00aa000-7f70f00ae000 r--s 0001c000 08:01 4456691                    /home/ahmed/.gradle/wrapper/dists/gradle-3.3-all/55gk2rcmfc6p2dg9u9ohc3hw9/gradle-3.3/lib/plugins/aether-util-1.13.1.jar
7f70f00ae000-7f70f00af000 r--s 00003000 08:01 4456690                    /home/ahmed/.gradle/wrapper/dists/gradle-3.3-all/55gk2rcmfc6p2dg9u9ohc3hw9/gradle-3.3/lib/plugins/aether-spi-1.13.1.jar
7f70f00af000-7f70f00b2000 r--s 0001d000 08:01 4456689                    /home/ahmed/.gradle/wrapper/dists/gradle-3.3-all/55gk2rcmfc6p2dg9u9ohc3hw9/gradle-3.3/lib/plugins/aether-impl-1.13.1.jar
7f70f00b2000-7f70f00b5000 r--s 00013000 08:01 4456688                    /home/ahmed/.gradle/wrapper/dists/gradle-3.3-all/55gk2rcmfc6p2dg9u9ohc3hw9/gradle-3.3/lib/plugins/aether-api-1.13.1.jar
7f70f00b5000-7f70f00b6000 r--s 00007000 08:01 4456687                    /home/ahmed/.gradle/wrapper/dists/gradle-3.3-all/55gk2rcmfc6p2dg9u9ohc3hw9/gradle-3.3/lib/plugins/wagon-http-shared4-2.4.jar
7f70f00b6000-7f70f00b8000 r--s 0000b000 08:01 4456686                    /home/ahmed/.gradle/wrapper/dists/gradle-3.3-all/55gk2rcmfc6p2dg9u9ohc3hw9/gradle-3.3/lib/plugins/wagon-provider-api-2.4.jar
7f70f00b8000-7f70f00b9000 r--s 00002000 08:01 4456685                    /home/ahmed/.gradle/wrapper/dists/gradle-3.3-all/55gk2rcmfc6p2dg9u9ohc3hw9/gradle-3.3/lib/plugins/wagon-http-2.4.jar
7f70f00b9000-7f70f00ba000 r--s 00002000 08:01 4456684                    /home/ahmed/.gradle/wrapper/dists/gradle-3.3-all/55gk2rcmfc6p2dg9u9ohc3hw9/gradle-3.3/lib/plugins/wagon-file-2.4.jar
7f70f00ba000-7f70f00bc000 r--s 0000c000 08:01 4456683                    /home/ahmed/.gradle/wrapper/dists/gradle-3.3-all/55gk2rcmfc6p2dg9u9ohc3hw9/gradle-3.3/lib/plugins/maven-aether-provider-3.0.4.jar
7f70f00bc000-7f70f00be000 r--s 0000b000 08:01 4456682                    /home/ahmed/.gradle/wrapper/dists/gradle-3.3-all/55gk2rcmfc6p2dg9u9ohc3hw9/gradle-3.3/lib/plugins/maven-plugin-api-3.0.4.jar
7f70f00be000-7f70f00c0000 r--s 00006000 08:01 4456681                    /home/ahmed/.gradle/wrapper/dists/gradle-3.3-all/55gk2rcmfc6p2dg9u9ohc3hw9/gradle-3.3/lib/plugins/maven-repository-metadata-3.0.4.jar
7f70f00c0000-7f70f00c2000 r--s 0000b000 08:01 4456680                    /home/ahmed/.gradle/wrapper/dists/gradle-3.3-all/55gk2rcmfc6p2dg9u9ohc3hw9/gradle-3.3/lib/plugins/maven-artifact-3.0.4.jar
7f70f00c2000-7f70f00c4000 r--s 00026000 08:01 4456679                    /home/ahmed/.gradle/wrapper/dists/gradle-3.3-all/55gk2rcmfc6p2dg9u9ohc3hw9/gradle-3.3/lib/plugins/maven-model-3.0.4.jar
7f70f00c4000-7f70f00c8000 r--s 00021000 08:01 4456678                    /home/ahmed/.gradle/wrapper/dists/gradle-3.3-all/55gk2rcmfc6p2dg9u9ohc3hw9/gradle-3.3/lib/plugins/maven-model-builder-3.0.4.jar
7f70f00c8000-7f70f00ce000 r--s 0003f000 08:01 4456677                    /home/ahmed/.gradle/wrapper/dists/gradle-3.3-all/55gk2rcmfc6p2dg9u9ohc3hw9/gradle-3.3/lib/plugins/maven-compat-3.0.4.jar
7f70f00ce000-7f70f00cf000 r--s 00006000 08:01 4456676                    /home/ahmed/.gradle/wrapper/dists/gradle-3.3-all/55gk2rcmfc6p2dg9u9ohc3hw9/gradle-3.3/lib/plugins/plexus-sec-dispatcher-1.3.jar
7f70f00cf000-7f70f00d1000 r--s 00002000 08:01 4456675                    /home/ahmed/.gradle/wrapper/dists/gradle-3.3-all/55gk2rcmfc6p2dg9u9ohc3hw9/gradle-3.3/lib/plugins/plexus-cipher-1.7.jar
7f70f00d1000-7f70f00d3000 r--s 0000a000 08:01 4456674                    /home/ahmed/.gradle/wrapper/dists/gradle-3.3-all/55gk2rcmfc6p2dg9u9ohc3hw9/gradle-3.3/lib/plugins/plexus-classworlds-2.4.jar
7f70f00d3000-7f70f00da000 r--s 0002e000 08:01 4456673                    /home/ahmed/.gradle/wrapper/dists/gradle-3.3-all/55gk2rcmfc6p2dg9u9ohc3hw9/gradle-3.3/lib/plugins/plexus-container-default-1.5.5.jar
7f70f00da000-7f70f00dc000 r--s 00000000 08:01 4456700                    /home/ahmed/.gradle/wrapper/dists/gradle-3.3-all/55gk2rcmfc6p2dg9u9ohc3hw9/gradle-3.3/lib/plugins/plexus-component-annotations-1.5.5.jar
7f70f00dc000-7f70f00de000 r--s 0000d000 08:01 4456672                    /home/ahmed/.gradle/wrapper/dists/gradle-3.3-all/55gk2rcmfc6p2dg9u9ohc3hw9/gradle-3.3/lib/plugins/plexus-interpolation-1.14.jar
7f70f00de000-7f70f00e2000 r--s 00033000 08:01 4456671                    /home/ahmed/.gradle/wrapper/dists/gradle-3.3-all/55gk2rcmfc6p2dg9u9ohc3hw9/gradle-3.3/lib/plugins/plexus-utils-2.0.6.jar
7f70f00e2000-7f70f00e5000 r--s 00008000 08:01 4456670                    /home/ahmed/.gradle/wrapper/dists/gradle-3.3-all/55gk2rcmfc6p2dg9u9ohc3hw9/gradle-3.3/lib/plugins/maven-settings-builder-3.0.4.jar
7f70f00e5000-7f70f00e7000 r--s 0000a000 08:01 4456669                    /home/ahmed/.gradle/wrapper/dists/gradle-3.3-all/55gk2rcmfc6p2dg9u9ohc3hw9/gradle-3.3/lib/plugins/maven-settings-3.0.4.jar
7f70f00e7000-7f70f00ec000 r--s 00040000 08:01 4456655                    /home/ahmed/.gradle/wrapper/dists/gradle-3.3-all/55gk2rcmfc6p2dg9u9ohc3hw9/gradle-3.3/lib/plugins/jsch-0.1.53.jar
7f70f00ec000-7f70f012c000 r--s 00277000 08:01 4456665                    /home/ahmed/.gradle/wrapper/dists/gradle-3.3-all/55gk2rcmfc6p2dg9u9ohc3hw9/gradle-3.3/lib/plugins/bcprov-jdk15on-1.51.jar
7f70f012c000-7f70f0130000 r--s 0001d000 08:01 4456664                    /home/ahmed/.gradle/wrapper/dists/gradle-3.3-all/55gk2rcmfc6p2dg9u9ohc3hw9/gradle-3.3/lib/plugins/xbean-reflect-3.4.jar
7f70f0130000-7f70f013c000 r--s 0007d000 08:01 4456642                    /home/ahmed/.gradle/wrapper/dists/gradle-3.3-all/55gk2rcmfc6p2dg9u9ohc3hw9/gradle-3.3/lib/plugins/maven-core-3.0.4.jar
7f70f013c000-7f70f0141000 r--s 00034000 08:01 4456648                    /home/ahmed/.gradle/wrapper/dists/gradle-3.3-all/55gk2rcmfc6p2dg9u9ohc3hw9/gradle-3.3/lib/plugins/gson-2.7.jar
7f70f0141000-7f70f0150000 r--s 000d9000 08:01 4456663                    /home/ahmed/.gradle/wrapper/dists/gradle-3.3-all/55gk2rcmfc6p2dg9u9ohc3hw9/gradle-3.3/lib/plugins/ivy-2.2.0.jar
7f70f0150000-7f70f016f000 r--s 000f6000 08:01 4456631                    /home/ahmed/.gradle/wrapper/dists/gradle-3.3-all/55gk2rcmfc6p2dg9u9ohc3hw9/gradle-3.3/lib/plugins/gradle-dependency-management-3.3.jar
7f70f016f000-7f70f0171000 r--s 00005000 08:01 4456630                    /home/ahmed/.gradle/wrapper/dists/gradle-3.3-all/55gk2rcmfc6p2dg9u9ohc3hw9/gradle-3.3/lib/plugins/gradle-workers-3.3.jar
7f70f0171000-7f70f0188000 r-xp 00000000 08:01 3289792                    /home/ahmed/myData/android-studio/jre/jre/lib/amd64/libnet.so
7f70f0188000-7f70f0387000 ---p 00017000 08:01 3289792                    /home/ahmed/myData/android-studio/jre/jre/lib/amd64/libnet.so
7f70f0387000-7f70f0388000 r--p 00016000 08:01 3289792                    /home/ahmed/myData/android-studio/jre/jre/lib/amd64/libnet.so
7f70f0388000-7f70f0389000 rw-p 00017000 08:01 3289792                    /home/ahmed/myData/android-studio/jre/jre/lib/amd64/libnet.so
7f70f0389000-7f70f038a000 r--s 00006000 08:01 4456535                    /home/ahmed/.gradle/wrapper/dists/gradle-3.3-all/55gk2rcmfc6p2dg9u9ohc3hw9/gradle-3.3/lib/gradle-wrapper-3.3.jar
7f70f038a000-7f70f0397000 r--s 00041000 08:01 4456542                    /home/ahmed/.gradle/wrapper/dists/gradle-3.3-all/55gk2rcmfc6p2dg9u9ohc3hw9/gradle-3.3/lib/gradle-tooling-api-3.3.jar
7f70f0397000-7f70f0399000 r--s 00002000 08:01 4456562                    /home/ahmed/.gradle/wrapper/dists/gradle-3.3-all/55gk2rcmfc6p2dg9u9ohc3hw9/gradle-3.3/lib/gradle-open-api-3.3.jar
7f70f0399000-7f70f039f000 r--s 00032000 08:01 4456564                    /home/ahmed/.gradle/wrapper/dists/gradle-3.3-all/55gk2rcmfc6p2dg9u9ohc3hw9/gradle-3.3/lib/jaxen-1.1.jar
7f70f039f000-7f70f03a4000 r--s 00048000 08:01 4456563                    /home/ahmed/.gradle/wrapper/dists/gradle-3.3-all/55gk2rcmfc6p2dg9u9ohc3hw9/gradle-3.3/lib/dom4j-1.6.1.jar
7f70f03a4000-7f70f03af000 r--s 00059000 08:01 4456541                    /home/ahmed/.gradle/wrapper/dists/gradle-3.3-all/55gk2rcmfc6p2dg9u9ohc3hw9/gradle-3.3/lib/gradle-ui-3.3.jar
7f70f03af000-7f70f03b8000 r--s 0008c000 08:01 4456533                    /home/ahmed/.gradle/wrapper/dists/gradle-3.3-all/55gk2rcmfc6p2dg9u9ohc3hw9/gradle-3.3/lib/kotlin-stdlib-1.1-M02.jar
7f70f03b8000-7f70f03be000 r--s 0002a000 08:01 4456532                    /home/ahmed/.gradle/wrapper/dists/gradle-3.3-all/55gk2rcmfc6p2dg9u9ohc3hw9/gradle-3.3/lib/kotlin-runtime-1.1-M02.jar
7f70f03be000-7f70f03f2000 r--s 00256000 08:01 4456531                    /home/ahmed/.gradle/wrapper/dists/gradle-3.3-all/55gk2rcmfc6p2dg9u9ohc3hw9/gradle-3.3/lib/kotlin-reflect-1.1-M02.jar
7f70f03f2000-7f70f0588000 r--s 0157e000 08:01 4456530                    /home/ahmed/.gradle/wrapper/dists/gradle-3.3-all/55gk2rcmfc6p2dg9u9ohc3hw9/gradle-3.3/lib/kotlin-compiler-embeddable-1.1-M02.jar
7f70f0588000-7f70f0590000 r--s 0004e000 08:01 4456529                    /home/ahmed/.gradle/wrapper/dists/gradle-3.3-all/55gk2rcmfc6p2dg9u9ohc3hw9/gradle-3.3/lib/gradle-script-kotlin-0.5.1.jar
7f70f0590000-7f70f0593000 r--s 0000b000 08:01 4456560                    /home/ahmed/.gradle/wrapper/dists/gradle-3.3-all/55gk2rcmfc6p2dg9u9ohc3hw9/gradle-3.3/lib/gradle-resources-3.3.jar
7f70f0593000-7f70f0595000 r--s 00003000 08:01 4456569                    /home/ahmed/.gradle/wrapper/dists/gradle-3.3-all/55gk2rcmfc6p2dg9u9ohc3hw9/gradle-3.3/lib/jcl-over-slf4j-1.7.10.jar
7f70f0595000-7f70f0597000 r--s 00000000 08:01 4456567                    /home/ahmed/.gradle/wrapper/dists/gradle-3.3-all/55gk2rcmfc6p2dg9u9ohc3hw9/gradle-3.3/lib/jul-to-slf4j-1.7.10.jar
7f70f0597000-7f70f059c000 r--s 0001e000 08:01 4456544                    /home/ahmed/.gradle/wrapper/dists/gradle-3.3-all/55gk2rcmfc6p2dg9u9ohc3hw9/gradle-3.3/lib/gradle-logging-3.3.jar
7f70f059c000-7f70f060c000 r--s 00641000 08:01 4456549                    /home/ahmed/.gradle/wrapper/dists/gradle-3.3-all/55gk2rcmfc6p2dg9u9ohc3hw9/gradle-3.3/lib/groovy-all-2.4.7.jar
7f70f060c000-7f70f060d000 ---p 00000000 00:00 0 
7f70f060d000-7f70f070d000 rw-p 00000000 00:00 0 
7f70f070d000-7f70f0710000 ---p 00000000 00:00 0 
7f70f0710000-7f70f080e000 rw-p 00000000 00:00 0 
7f70f080e000-7f70f0811000 ---p 00000000 00:00 0 
7f70f0811000-7f70f090f000 rw-p 00000000 00:00 0 
7f70f090f000-7f70f0912000 ---p 00000000 00:00 0 
7f70f0912000-7f70f0a10000 rw-p 00000000 00:00 0 
7f70f0a10000-7f70f0a13000 ---p 00000000 00:00 0 
7f70f0a13000-7f70f0b11000 rw-p 00000000 00:00 0 
7f70f0b11000-7f70f0b14000 ---p 00000000 00:00 0 
7f70f0b14000-7f70f0c12000 rw-p 00000000 00:00 0 
7f70f0c12000-7f70f0eff000 r--p 00000000 08:01 2890020                    /usr/lib/locale/locale-archive
7f70f0eff000-7f70f0f02000 ---p 00000000 00:00 0 
7f70f0f02000-7f70f1000000 rw-p 00000000 00:00 0 
7f70f1000000-7f70f32e0000 rwxp 00000000 00:00 0 
7f70f32e0000-7f7100000000 ---p 00000000 00:00 0 
7f7100000000-7f7100d1c000 rw-p 00000000 00:00 0 
7f7100d1c000-7f7104000000 ---p 00000000 00:00 0 
7f7104000000-7f7104001000 r--s 00005000 08:01 4456568                    /home/ahmed/.gradle/wrapper/dists/gradle-3.3-all/55gk2rcmfc6p2dg9u9ohc3hw9/gradle-3.3/lib/log4j-over-slf4j-1.7.10.jar
7f7104001000-7f7104003000 r--s 00007000 08:01 4456588                    /home/ahmed/.gradle/wrapper/dists/gradle-3.3-all/55gk2rcmfc6p2dg9u9ohc3hw9/gradle-3.3/lib/objenesis-1.2.jar
7f7104003000-7f7104005000 r--s 00000000 08:01 4456587                    /home/ahmed/.gradle/wrapper/dists/gradle-3.3-all/55gk2rcmfc6p2dg9u9ohc3hw9/gradle-3.3/lib/minlog-1.2.jar
7f7104005000-7f7104007000 r--s 0000f000 08:01 4456586                    /home/ahmed/.gradle/wrapper/dists/gradle-3.3-all/55gk2rcmfc6p2dg9u9ohc3hw9/gradle-3.3/lib/reflectasm-1.07-shaded.jar
7f7104007000-7f710400b000 r--s 00026000 08:01 4456571                    /home/ahmed/.gradle/wrapper/dists/gradle-3.3-all/55gk2rcmfc6p2dg9u9ohc3hw9/gradle-3.3/lib/kryo-2.20.jar
7f710400b000-7f7104011000 r--s 00027000 08:01 4456559                    /home/ahmed/.gradle/wrapper/dists/gradle-3.3-all/55gk2rcmfc6p2dg9u9ohc3hw9/gradle-3.3/lib/gradle-messaging-3.3.jar
7f7104011000-7f7104012000 r--s 00001000 08:01 4456585                    /home/ahmed/.gradle/wrapper/dists/gradle-3.3-all/55gk2rcmfc6p2dg9u9ohc3hw9/gradle-3.3/lib/native-platform-linux-i386-ncurses6-0.12.jar
7f7104012000-7f7104013000 r--s 00001000 08:01 4456584                    /home/ahmed/.gradle/wrapper/dists/gradle-3.3-all/55gk2rcmfc6p2dg9u9ohc3hw9/gradle-3.3/lib/native-platform-linux-i386-ncurses5-0.12.jar
7f7104013000-7f7104014000 r--s 00001000 08:01 4456583                    /home/ahmed/.gradle/wrapper/dists/gradle-3.3-all/55gk2rcmfc6p2dg9u9ohc3hw9/gradle-3.3/lib/native-platform-linux-amd64-ncurses6-0.12.jar
7f7104014000-7f7104015000 r--s 00001000 08:01 4456582                    /home/ahmed/.gradle/wrapper/dists/gradle-3.3-all/55gk2rcmfc6p2dg9u9ohc3hw9/gradle-3.3/lib/native-platform-linux-amd64-ncurses5-0.12.jar
7f7104015000-7f7104016000 r--s 0000b000 08:01 4456581                    /home/ahmed/.gradle/wrapper/dists/gradle-3.3-all/55gk2rcmfc6p2dg9u9ohc3hw9/gradle-3.3/lib/native-platform-windows-i386-0.12.jar
7f7104016000-7f7104018000 r--s 0000b000 08:01 4456580                    /home/ahmed/.gradle/wrapper/dists/gradle-3.3-all/55gk2rcmfc6p2dg9u9ohc3hw9/gradle-3.3/lib/native-platform-windows-amd64-0.12.jar
7f7104018000-7f710401a000 r--s 00002000 08:01 4456579                    /home/ahmed/.gradle/wrapper/dists/gradle-3.3-all/55gk2rcmfc6p2dg9u9ohc3hw9/gradle-3.3/lib/native-platform-osx-i386-0.12.jar
7f710401a000-7f710401b000 r--s 00002000 08:01 4456578                    /home/ahmed/.gradle/wrapper/dists/gradle-3.3-all/55gk2rcmfc6p2dg9u9ohc3hw9/gradle-3.3/lib/native-platform-osx-amd64-0.12.jar
7f710401b000-7f710401c000 r--s 00002000 08:01 4456577                    /home/ahmed/.gradle/wrapper/dists/gradle-3.3-all/55gk2rcmfc6p2dg9u9ohc3hw9/gradle-3.3/lib/native-platform-linux-i386-0.12.jar
7f710401c000-7f710401d000 r--s 00002000 08:01 4456576                    /home/ahmed/.gradle/wrapper/dists/gradle-3.3-all/55gk2rcmfc6p2dg9u9ohc3hw9/gradle-3.3/lib/native-platform-linux-amd64-0.12.jar
7f710401d000-7f710401e000 r--s 00003000 08:01 4456575                    /home/ahmed/.gradle/wrapper/dists/gradle-3.3-all/55gk2rcmfc6p2dg9u9ohc3hw9/gradle-3.3/lib/native-platform-freebsd-i386-libstdcpp-0.12.jar
7f710401e000-7f710401f000 r--s 00004000 08:01 4456574                    /home/ahmed/.gradle/wrapper/dists/gradle-3.3-all/55gk2rcmfc6p2dg9u9ohc3hw9/gradle-3.3/lib/native-platform-freebsd-i386-libcpp-0.12.jar
7f710401f000-7f7104021000 r--s 00003000 08:01 4456573                    /home/ahmed/.gradle/wrapper/dists/gradle-3.3-all/55gk2rcmfc6p2dg9u9ohc3hw9/gradle-3.3/lib/native-platform-freebsd-amd64-libstdcpp-0.12.jar
7f7104021000-7f7104022000 r--s 00004000 08:01 4456572                    /home/ahmed/.gradle/wrapper/dists/gradle-3.3-all/55gk2rcmfc6p2dg9u9ohc3hw9/gradle-3.3/lib/native-platform-freebsd-amd64-libcpp-0.12.jar
7f7104022000-7f7104025000 r--s 00023000 08:01 4456566                    /home/ahmed/.gradle/wrapper/dists/gradle-3.3-all/55gk2rcmfc6p2dg9u9ohc3hw9/gradle-3.3/lib/jansi-1.14.jar
7f7104025000-7f7104029000 r--s 00011000 08:01 4456565                    /home/ahmed/.gradle/wrapper/dists/gradle-3.3-all/55gk2rcmfc6p2dg9u9ohc3hw9/gradle-3.3/lib/native-platform-0.12.jar
7f7104029000-7f710402c000 r--s 0000a000 08:01 4456543                    /home/ahmed/.gradle/wrapper/dists/gradle-3.3-all/55gk2rcmfc6p2dg9u9ohc3hw9/gradle-3.3/lib/gradle-native-3.3.jar
7f710402c000-7f710402e000 r--s 00005000 08:01 4456540                    /home/ahmed/.gradle/wrapper/dists/gradle-3.3-all/55gk2rcmfc6p2dg9u9ohc3hw9/gradle-3.3/lib/gradle-cli-3.3.jar
7f710402e000-7f7104030000 r--s 00007000 08:01 4456551                    /home/ahmed/.gradle/wrapper/dists/gradle-3.3-all/55gk2rcmfc6p2dg9u9ohc3hw9/gradle-3.3/lib/gradle-model-groovy-3.3.jar
7f7104030000-7f7104032000 r--s 00006000 08:01 4456558                    /home/ahmed/.gradle/wrapper/dists/gradle-3.3-all/55gk2rcmfc6p2dg9u9ohc3hw9/gradle-3.3/lib/gradle-base-services-groovy-3.3.jar
7f7104032000-7f7104041000 r--s 0007f000 08:01 4456550                    /home/ahmed/.gradle/wrapper/dists/gradle-3.3-all/55gk2rcmfc6p2dg9u9ohc3hw9/gradle-3.3/lib/gradle-model-core-3.3.jar
7f7104041000-7f7104042000 r--s 00002000 08:01 4456561                    /home/ahmed/.gradle/wrapper/dists/gradle-3.3-all/55gk2rcmfc6p2dg9u9ohc3hw9/gradle-3.3/lib/gradle-docs-3.3.jar
7f7104042000-7f7104043000 r--s 00000000 08:01 4456557                    /home/ahmed/.gradle/wrapper/dists/gradle-3.3-all/55gk2rcmfc6p2dg9u9ohc3hw9/gradle-3.3/lib/javax.inject-1.jar
7f7104043000-7f7104044000 r--s 00000000 08:01 4456556                    /home/ahmed/.gradle/wrapper/dists/gradle-3.3-all/55gk2rcmfc6p2dg9u9ohc3hw9/gradle-3.3/lib/jcip-annotations-1.0.jar
7f7104044000-7f7104048000 r--s 00027000 08:01 4456555                    /home/ahmed/.gradle/wrapper/dists/gradle-3.3-all/55gk2rcmfc6p2dg9u9ohc3hw9/gradle-3.3/lib/commons-io-2.2.jar
7f7104048000-7f7104055000 r--s 00083000 08:01 4456554                    /home/ahmed/.gradle/wrapper/dists/gradle-3.3-all/55gk2rcmfc6p2dg9u9ohc3hw9/gradle-3.3/lib/commons-collections-3.2.2.jar
7f7104055000-7f710405a000 r--s 00038000 08:01 4456552                    /home/ahmed/.gradle/wrapper/dists/gradle-3.3-all/55gk2rcmfc6p2dg9u9ohc3hw9/gradle-3.3/lib/asm-all-5.1.jar
7f710405a000-7f710405b000 r--s 00001000 08:01 4456548                    /home/ahmed/.gradle/wrapper/dists/gradle-3.3-all/55gk2rcmfc6p2dg9u9ohc3hw9/gradle-3.3/lib/gradle-process-services-3.3.jar
7f710405b000-7f710405d000 r--s 00000000 08:01 4456538                    /home/ahmed/.gradle/wrapper/dists/gradle-3.3-all/55gk2rcmfc6p2dg9u9ohc3hw9/gradle-3.3/lib/gradle-jvm-services-3.3.jar
7f710405d000-7f710405e000 r--s 00000000 08:01 4456702                    /home/ahmed/.gradle/wrapper/dists/gradle-3.3-all/55gk2rcmfc6p2dg9u9ohc3hw9/gradle-3.3/lib/gradle-version-info-3.3.jar
7f710405e000-7f7104063000 r--s 00041000 08:01 4456547                    /home/ahmed/.gradle/wrapper/dists/gradle-3.3-all/55gk2rcmfc6p2dg9u9ohc3hw9/gradle-3.3/lib/commons-lang-2.6.jar
7f7104063000-7f710408b000 r--s 001cf000 08:01 4456546                    /home/ahmed/.gradle/wrapper/dists/gradle-3.3-all/55gk2rcmfc6p2dg9u9ohc3hw9/gradle-3.3/lib/guava-jdk5-17.0.jar
7f710408b000-7f71040aa000 r--s 001d1000 08:01 4456553                    /home/ahmed/.gradle/wrapper/dists/gradle-3.3-all/55gk2rcmfc6p2dg9u9ohc3hw9/gradle-3.3/lib/ant-1.9.6.jar
7f71040aa000-7f71040e7000 r--s 001f8000 08:01 4456539                    /home/ahmed/.gradle/wrapper/dists/gradle-3.3-all/55gk2rcmfc6p2dg9u9ohc3hw9/gradle-3.3/lib/gradle-core-3.3.jar
7f71040e7000-7f71040f4000 r--s 0005c000 08:01 4456534                    /home/ahmed/.gradle/wrapper/dists/gradle-3.3-all/55gk2rcmfc6p2dg9u9ohc3hw9/gradle-3.3/lib/gradle-launcher-3.3.jar
7f71040f4000-7f71040f7000 ---p 00000000 00:00 0 
7f71040f7000-7f71041f5000 rw-p 00000000 00:00 0 
7f71041f5000-7f71041f6000 ---p 00000000 00:00 0 
7f71041f6000-7f71052b6000 rw-p 00000000 00:00 0 
7f71052b6000-7f7105485000 r--s 03c1b000 08:01 3289595                    /home/ahmed/myData/android-studio/jre/jre/lib/rt.jar
7f7105485000-7f7105ffb000 rw-p 00000000 00:00 0 
7f7105ffb000-7f7105ffc000 ---p 00000000 00:00 0 
7f7105ffc000-7f71060fc000 rw-p 00000000 00:00 0 
7f71060fc000-7f71060fd000 ---p 00000000 00:00 0 
7f71060fd000-7f71061fd000 rw-p 00000000 00:00 0 
7f71061fd000-7f71061fe000 ---p 00000000 00:00 0 
7f71061fe000-7f71062fe000 rw-p 00000000 00:00 0 
7f71062fe000-7f71062ff000 ---p 00000000 00:00 0 
7f71062ff000-7f7106440000 rw-p 00000000 00:00 0 
7f7106440000-7f71065ff000 ---p 00000000 00:00 0 
7f71065ff000-7f7106640000 rw-p 00000000 00:00 0 
7f7106640000-7f71067ff000 ---p 00000000 00:00 0 
7f71067ff000-7f7106886000 rw-p 00000000 00:00 0 
7f7106886000-7f71068ff000 ---p 00000000 00:00 0 
7f71068ff000-7f710698c000 rw-p 00000000 00:00 0 
7f710698c000-7f7106cc0000 ---p 00000000 00:00 0 
7f7106cc0000-7f7106cda000 r-xp 00000000 08:01 3296869                    /home/ahmed/myData/android-studio/jre/jre/lib/amd64/libzip.so
7f7106cda000-7f7106eda000 ---p 0001a000 08:01 3296869                    /home/ahmed/myData/android-studio/jre/jre/lib/amd64/libzip.so
7f7106eda000-7f7106edb000 r--p 0001a000 08:01 3296869                    /home/ahmed/myData/android-studio/jre/jre/lib/amd64/libzip.so
7f7106edb000-7f7106edc000 rw-p 0001b000 08:01 3296869                    /home/ahmed/myData/android-studio/jre/jre/lib/amd64/libzip.so
7f7106edc000-7f7106ee7000 r-xp 00000000 08:01 8040228                    /lib/x86_64-linux-gnu/libnss_files-2.23.so
7f7106ee7000-7f71070e6000 ---p 0000b000 08:01 8040228                    /lib/x86_64-linux-gnu/libnss_files-2.23.so
7f71070e6000-7f71070e7000 r--p 0000a000 08:01 8040228                    /lib/x86_64-linux-gnu/libnss_files-2.23.so
7f71070e7000-7f71070e8000 rw-p 0000b000 08:01 8040228                    /lib/x86_64-linux-gnu/libnss_files-2.23.so
7f71070e8000-7f71070ee000 rw-p 00000000 00:00 0 
7f71070ee000-7f71070f9000 r-xp 00000000 08:01 8040213                    /lib/x86_64-linux-gnu/libnss_nis-2.23.so
7f71070f9000-7f71072f8000 ---p 0000b000 08:01 8040213                    /lib/x86_64-linux-gnu/libnss_nis-2.23.so
7f71072f8000-7f71072f9000 r--p 0000a000 08:01 8040213                    /lib/x86_64-linux-gnu/libnss_nis-2.23.so
7f71072f9000-7f71072fa000 rw-p 0000b000 08:01 8040213                    /lib/x86_64-linux-gnu/libnss_nis-2.23.so
7f71072fa000-7f7107310000 r-xp 00000000 08:01 8040224                    /lib/x86_64-linux-gnu/libnsl-2.23.so
7f7107310000-7f710750f000 ---p 00016000 08:01 8040224                    /lib/x86_64-linux-gnu/libnsl-2.23.so
7f710750f000-7f7107510000 r--p 00015000 08:01 8040224                    /lib/x86_64-linux-gnu/libnsl-2.23.so
7f7107510000-7f7107511000 rw-p 00016000 08:01 8040224                    /lib/x86_64-linux-gnu/libnsl-2.23.so
7f7107511000-7f7107513000 rw-p 00000000 00:00 0 
7f7107513000-7f710751b000 r-xp 00000000 08:01 8040225                    /lib/x86_64-linux-gnu/libnss_compat-2.23.so
7f710751b000-7f710771a000 ---p 00008000 08:01 8040225                    /lib/x86_64-linux-gnu/libnss_compat-2.23.so
7f710771a000-7f710771b000 r--p 00007000 08:01 8040225                    /lib/x86_64-linux-gnu/libnss_compat-2.23.so
7f710771b000-7f710771c000 rw-p 00008000 08:01 8040225                    /lib/x86_64-linux-gnu/libnss_compat-2.23.so
7f710771c000-7f7107749000 r-xp 00000000 08:01 3289799                    /home/ahmed/myData/android-studio/jre/jre/lib/amd64/libjava.so
7f7107749000-7f7107948000 ---p 0002d000 08:01 3289799                    /home/ahmed/myData/android-studio/jre/jre/lib/amd64/libjava.so
7f7107948000-7f7107949000 r--p 0002c000 08:01 3289799                    /home/ahmed/myData/android-studio/jre/jre/lib/amd64/libjava.so
7f7107949000-7f710794b000 rw-p 0002d000 08:01 3289799                    /home/ahmed/myData/android-studio/jre/jre/lib/amd64/libjava.so
7f710794b000-7f710795b000 r-xp 00000000 08:01 3296895                    /home/ahmed/myData/android-studio/jre/jre/lib/amd64/libverify.so
7f710795b000-7f7107b5a000 ---p 00010000 08:01 3296895                    /home/ahmed/myData/android-studio/jre/jre/lib/amd64/libverify.so
7f7107b5a000-7f7107b5c000 r--p 0000f000 08:01 3296895                    /home/ahmed/myData/android-studio/jre/jre/lib/amd64/libverify.so
7f7107b5c000-7f7107b5d000 rw-p 00011000 08:01 3296895                    /home/ahmed/myData/android-studio/jre/jre/lib/amd64/libverify.so
7f7107b5d000-7f7107b64000 r-xp 00000000 08:01 8040212                    /lib/x86_64-linux-gnu/librt-2.23.so
7f7107b64000-7f7107d63000 ---p 00007000 08:01 8040212                    /lib/x86_64-linux-gnu/librt-2.23.so
7f7107d63000-7f7107d64000 r--p 00006000 08:01 8040212                    /lib/x86_64-linux-gnu/librt-2.23.so
7f7107d64000-7f7107d65000 rw-p 00007000 08:01 8040212                    /lib/x86_64-linux-gnu/librt-2.23.so
7f7107d65000-7f7107e6d000 r-xp 00000000 08:01 8040222                    /lib/x86_64-linux-gnu/libm-2.23.so
7f7107e6d000-7f710806c000 ---p 00108000 08:01 8040222                    /lib/x86_64-linux-gnu/libm-2.23.so
7f710806c000-7f710806d000 r--p 00107000 08:01 8040222                    /lib/x86_64-linux-gnu/libm-2.23.so
7f710806d000-7f710806e000 rw-p 00108000 08:01 8040222                    /lib/x86_64-linux-gnu/libm-2.23.so
7f710806e000-7f7108c5f000 r-xp 00000000 08:01 3289646                    /home/ahmed/myData/android-studio/jre/jre/lib/amd64/server/libjvm.so
7f7108c5f000-7f7108e5f000 ---p 00bf1000 08:01 3289646                    /home/ahmed/myData/android-studio/jre/jre/lib/amd64/server/libjvm.so
7f7108e5f000-7f7108efe000 r--p 00bf1000 08:01 3289646                    /home/ahmed/myData/android-studio/jre/jre/lib/amd64/server/libjvm.so
7f7108efe000-7f7108f27000 rw-p 00c90000 08:01 3289646                    /home/ahmed/myData/android-studio/jre/jre/lib/amd64/server/libjvm.so
7f7108f27000-7f7108f6b000 rw-p 00000000 00:00 0 
7f7108f6b000-7f7108f83000 r-xp 00000000 08:01 8040223                    /lib/x86_64-linux-gnu/libpthread-2.23.so
7f7108f83000-7f7109182000 ---p 00018000 08:01 8040223                    /lib/x86_64-linux-gnu/libpthread-2.23.so
7f7109182000-7f7109183000 r--p 00017000 08:01 8040223                    /lib/x86_64-linux-gnu/libpthread-2.23.so
7f7109183000-7f7109184000 rw-p 00018000 08:01 8040223                    /lib/x86_64-linux-gnu/libpthread-2.23.so
7f7109184000-7f7109188000 rw-p 00000000 00:00 0 
7f7109188000-7f710918b000 r-xp 00000000 08:01 8040216                    /lib/x86_64-linux-gnu/libdl-2.23.so
7f710918b000-7f710938a000 ---p 00003000 08:01 8040216                    /lib/x86_64-linux-gnu/libdl-2.23.so
7f710938a000-7f710938b000 r--p 00002000 08:01 8040216                    /lib/x86_64-linux-gnu/libdl-2.23.so
7f710938b000-7f710938c000 rw-p 00003000 08:01 8040216                    /lib/x86_64-linux-gnu/libdl-2.23.so
7f710938c000-7f710954b000 r-xp 00000000 08:01 8040217                    /lib/x86_64-linux-gnu/libc-2.23.so
7f710954b000-7f710974b000 ---p 001bf000 08:01 8040217                    /lib/x86_64-linux-gnu/libc-2.23.so
7f710974b000-7f710974f000 r--p 001bf000 08:01 8040217                    /lib/x86_64-linux-gnu/libc-2.23.so
7f710974f000-7f7109751000 rw-p 001c3000 08:01 8040217                    /lib/x86_64-linux-gnu/libc-2.23.so
7f7109751000-7f7109755000 rw-p 00000000 00:00 0 
7f7109755000-7f710976b000 r-xp 00000000 08:01 3294512                    /home/ahmed/myData/android-studio/jre/lib/amd64/jli/libjli.so
7f710976b000-7f710996a000 ---p 00016000 08:01 3294512                    /home/ahmed/myData/android-studio/jre/lib/amd64/jli/libjli.so
7f710996a000-7f710996b000 r--p 00015000 08:01 3294512                    /home/ahmed/myData/android-studio/jre/lib/amd64/jli/libjli.so
7f710996b000-7f710996c000 rw-p 00016000 08:01 3294512                    /home/ahmed/myData/android-studio/jre/lib/amd64/jli/libjli.so
7f710996c000-7f7109992000 r-xp 00000000 08:01 7999545                    /lib/x86_64-linux-gnu/ld-2.23.so
7f7109992000-7f7109993000 r--s 00007000 08:01 4456545                    /home/ahmed/.gradle/wrapper/dists/gradle-3.3-all/55gk2rcmfc6p2dg9u9ohc3hw9/gradle-3.3/lib/slf4j-api-1.7.10.jar
7f7109993000-7f710999c000 r--s 00042000 08:01 4456537                    /home/ahmed/.gradle/wrapper/dists/gradle-3.3-all/55gk2rcmfc6p2dg9u9ohc3hw9/gradle-3.3/lib/gradle-base-services-3.3.jar
7f710999c000-7f7109a61000 rw-p 00000000 00:00 0 
7f7109a61000-7f7109a64000 ---p 00000000 00:00 0 
7f7109a64000-7f7109b66000 rw-p 00000000 00:00 0 
7f7109b66000-7f7109b67000 r--s 00004000 08:01 4456570                    /home/ahmed/.gradle/wrapper/dists/gradle-3.3-all/55gk2rcmfc6p2dg9u9ohc3hw9/gradle-3.3/lib/ant-launcher-1.9.6.jar
7f7109b67000-7f7109b85000 rw-p 00000000 00:00 0 
7f7109b85000-7f7109b8d000 rw-s 00000000 08:01 12850506                   /tmp/hsperfdata_ahmed/18048
7f7109b8d000-7f7109b8e000 rw-p 00000000 00:00 0 
7f7109b8e000-7f7109b8f000 ---p 00000000 00:00 0 
7f7109b8f000-7f7109b91000 rw-p 00000000 00:00 0 
7f7109b91000-7f7109b92000 r--p 00025000 08:01 7999545                    /lib/x86_64-linux-gnu/ld-2.23.so
7f7109b92000-7f7109b93000 rw-p 00026000 08:01 7999545                    /lib/x86_64-linux-gnu/ld-2.23.so
7f7109b93000-7f7109b94000 rw-p 00000000 00:00 0 
7ffc450c8000-7ffc450e9000 rw-p 00000000 00:00 0                          [stack]
7ffc451a3000-7ffc451a5000 r--p 00000000 00:00 0                          [vvar]
7ffc451a5000-7ffc451a7000 r-xp 00000000 00:00 0                          [vdso]
ffffffffff600000-ffffffffff601000 r-xp 00000000 00:00 0                  [vsyscall]

VM Arguments:
jvm_args: -Xmx1536m -Dfile.encoding=UTF-8 -Duser.country=US -Duser.language=en -Duser.variant 
java_command: org.gradle.launcher.daemon.bootstrap.GradleDaemon 3.3
java_class_path (initial): /home/ahmed/.gradle/wrapper/dists/gradle-3.3-all/55gk2rcmfc6p2dg9u9ohc3hw9/gradle-3.3/lib/gradle-launcher-3.3.jar
Launcher Type: SUN_STANDARD

Environment Variables:
JAVA_HOME=/usr/lib/jvm/java-8-oracle
PATH=/usr/local/sbin:/usr/local/bin:/usr/sbin:/usr/bin:/sbin:/bin:/usr/games:/usr/local/games:/snap/bin
LD_LIBRARY_PATH=/home/ahmed/myData/android-studio/bin:
SHELL=/bin/bash
DISPLAY=:0

Signal Handlers:
SIGSEGV: [libjvm.so+0x9e5150], sa_mask[0]=11111111011111111101111111111110, sa_flags=SA_RESTART|SA_SIGINFO
SIGBUS: [libjvm.so+0x9e5150], sa_mask[0]=11111111011111111101111111111110, sa_flags=SA_RESTART|SA_SIGINFO
SIGFPE: [libjvm.so+0x848450], sa_mask[0]=11111111011111111101111111111110, sa_flags=SA_RESTART|SA_SIGINFO
SIGPIPE: [libjvm.so+0x848450], sa_mask[0]=11111111011111111101111111111110, sa_flags=SA_RESTART|SA_SIGINFO
SIGXFSZ: [libjvm.so+0x848450], sa_mask[0]=11111111011111111101111111111110, sa_flags=SA_RESTART|SA_SIGINFO
SIGILL: [libjvm.so+0x848450], sa_mask[0]=11111111011111111101111111111110, sa_flags=SA_RESTART|SA_SIGINFO
SIGUSR1: SIG_DFL, sa_mask[0]=00000000000000000000000000000000, sa_flags=none
SIGUSR2: [libjvm.so+0x848320], sa_mask[0]=00100000000000000000000000000000, sa_flags=SA_RESTART|SA_SIGINFO
SIGHUP: [libjvm.so+0x848510], sa_mask[0]=11111111011111111101111111111110, sa_flags=SA_RESTART|SA_SIGINFO
SIGINT: [libjvm.so+0x848510], sa_mask[0]=11111111011111111101111111111110, sa_flags=SA_RESTART|SA_SIGINFO
SIGTERM: [libjvm.so+0x848510], sa_mask[0]=11111111011111111101111111111110, sa_flags=SA_RESTART|SA_SIGINFO
SIGQUIT: [libjvm.so+0x848510], sa_mask[0]=11111111011111111101111111111110, sa_flags=SA_RESTART|SA_SIGINFO


---------------  S Y S T E M  ---------------

OS:DISTRIB_ID=Ubuntu
DISTRIB_RELEASE=16.04
DISTRIB_CODENAME=xenial
DISTRIB_DESCRIPTION="Ubuntu 16.04.1 LTS"

uname:Linux 4.4.0-83-generic #106-Ubuntu SMP Mon Jun 26 17:54:43 UTC 2017 x86_64
libc:glibc 2.23 NPTL 2.23 
rlimit: STACK 8192k, CORE 0k, NPROC 23442, NOFILE 65536, AS infinity
load average:2.73 1.88 1.65

/proc/meminfo:
MemTotal:        6038996 kB
MemFree:          621768 kB
MemAvailable:    1077432 kB
Buffers:           62364 kB
Cached:           753360 kB
SwapCached:       207264 kB
Active:          4160932 kB
Inactive:         936176 kB
Active(anon):    3748064 kB
Inactive(anon):   731832 kB
Active(file):     412868 kB
Inactive(file):   204344 kB
Unevictable:         120 kB
Mlocked:             120 kB
SwapTotal:       6213628 kB
SwapFree:        4010672 kB
Dirty:              7020 kB
Writeback:             0 kB
AnonPages:       4272280 kB
Mapped:           199824 kB
Shmem:            198660 kB
Slab:             154444 kB
SReclaimable:     102504 kB
SUnreclaim:        51940 kB
KernelStack:       19760 kB
PageTables:        76308 kB
NFS_Unstable:          0 kB
Bounce:                0 kB
WritebackTmp:          0 kB
CommitLimit:     9233124 kB
Committed_AS:   14300828 kB
VmallocTotal:   34359738367 kB
VmallocUsed:           0 kB
VmallocChunk:          0 kB
HardwareCorrupted:     0 kB
AnonHugePages:   1636352 kB
CmaTotal:              0 kB
CmaFree:               0 kB
HugePages_Total:       0
HugePages_Free:        0
HugePages_Rsvd:        0
HugePages_Surp:        0
Hugepagesize:       2048 kB
DirectMap4k:      207920 kB
DirectMap2M:     6012928 kB


CPU:total 4 (2 cores per cpu, 2 threads per core) family 6 model 42 stepping 7, cmov, cx8, fxsr, mmx, sse, sse2, sse3, ssse3, sse4.1, sse4.2, popcnt, avx, clmul, ht, tsc, tscinvbit

/proc/cpuinfo:
processor	: 0
vendor_id	: GenuineIntel
cpu family	: 6
model		: 42
model name	: Intel(R) Core(TM) i3-2310M CPU @ 2.10GHz
stepping	: 7
microcode	: 0x14
cpu MHz		: 1799.929
cache size	: 3072 KB
physical id	: 0
siblings	: 4
core id		: 0
cpu cores	: 2
apicid		: 0
initial apicid	: 0
fpu		: yes
fpu_exception	: yes
cpuid level	: 13
wp		: yes
flags		: fpu vme de pse tsc msr pae mce cx8 apic sep mtrr pge mca cmov pat pse36 clflush dts acpi mmx fxsr sse sse2 ss ht tm pbe syscall nx rdtscp lm constant_tsc arch_perfmon pebs bts rep_good nopl xtopology nonstop_tsc aperfmperf eagerfpu pni pclmulqdq dtes64 monitor ds_cpl vmx est tm2 ssse3 cx16 xtpr pdcm pcid sse4_1 sse4_2 x2apic popcnt tsc_deadline_timer xsave avx lahf_lm epb tpr_shadow vnmi flexpriority ept vpid xsaveopt dtherm arat pln pts
bugs		:
bogomips	: 4190.90
clflush size	: 64
cache_alignment	: 64
address sizes	: 36 bits physical, 48 bits virtual
power management:

processor	: 1
vendor_id	: GenuineIntel
cpu family	: 6
model		: 42
model name	: Intel(R) Core(TM) i3-2310M CPU @ 2.10GHz
stepping	: 7
microcode	: 0x14
cpu MHz		: 1799.929
cache size	: 3072 KB
physical id	: 0
siblings	: 4
core id		: 0
cpu cores	: 2
apicid		: 1
initial apicid	: 1
fpu		: yes
fpu_exception	: yes
cpuid level	: 13
wp		: yes
flags		: fpu vme de pse tsc msr pae mce cx8 apic sep mtrr pge mca cmov pat pse36 clflush dts acpi mmx fxsr sse sse2 ss ht tm pbe syscall nx rdtscp lm constant_tsc arch_perfmon pebs bts rep_good nopl xtopology nonstop_tsc aperfmperf eagerfpu pni pclmulqdq dtes64 monitor ds_cpl vmx est tm2 ssse3 cx16 xtpr pdcm pcid sse4_1 sse4_2 x2apic popcnt tsc_deadline_timer xsave avx lahf_lm epb tpr_shadow vnmi flexpriority ept vpid xsaveopt dtherm arat pln pts
bugs		:
bogomips	: 4190.90
clflush size	: 64
cache_alignment	: 64
address sizes	: 36 bits physical, 48 bits virtual
power management:

processor	: 2
vendor_id	: GenuineIntel
cpu family	: 6
model		: 42
model name	: Intel(R) Core(TM) i3-2310M CPU @ 2.10GHz
stepping	: 7
microcode	: 0x14
cpu MHz		: 1799.929
cache size	: 3072 KB
physical id	: 0
siblings	: 4
core id		: 1
cpu cores	: 2
apicid		: 2
initial apicid	: 2
fpu		: yes
fpu_exception	: yes
cpuid level	: 13
wp		: yes
flags		: fpu vme de pse tsc msr pae mce cx8 apic sep mtrr pge mca cmov pat pse36 clflush dts acpi mmx fxsr sse sse2 ss ht tm pbe syscall nx rdtscp lm constant_tsc arch_perfmon pebs bts rep_good nopl xtopology nonstop_tsc aperfmperf eagerfpu pni pclmulqdq dtes64 monitor ds_cpl vmx est tm2 ssse3 cx16 xtpr pdcm pcid sse4_1 sse4_2 x2apic popcnt tsc_deadline_timer xsave avx lahf_lm epb tpr_shadow vnmi flexpriority ept vpid xsaveopt dtherm arat pln pts
bugs		:
bogomips	: 4190.90
clflush size	: 64
cache_alignment	: 64
address sizes	: 36 bits physical, 48 bits virtual
power management:

processor	: 3
vendor_id	: GenuineIntel
cpu family	: 6
model		: 42
model name	: Intel(R) Core(TM) i3-2310M CPU @ 2.10GHz
stepping	: 7
microcode	: 0x14
cpu MHz		: 1799.929
cache size	: 3072 KB
physical id	: 0
siblings	: 4
core id		: 1
cpu cores	: 2
apicid		: 3
initial apicid	: 3
fpu		: yes
fpu_exception	: yes
cpuid level	: 13
wp		: yes
flags		: fpu vme de pse tsc msr pae mce cx8 apic sep mtrr pge mca cmov pat pse36 clflush dts acpi mmx fxsr sse sse2 ss ht tm pbe syscall nx rdtscp lm constant_tsc arch_perfmon pebs bts rep_good nopl xtopology nonstop_tsc aperfmperf eagerfpu pni pclmulqdq dtes64 monitor ds_cpl vmx est tm2 ssse3 cx16 xtpr pdcm pcid sse4_1 sse4_2 x2apic popcnt tsc_deadline_timer xsave avx lahf_lm epb tpr_shadow vnmi flexpriority ept vpid xsaveopt dtherm arat pln pts
bugs		:
bogomips	: 4190.90
clflush size	: 64
cache_alignment	: 64
address sizes	: 36 bits physical, 48 bits virtual
power management:



Memory: 4k page, physical 6038996k(621768k free), swap 6213628k(4010672k free)

vm_info: OpenJDK 64-Bit Server VM (25.112-b06) for linux-amd64 JRE (1.8.0_112-release-b06), built on Dec  6 2016 12:11:18 by "builder" with gcc 4.8.4

time: Tue Aug 29 01:22:22 2017
elapsed time: 75 seconds (0d 0h 1m 15s)

