#
# A fatal error has been detected by the Java Runtime Environment:
#
#  SIGSEGV (0xb) at pc=0x00007faf9f86e69e, pid=18006, tid=0x00007faf80d12700
#
# JRE version: OpenJDK Runtime Environment (8.0_112-b06) (build 1.8.0_112-release-b06)
# Java VM: OpenJDK 64-Bit Server VM (25.112-b06 mixed mode linux-amd64 compressed oops)
# Problematic frame:
# V  [libjvm.so+0x5dd69e]  IndexSetIterator::advance_and_next()+0x11e
#
# Failed to write core dump. Core dumps have been disabled. To enable core dumping, try "ulimit -c unlimited" before starting Java again
#
# If you would like to submit a bug report, please visit:
#   http://bugreport.java.com/bugreport/crash.jsp
#

---------------  T H R E A D  ---------------

Current thread (0x00007faf980b9000):  JavaThread "C2 CompilerThread0" daemon [_thread_in_native, id=18018, stack(0x00007faf80c12000,0x00007faf80d13000)]

siginfo: si_signo: 11 (SIGSEGV), si_code: 2 (SEGV_ACCERR), si_addr: 0x00007fafa0555b60

Registers:
RAX=0x00007fafa0555b60, RBX=0x00007faf80d0e860, RCX=0x0000000000000008, RDX=0x0000000000000000
RSP=0x00007faf80d0e800, RBP=0x00007faf80d0e840, RSI=0x00007faf7812e8a0, RDI=0x000000000000004e
R8 =0x0000000000000008, R9 =0x0000000000000000, R10=0x0000000000000000, R11=0x0000000000000000
R12=0x0000000000000008, R13=0x00007fafa0155b60, R14=0x0000000000100000, R15=0x0000000000000008
RIP=0x00007faf9f86e69e, EFLAGS=0x0000000000010206, CSGSFS=0x0000000000000033, ERR=0x0000000000000004
  TRAPNO=0x000000000000000e

Top of Stack: (sp=0x00007faf80d0e800)
0x00007faf80d0e800:   00007faf00000002 00007faf80d10fd0
0x00007faf80d0e810:   00007faf4c5a49e8 00007faf80d0e860
0x00007faf80d0e820:   0000000000000cf4 000000000000001c
0x00007faf80d0e830:   0000000000100000 00007faf80d0e980
0x00007faf80d0e840:   00007faf80d0e8d0 00007faf9f866938
0x00007faf80d0e850:   00007faf7812e440 0000000000000060
0x00007faf80d0e860:   0000000000000000 00007faf00000008
0x00007faf80d0e870:   00007fafa0555b60 00007faf00000000
0x00007faf80d0e880:   00007faf54d559d0 00007faf0000004e
0x00007faf80d0e890:   00007faf7812e8a0 00007faf55d86220
0x00007faf80d0e8a0:   00007faf00000000 00007faf80d0e950
0x00007faf80d0e8b0:   00007fafa0155b60 00007faf548f5700
0x00007faf80d0e8c0:   00007faf80d0e9c0 00007faf80d0ebc0
0x00007faf80d0e8d0:   00007faf80d0eb10 00007faf9f671c1e
0x00007faf80d0e8e0:   00007faf80d0e9f0 00007faf9f9aa04c
0x00007faf80d0e8f0:   00007faf80d0e920 00007faf80d0e980
0x00007faf80d0e900:   00000000000003d8 00007faf548f5ae8
0x00007faf80d0e910:   00007faf548f5710 00007faf80d0ea20
0x00007faf80d0e920:   0000000000000002 00007faf4c1e8790
0x00007faf80d0e930:   00007faf4c1e8790 00007faf4c1e87a0
0x00007faf80d0e940:   00007faf4c1e8b78 00000000000003d8
0x00007faf80d0e950:   00007faf00000002 00007faf548f5700
0x00007faf80d0e960:   00007faf58798cb0 00007faf5879fad0
0x00007faf80d0e970:   00007faf587a0c98 0000000001781840
0x00007faf80d0e980:   00007faf0000000c 00007faf80d10fd0
0x00007faf80d0e990:   00007faf780ad020 00007faf9f55cc00
0x00007faf80d0e9a0:   00007faf54a8e330 00007faf00004d23
0x00007faf80d0e9b0:   00007faf80d0e950 00007faf548f5710
0x00007faf80d0e9c0:   000000000000000a 00007faf80d10fd0
0x00007faf80d0e9d0:   00007faf543c9080 00007faf54c83990
0x00007faf80d0e9e0:   00007faf5576d2a0 00007faf55771ac0
0x00007faf80d0e9f0:   00007faf4c5684c0 00007faf80d0eb30 

Instructions: (pc=0x00007faf9f86e69e)
0x00007faf9f86e67e:   89 f8 0f 86 ff 00 00 00 48 8b 43 20 45 89 e7 4a
0x00007faf9f86e68e:   8b 04 f8 4c 39 e8 0f 84 dc 00 00 00 48 89 43 10
0x00007faf9f86e69e:   44 8b 30 48 89 c6 45 85 f6 0f 85 73 01 00 00 44
0x00007faf9f86e6ae:   8b 58 04 45 85 db 0f 85 b6 01 00 00 44 8b 50 08 

Register to memory mapping:

RAX=0x00007fafa0555b60: <offset 0x1aab60> in /lib/x86_64-linux-gnu/libdl.so.2 at 0x00007fafa03ab000
RBX=0x00007faf80d0e860 is pointing into the stack for thread: 0x00007faf980b9000
RCX=0x0000000000000008 is an unknown value
RDX=0x0000000000000000 is an unknown value
RSP=0x00007faf80d0e800 is pointing into the stack for thread: 0x00007faf980b9000
RBP=0x00007faf80d0e840 is pointing into the stack for thread: 0x00007faf980b9000
RSI=0x00007faf7812e8a0 is an unknown value
RDI=0x000000000000004e is an unknown value
R8 =0x0000000000000008 is an unknown value
R9 =0x0000000000000000 is an unknown value
R10=0x0000000000000000 is an unknown value
R11=0x0000000000000000 is an unknown value
R12=0x0000000000000008 is an unknown value
R13=0x00007fafa0155b60: <offset 0xec4b60> in /home/ahmed/myData/android-studio/jre/jre/lib/amd64/server/libjvm.so at 0x00007faf9f291000
R14=0x0000000000100000 is an unknown value
R15=0x0000000000000008 is an unknown value


Stack: [0x00007faf80c12000,0x00007faf80d13000],  sp=0x00007faf80d0e800,  free space=1010k
Native frames: (J=compiled Java code, j=interpreted, Vv=VM code, C=native code)
V  [libjvm.so+0x5dd69e]  IndexSetIterator::advance_and_next()+0x11e
V  [libjvm.so+0x5d5938]  PhaseIFG::SquareUp()+0x128
V  [libjvm.so+0x3e0c1e]  PhaseChaitin::Register_Allocate()+0x88e
V  [libjvm.so+0x465e38]  Compile::Code_Gen()+0x258
V  [libjvm.so+0x46712e]  Compile::Compile(ciEnv*, C2Compiler*, ciMethod*, int, bool, bool, bool)+0x113e
V  [libjvm.so+0x3c4aa8]  C2Compiler::compile_method(ciEnv*, ciMethod*, int)+0x1c8
V  [libjvm.so+0x46f7c2]  CompileBroker::invoke_compiler_on_method(CompileTask*)+0x8b2
V  [libjvm.so+0x470678]  CompileBroker::compiler_thread_loop()+0x4e8
V  [libjvm.so+0x990df8]  JavaThread::thread_main_inner()+0xd8
V  [libjvm.so+0x849c82]  java_start(Thread*)+0xf2
C  [libpthread.so.0+0x76ba]  start_thread+0xca


Current CompileTask:
C2:  23723 5392       4       com.sun.beans.TypeResolver::resolve (37 bytes)


---------------  P R O C E S S  ---------------

Java Threads: ( => current thread )
  0x00007faf38731800 JavaThread "pool-2-thread-1" [_thread_blocked, id=18036, stack(0x00007faf791c4000,0x00007faf792c5000)]
  0x00007faf388b5800 JavaThread "File lock request listener" [_thread_in_native, id=18035, stack(0x00007faf79a6d000,0x00007faf79b6e000)]
  0x00007faf38750800 JavaThread "process reaper" daemon [_thread_blocked, id=18034, stack(0x00007faf79d6e000,0x00007faf79da7000)]
  0x00007faf38009800 JavaThread "Stdin handler" [_thread_blocked, id=18032, stack(0x00007faf7a621000,0x00007faf7a722000)]
  0x00007faf98cd5000 JavaThread "pool-1-thread-1" [_thread_blocked, id=18031, stack(0x00007faf7a722000,0x00007faf7a823000)]
  0x00007faf38008000 JavaThread "Asynchronous log dispatcher for DefaultDaemonConnection: socket connection from /127.0.0.1:43532 to /127.0.0.1:38238" [_thread_blocked, id=18030, stack(0x00007faf7a823000,0x00007faf7a924000)]
  0x00007faf3c007000 JavaThread "Daemon worker" [_thread_in_native, id=18027, stack(0x00007faf7a924000,0x00007faf7aa25000)]
  0x00007faf3c004800 JavaThread "Cancel handler" [_thread_blocked, id=18026, stack(0x00007faf7aa25000,0x00007faf7ab26000)]
  0x00007faf3c005800 JavaThread "Handler for socket connection from /127.0.0.1:43532 to /127.0.0.1:38238" [_thread_in_native, id=18025, stack(0x00007faf7ad26000,0x00007faf7ae27000)]
  0x00007faf4803a800 JavaThread "Daemon" [_thread_blocked, id=18024, stack(0x00007faf7ae27000,0x00007faf7af28000)]
  0x00007faf98c74800 JavaThread "Incoming local TCP Connector on port 43532" [_thread_in_native, id=18023, stack(0x00007faf7b12f000,0x00007faf7b230000)]
  0x00007faf980c0800 JavaThread "Service Thread" daemon [_thread_blocked, id=18021, stack(0x00007faf8090f000,0x00007faf80a10000)]
  0x00007faf980bd800 JavaThread "C1 CompilerThread2" daemon [_thread_blocked, id=18020, stack(0x00007faf80a10000,0x00007faf80b11000)]
  0x00007faf980bb800 JavaThread "C2 CompilerThread1" daemon [_thread_in_native, id=18019, stack(0x00007faf80b11000,0x00007faf80c12000)]
=>0x00007faf980b9000 JavaThread "C2 CompilerThread0" daemon [_thread_in_native, id=18018, stack(0x00007faf80c12000,0x00007faf80d13000)]
  0x00007faf980b7800 JavaThread "Signal Dispatcher" daemon [_thread_blocked, id=18017, stack(0x00007faf880f1000,0x00007faf881f2000)]
  0x00007faf98083800 JavaThread "Finalizer" daemon [_thread_blocked, id=18016, stack(0x00007faf881f2000,0x00007faf882f3000)]
  0x00007faf9807f000 JavaThread "Reference Handler" daemon [_thread_blocked, id=18015, stack(0x00007faf882f3000,0x00007faf883f4000)]
  0x00007faf9800a000 JavaThread "main" [_thread_blocked, id=18009, stack(0x00007fafa0c84000,0x00007fafa0d85000)]

Other Threads:
  0x00007faf98077800 VMThread [stack: 0x00007faf883f4000,0x00007faf884f5000] [id=18014]
  0x00007faf980c3000 WatcherThread [stack: 0x00007faf8080e000,0x00007faf8090f000] [id=18022]

VM state:not at safepoint (normal execution)

VM Mutex/Monitor currently owned by a thread: None

Heap:
 PSYoungGen      total 93696K, used 54586K [0x00000000e0000000, 0x00000000e8300000, 0x0000000100000000)
  eden space 82944K, 53% used [0x00000000e0000000,0x00000000e2b66000,0x00000000e5100000)
  from space 10752K, 94% used [0x00000000e5100000,0x00000000e5ae8a60,0x00000000e5b80000)
  to   space 11776K, 0% used [0x00000000e7780000,0x00000000e7780000,0x00000000e8300000)
 ParOldGen       total 68608K, used 14382K [0x00000000a0000000, 0x00000000a4300000, 0x00000000e0000000)
  object space 68608K, 20% used [0x00000000a0000000,0x00000000a0e0b8d0,0x00000000a4300000)
 Metaspace       used 46813K, capacity 48076K, committed 48432K, reserved 1091584K
  class space    used 6295K, capacity 6581K, committed 6704K, reserved 1048576K

Card table byte_map: [0x00007faf9d822000,0x00007faf9db23000] byte_map_base: 0x00007faf9d322000

Marking Bits: (ParMarkBitMap*) 0x00007fafa015f340
 Begin Bits: [0x00007faf81000000, 0x00007faf82800000)
 End Bits:   [0x00007faf82800000, 0x00007faf84000000)

Polling page: 0x00007fafa0db1000

CodeCache: size=245760Kb used=17364Kb max_used=17364Kb free=228395Kb
 bounds [0x00007faf89000000, 0x00007faf8a110000, 0x00007faf98000000]
 total_blobs=5898 nmethods=5160 adapters=651
 compilation: enabled

Compilation events (10 events):
Event: 23.477 Thread 0x00007faf980bd800 5640       3       org.gradle.api.internal.artifacts.ivyservice.resolveengine.artifact.ArtifactBackedArtifactSet$SingletonSet::visit (11 bytes)
Event: 23.477 Thread 0x00007faf980bd800 nmethod 5640 0x00007faf8a102a10 code [0x00007faf8a102b80, 0x00007faf8a102da8]
Event: 23.477 Thread 0x00007faf980bd800 5641       3       org.gradle.cache.internal.cacheops.CacheAccessOperationsStack::pushCacheAction (10 bytes)
Event: 23.478 Thread 0x00007faf980bd800 nmethod 5641 0x00007faf8a102e90 code [0x00007faf8a103020, 0x00007faf8a103418]
Event: 23.478 Thread 0x00007faf980bd800 5642       3       org.gradle.cache.internal.cacheops.CacheOperationStack::pushCacheAction (21 bytes)
Event: 23.479 Thread 0x00007faf980bd800 nmethod 5642 0x00007faf8a103650 code [0x00007faf8a1037e0, 0x00007faf8a103b48]
Event: 23.479 Thread 0x00007faf980bd800 5643       3       org.gradle.cache.internal.cacheops.CacheOperation::<init> (15 bytes)
Event: 23.480 Thread 0x00007faf980bd800 nmethod 5643 0x00007faf8a103cd0 code [0x00007faf8a103e40, 0x00007faf8a104010]
Event: 23.480 Thread 0x00007faf980bd800 5644       3       org.gradle.cache.internal.cacheops.CacheOperationStack::checkNotEmpty (23 bytes)
Event: 23.480 Thread 0x00007faf980bd800 nmethod 5644 0x00007faf8a1040d0 code [0x00007faf8a104260, 0x00007faf8a104578]

GC Heap History (10 events):
Event: 16.420 GC heap before
{Heap before GC invocations=13 (full 1):
 PSYoungGen      total 54784K, used 15977K [0x00000000e0000000, 0x00000000e4f80000, 0x0000000100000000)
  eden space 46080K, 15% used [0x00000000e0000000,0x00000000e071de10,0x00000000e2d00000)
  from space 8704K, 99% used [0x00000000e2d00000,0x00000000e357c6a8,0x00000000e3580000)
  to   space 9728K, 0% used [0x00000000e4600000,0x00000000e4600000,0x00000000e4f80000)
 ParOldGen       total 53760K, used 11110K [0x00000000a0000000, 0x00000000a3480000, 0x00000000e0000000)
  object space 53760K, 20% used [0x00000000a0000000,0x00000000a0ad99e0,0x00000000a3480000)
 Metaspace       used 34668K, capacity 35226K, committed 35496K, reserved 1079296K
  class space    used 4649K, capacity 4855K, committed 4912K, reserved 1048576K
Event: 16.443 GC heap after
Heap after GC invocations=13 (full 1):
 PSYoungGen      total 71168K, used 7423K [0x00000000e0000000, 0x00000000e5680000, 0x0000000100000000)
  eden space 61440K, 0% used [0x00000000e0000000,0x00000000e0000000,0x00000000e3c00000)
  from space 9728K, 76% used [0x00000000e4600000,0x00000000e4d3ff68,0x00000000e4f80000)
  to   space 10240K, 0% used [0x00000000e3c00000,0x00000000e3c00000,0x00000000e4600000)
 ParOldGen       total 53760K, used 11182K [0x00000000a0000000, 0x00000000a3480000, 0x00000000e0000000)
  object space 53760K, 20% used [0x00000000a0000000,0x00000000a0aeb9f0,0x00000000a3480000)
 Metaspace       used 34668K, capacity 35226K, committed 35496K, reserved 1079296K
  class space    used 4649K, capacity 4855K, committed 4912K, reserved 1048576K
}
Event: 16.443 GC heap before
{Heap before GC invocations=14 (full 2):
 PSYoungGen      total 71168K, used 7423K [0x00000000e0000000, 0x00000000e5680000, 0x0000000100000000)
  eden space 61440K, 0% used [0x00000000e0000000,0x00000000e0000000,0x00000000e3c00000)
  from space 9728K, 76% used [0x00000000e4600000,0x00000000e4d3ff68,0x00000000e4f80000)
  to   space 10240K, 0% used [0x00000000e3c00000,0x00000000e3c00000,0x00000000e4600000)
 ParOldGen       total 53760K, used 11182K [0x00000000a0000000, 0x00000000a3480000, 0x00000000e0000000)
  object space 53760K, 20% used [0x00000000a0000000,0x00000000a0aeb9f0,0x00000000a3480000)
 Metaspace       used 34668K, capacity 35226K, committed 35496K, reserved 1079296K
  class space    used 4649K, capacity 4855K, committed 4912K, reserved 1048576K
Event: 16.632 GC heap after
Heap after GC invocations=14 (full 2):
 PSYoungGen      total 71168K, used 0K [0x00000000e0000000, 0x00000000e5680000, 0x0000000100000000)
  eden space 61440K, 0% used [0x00000000e0000000,0x00000000e0000000,0x00000000e3c00000)
  from space 9728K, 0% used [0x00000000e4600000,0x00000000e4600000,0x00000000e4f80000)
  to   space 10240K, 0% used [0x00000000e3c00000,0x00000000e3c00000,0x00000000e4600000)
 ParOldGen       total 68608K, used 14358K [0x00000000a0000000, 0x00000000a4300000, 0x00000000e0000000)
  object space 68608K, 20% used [0x00000000a0000000,0x00000000a0e058d0,0x00000000a4300000)
 Metaspace       used 34668K, capacity 35226K, committed 35496K, reserved 1079296K
  class space    used 4649K, capacity 4855K, committed 4912K, reserved 1048576K
}
Event: 18.820 GC heap before
{Heap before GC invocations=15 (full 2):
 PSYoungGen      total 71168K, used 61440K [0x00000000e0000000, 0x00000000e5680000, 0x0000000100000000)
  eden space 61440K, 100% used [0x00000000e0000000,0x00000000e3c00000,0x00000000e3c00000)
  from space 9728K, 0% used [0x00000000e4600000,0x00000000e4600000,0x00000000e4f80000)
  to   space 10240K, 0% used [0x00000000e3c00000,0x00000000e3c00000,0x00000000e4600000)
 ParOldGen       total 68608K, used 14358K [0x00000000a0000000, 0x00000000a4300000, 0x00000000e0000000)
  object space 68608K, 20% used [0x00000000a0000000,0x00000000a0e058d0,0x00000000a4300000)
 Metaspace       used 38083K, capacity 38782K, committed 39216K, reserved 1083392K
  class space    used 5108K, capacity 5312K, committed 5424K, reserved 1048576K
Event: 18.831 GC heap after
Heap after GC invocations=15 (full 2):
 PSYoungGen      total 71680K, used 7317K [0x00000000e0000000, 0x00000000e6700000, 0x0000000100000000)
  eden space 61440K, 0% used [0x00000000e0000000,0x00000000e0000000,0x00000000e3c00000)
  from space 10240K, 71% used [0x00000000e3c00000,0x00000000e4325468,0x00000000e4600000)
  to   space 10240K, 0% used [0x00000000e5d00000,0x00000000e5d00000,0x00000000e6700000)
 ParOldGen       total 68608K, used 14366K [0x00000000a0000000, 0x00000000a4300000, 0x00000000e0000000)
  object space 68608K, 20% used [0x00000000a0000000,0x00000000a0e078d0,0x00000000a4300000)
 Metaspace       used 38083K, capacity 38782K, committed 39216K, reserved 1083392K
  class space    used 5108K, capacity 5312K, committed 5424K, reserved 1048576K
}
Event: 20.561 GC heap before
{Heap before GC invocations=16 (full 2):
 PSYoungGen      total 71680K, used 68757K [0x00000000e0000000, 0x00000000e6700000, 0x0000000100000000)
  eden space 61440K, 100% used [0x00000000e0000000,0x00000000e3c00000,0x00000000e3c00000)
  from space 10240K, 71% used [0x00000000e3c00000,0x00000000e4325468,0x00000000e4600000)
  to   space 10240K, 0% used [0x00000000e5d00000,0x00000000e5d00000,0x00000000e6700000)
 ParOldGen       total 68608K, used 14366K [0x00000000a0000000, 0x00000000a4300000, 0x00000000e0000000)
  object space 68608K, 20% used [0x00000000a0000000,0x00000000a0e078d0,0x00000000a4300000)
 Metaspace       used 41995K, capacity 42810K, committed 43056K, reserved 1087488K
  class space    used 5620K, capacity 5858K, committed 5936K, reserved 1048576K
Event: 20.573 GC heap after
Heap after GC invocations=16 (full 2):
 PSYoungGen      total 92160K, used 8016K [0x00000000e0000000, 0x00000000e6600000, 0x0000000100000000)
  eden space 82944K, 0% used [0x00000000e0000000,0x00000000e0000000,0x00000000e5100000)
  from space 9216K, 86% used [0x00000000e5d00000,0x00000000e64d4000,0x00000000e6600000)
  to   space 10752K, 0% used [0x00000000e5100000,0x00000000e5100000,0x00000000e5b80000)
 ParOldGen       total 68608K, used 14374K [0x00000000a0000000, 0x00000000a4300000, 0x00000000e0000000)
  object space 68608K, 20% used [0x00000000a0000000,0x00000000a0e098d0,0x00000000a4300000)
 Metaspace       used 41995K, capacity 42810K, committed 43056K, reserved 1087488K
  class space    used 5620K, capacity 5858K, committed 5936K, reserved 1048576K
}
Event: 22.406 GC heap before
{Heap before GC invocations=17 (full 2):
 PSYoungGen      total 92160K, used 90960K [0x00000000e0000000, 0x00000000e6600000, 0x0000000100000000)
  eden space 82944K, 100% used [0x00000000e0000000,0x00000000e5100000,0x00000000e5100000)
  from space 9216K, 86% used [0x00000000e5d00000,0x00000000e64d4000,0x00000000e6600000)
  to   space 10752K, 0% used [0x00000000e5100000,0x00000000e5100000,0x00000000e5b80000)
 ParOldGen       total 68608K, used 14374K [0x00000000a0000000, 0x00000000a4300000, 0x00000000e0000000)
  object space 68608K, 20% used [0x00000000a0000000,0x00000000a0e098d0,0x00000000a4300000)
 Metaspace       used 43776K, capacity 44774K, committed 45104K, reserved 1087488K
  class space    used 5828K, capacity 6078K, committed 6192K, reserved 1048576K
Event: 22.433 GC heap after
Heap after GC invocations=17 (full 2):
 PSYoungGen      total 93696K, used 10146K [0x00000000e0000000, 0x00000000e8300000, 0x0000000100000000)
  eden space 82944K, 0% used [0x00000000e0000000,0x00000000e0000000,0x00000000e5100000)
  from space 10752K, 94% used [0x00000000e5100000,0x00000000e5ae8a60,0x00000000e5b80000)
  to   space 11776K, 0% used [0x00000000e7780000,0x00000000e7780000,0x00000000e8300000)
 ParOldGen       total 68608K, used 14382K [0x00000000a0000000, 0x00000000a4300000, 0x00000000e0000000)
  object space 68608K, 20% used [0x00000000a0000000,0x00000000a0e0b8d0,0x00000000a4300000)
 Metaspace       used 43776K, capacity 44774K, committed 45104K, reserved 1087488K
  class space    used 5828K, capacity 6078K, committed 6192K, reserved 1048576K
}

Deoptimization events (10 events):
Event: 22.887 Thread 0x00007faf3c007000 Uncommon trap: reason=class_check action=maybe_recompile pc=0x00007faf89e3ce8c method=java.util.stream.ReferencePipeline$3$1.accept(Ljava/lang/Object;)V @ 12
Event: 22.887 Thread 0x00007faf3c007000 Uncommon trap: reason=class_check action=maybe_recompile pc=0x00007faf89e3ce8c method=java.util.stream.ReferencePipeline$3$1.accept(Ljava/lang/Object;)V @ 12
Event: 22.887 Thread 0x00007faf3c007000 Uncommon trap: reason=class_check action=maybe_recompile pc=0x00007faf89e3ce8c method=java.util.stream.ReferencePipeline$3$1.accept(Ljava/lang/Object;)V @ 12
Event: 23.237 Thread 0x00007faf3c007000 Uncommon trap: reason=unstable_if action=reinterpret pc=0x00007faf89f69bfc method=com.sun.org.apache.xerces.internal.parsers.AbstractDOMParser.startElement(Lcom/sun/org/apache/xerces/internal/xni/QName;Lcom/sun/org/apache/xerces/internal/xni/XMLAttributes
Event: 23.347 Thread 0x00007faf3c007000 Uncommon trap: reason=unstable_if action=reinterpret pc=0x00007faf899c67c0 method=com.sun.org.apache.xerces.internal.dom.DeferredDocumentImpl.getNodeObject(I)Lcom/sun/org/apache/xerces/internal/dom/DeferredNode; @ 252
Event: 23.348 Thread 0x00007faf3c007000 Uncommon trap: reason=bimorphic action=maybe_recompile pc=0x00007faf898df024 method=com.sun.org.apache.xerces.internal.dom.NamedNodeMapImpl.findNamePoint(Ljava/lang/String;I)I @ 57
Event: 23.350 Thread 0x00007faf3c007000 Uncommon trap: reason=bimorphic action=maybe_recompile pc=0x00007faf898df024 method=com.sun.org.apache.xerces.internal.dom.NamedNodeMapImpl.findNamePoint(Ljava/lang/String;I)I @ 57
Event: 23.350 Thread 0x00007faf3c007000 Uncommon trap: reason=bimorphic action=maybe_recompile pc=0x00007faf898df024 method=com.sun.org.apache.xerces.internal.dom.NamedNodeMapImpl.findNamePoint(Ljava/lang/String;I)I @ 57
Event: 23.351 Thread 0x00007faf3c007000 Uncommon trap: reason=bimorphic action=maybe_recompile pc=0x00007faf898df024 method=com.sun.org.apache.xerces.internal.dom.NamedNodeMapImpl.findNamePoint(Ljava/lang/String;I)I @ 57
Event: 23.365 Thread 0x00007faf3c007000 Uncommon trap: reason=unstable_if action=reinterpret pc=0x00007faf899cfbd8 method=com.sun.org.apache.xerces.internal.dom.DeferredDocumentImpl.getPrevSibling(IZ)I @ 2

Internal exceptions (10 events):
Event: 23.083 Thread 0x00007faf3c007000 Exception <a 'java/lang/ClassNotFoundException': com/android/build/gradle/tasks/ProcessAndroidResourcesCustomizer> (0x00000000e1900ca0) thrown at [/ssd/Android/AOSP-openjdk/external/jetbrains/jdk/hotspot/src/share/vm/classfile/systemDictionary.cpp, line 2
Event: 23.086 Thread 0x00007faf3c007000 Exception <a 'java/lang/ClassNotFoundException': com/android/build/gradle/tasks/ProcessAndroidResources_DecoratedCustomizer> (0x00000000e1975b58) thrown at [/ssd/Android/AOSP-openjdk/external/jetbrains/jdk/hotspot/src/share/vm/classfile/systemDictionary.c
Event: 23.187 Thread 0x00007faf3c007000 Exception <a 'java/lang/ClassNotFoundException': com/android/build/gradle/tasks/AidlCompile_DecoratedBeanInfo> (0x00000000e1e57b00) thrown at [/ssd/Android/AOSP-openjdk/external/jetbrains/jdk/hotspot/src/share/vm/classfile/systemDictionary.cpp, line 210]
Event: 23.187 Thread 0x00007faf3c007000 Exception <a 'java/lang/ClassNotFoundException': com/android/build/gradle/tasks/AidlCompileBeanInfo> (0x00000000e1e69170) thrown at [/ssd/Android/AOSP-openjdk/external/jetbrains/jdk/hotspot/src/share/vm/classfile/systemDictionary.cpp, line 210]
Event: 23.188 Thread 0x00007faf3c007000 Exception <a 'java/lang/ClassNotFoundException': com/android/build/gradle/tasks/AidlCompileCustomizer> (0x00000000e1e7b330) thrown at [/ssd/Android/AOSP-openjdk/external/jetbrains/jdk/hotspot/src/share/vm/classfile/systemDictionary.cpp, line 210]
Event: 23.189 Thread 0x00007faf3c007000 Exception <a 'java/lang/ClassNotFoundException': com/android/build/gradle/tasks/AidlCompile_DecoratedCustomizer> (0x00000000e1eb63b8) thrown at [/ssd/Android/AOSP-openjdk/external/jetbrains/jdk/hotspot/src/share/vm/classfile/systemDictionary.cpp, line 210
Event: 23.212 Thread 0x00007faf3c007000 Exception <a 'java/lang/ClassNotFoundException': com/android/build/gradle/tasks/NdkCompile_DecoratedBeanInfo> (0x00000000e2079ec8) thrown at [/ssd/Android/AOSP-openjdk/external/jetbrains/jdk/hotspot/src/share/vm/classfile/systemDictionary.cpp, line 210]
Event: 23.213 Thread 0x00007faf3c007000 Exception <a 'java/lang/ClassNotFoundException': com/android/build/gradle/tasks/NdkCompileBeanInfo> (0x00000000e208b518) thrown at [/ssd/Android/AOSP-openjdk/external/jetbrains/jdk/hotspot/src/share/vm/classfile/systemDictionary.cpp, line 210]
Event: 23.213 Thread 0x00007faf3c007000 Exception <a 'java/lang/ClassNotFoundException': com/android/build/gradle/tasks/NdkCompileCustomizer> (0x00000000e209d6c8) thrown at [/ssd/Android/AOSP-openjdk/external/jetbrains/jdk/hotspot/src/share/vm/classfile/systemDictionary.cpp, line 210]
Event: 23.214 Thread 0x00007faf3c007000 Exception <a 'java/lang/ClassNotFoundException': com/android/build/gradle/tasks/NdkCompile_DecoratedCustomizer> (0x00000000e20df560) thrown at [/ssd/Android/AOSP-openjdk/external/jetbrains/jdk/hotspot/src/share/vm/classfile/systemDictionary.cpp, line 210]

Events (10 events):
Event: 23.439 loading class com/android/build/gradle/internal/variant/BaseVariantData
Event: 23.439 loading class com/android/build/gradle/internal/variant/BaseVariantData done
Event: 23.440 loading class com/android/build/gradle/tasks/factory/JavaCompileConfigAction
Event: 23.440 loading class com/android/build/gradle/tasks/factory/JavaCompileConfigAction done
Event: 23.442 loading class com/android/build/gradle/tasks/factory/AbstractCompilesUtil
Event: 23.442 loading class com/android/build/gradle/tasks/factory/AbstractCompilesUtil done
Event: 23.444 loading class org/gradle/api/artifacts/Configuration$State
Event: 23.444 loading class org/gradle/api/artifacts/Configuration$State done
Event: 23.458 Thread 0x00007faf3c007000 DEOPT PACKING pc=0x00007faf8921b0c8 sp=0x00007faf7aa1ed90
Event: 23.458 Thread 0x00007faf3c007000 DEOPT UNPACKING pc=0x00007faf89047373 sp=0x00007faf7aa1eb08 mode 0


Dynamic libraries:
00400000-00401000 r-xp 00000000 08:01 3289455                            /home/ahmed/myData/android-studio/jre/bin/java
00600000-00601000 r--p 00000000 08:01 3289455                            /home/ahmed/myData/android-studio/jre/bin/java
00601000-00602000 rw-p 00001000 08:01 3289455                            /home/ahmed/myData/android-studio/jre/bin/java
00fc7000-00fe8000 rw-p 00000000 00:00 0                                  [heap]
a0000000-a4300000 rw-p 00000000 00:00 0 
a4300000-e0000000 ---p 00000000 00:00 0 
e0000000-e8300000 rw-p 00000000 00:00 0 
e8300000-100000000 ---p 00000000 00:00 0 
100000000-10068c000 rw-p 00000000 00:00 0 
10068c000-140000000 ---p 00000000 00:00 0 
7faf1c000000-7faf1c021000 rw-p 00000000 00:00 0 
7faf1c021000-7faf20000000 ---p 00000000 00:00 0 
7faf20000000-7faf20021000 rw-p 00000000 00:00 0 
7faf20021000-7faf24000000 ---p 00000000 00:00 0 
7faf24000000-7faf24021000 rw-p 00000000 00:00 0 
7faf24021000-7faf28000000 ---p 00000000 00:00 0 
7faf28000000-7faf28021000 rw-p 00000000 00:00 0 
7faf28021000-7faf2c000000 ---p 00000000 00:00 0 
7faf2c000000-7faf2c021000 rw-p 00000000 00:00 0 
7faf2c021000-7faf30000000 ---p 00000000 00:00 0 
7faf30000000-7faf30021000 rw-p 00000000 00:00 0 
7faf30021000-7faf34000000 ---p 00000000 00:00 0 
7faf34000000-7faf34021000 rw-p 00000000 00:00 0 
7faf34021000-7faf38000000 ---p 00000000 00:00 0 
7faf38000000-7faf39611000 rw-p 00000000 00:00 0 
7faf39611000-7faf3c000000 ---p 00000000 00:00 0 
7faf3c000000-7faf3c021000 rw-p 00000000 00:00 0 
7faf3c021000-7faf40000000 ---p 00000000 00:00 0 
7faf40000000-7faf40021000 rw-p 00000000 00:00 0 
7faf40021000-7faf44000000 ---p 00000000 00:00 0 
7faf44000000-7faf44021000 rw-p 00000000 00:00 0 
7faf44021000-7faf48000000 ---p 00000000 00:00 0 
7faf48000000-7faf48075000 rw-p 00000000 00:00 0 
7faf48075000-7faf4c000000 ---p 00000000 00:00 0 
7faf4c000000-7faf4cb18000 rw-p 00000000 00:00 0 
7faf4cb18000-7faf50000000 ---p 00000000 00:00 0 
7faf50000000-7faf50021000 rw-p 00000000 00:00 0 
7faf50021000-7faf54000000 ---p 00000000 00:00 0 
7faf54000000-7faf562e2000 rw-p 00000000 00:00 0 
7faf562e2000-7faf58000000 ---p 00000000 00:00 0 
7faf58000000-7faf5a203000 rw-p 00000000 00:00 0 
7faf5a203000-7faf5c000000 ---p 00000000 00:00 0 
7faf5c000000-7faf5c021000 rw-p 00000000 00:00 0 
7faf5c021000-7faf60000000 ---p 00000000 00:00 0 
7faf60000000-7faf60021000 rw-p 00000000 00:00 0 
7faf60021000-7faf64000000 ---p 00000000 00:00 0 
7faf64000000-7faf64073000 rw-p 00000000 00:00 0 
7faf64073000-7faf68000000 ---p 00000000 00:00 0 
7faf68000000-7faf68021000 rw-p 00000000 00:00 0 
7faf68021000-7faf6c000000 ---p 00000000 00:00 0 
7faf6c000000-7faf6c053000 rw-p 00000000 00:00 0 
7faf6c053000-7faf70000000 ---p 00000000 00:00 0 
7faf74000000-7faf74021000 rw-p 00000000 00:00 0 
7faf74021000-7faf78000000 ---p 00000000 00:00 0 
7faf780ad000-7faf78471000 rw-p 00000000 00:00 0 
7faf78471000-7faf785b1000 ---p 00000000 00:00 0 
7faf785b1000-7faf787b1000 rw-p 00000000 00:00 0 
7faf787b1000-7faf789b1000 rw-p 00000000 00:00 0 
7faf789b1000-7faf78bb1000 rw-p 00000000 00:00 0 
7faf78bb1000-7faf78bc4000 r--s 00344000 08:01 3292692                    /home/ahmed/myData/android-studio/jre/jre/lib/resources.jar
7faf78bc4000-7faf78dc4000 rw-p 00000000 00:00 0 
7faf78dc4000-7faf78fc4000 rw-p 00000000 00:00 0 
7faf78fc4000-7faf791c4000 rw-p 00000000 00:00 0 
7faf791c4000-7faf791c7000 ---p 00000000 00:00 0 
7faf791c7000-7faf794c5000 rw-p 00000000 00:00 0 
7faf794c5000-7faf794c6000 r--s 00001000 08:01 5251393                    /home/ahmed/.gradle/caches/jars-2/cmhx5eetujk7j30d3nllwxyrlnugzjw/annotations-25.3.3.jar
7faf794c6000-7faf794ce000 r--s 000a8000 08:01 5251392                    /home/ahmed/.gradle/caches/jars-2/lp0h431tl0554nh1vx6zomcvteflkp/lombok-ast-0.2.3.jar
7faf794ce000-7faf794e2000 r--s 000b4000 08:01 5251391                    /home/ahmed/.gradle/caches/jars-2/hgvw6szzawm3evod5l2d6iutfug31w0/uast-162.2228.14.jar
7faf794e2000-7faf794e4000 r--s 0000d000 08:01 5251390                    /home/ahmed/.gradle/caches/jars-2/7pwz1bowgakb1eux9ezb56jlturgsyi/commons-codec-1.4.jar
7faf794e4000-7faf794e6000 r--s 0000d000 08:01 5251389                    /home/ahmed/.gradle/caches/jars-2/9dj1m0eyooi5qt13735vz8fpkl3cnfy/commons-logging-1.1.1.jar
7faf794e6000-7faf794eb000 r--s 00028000 08:01 5251388                    /home/ahmed/.gradle/caches/jars-2/62lv0fe9b3xbqe57f6ljy5upwi7mf6k/httpcore-4.1.jar
7faf794eb000-7faf794ef000 r--s 0002f000 08:01 5251387                    /home/ahmed/.gradle/caches/jars-2/gsg5n52frsvw6sx0swqqe2hwijwdcf0/jimfs-1.1.jar
7faf794ef000-7faf794f0000 r--s 00004000 08:01 5251386                    /home/ahmed/.gradle/caches/jars-2/lxs252id0979odjrerlctkb26c2vj95/annotations-12.0.jar
7faf794f0000-7faf794f1000 r--s 00004000 08:01 5251385                    /home/ahmed/.gradle/caches/jars-2/9kn99dr0rulyl67sct1ephwcop56l61/asm-analysis-5.0.4.jar
7faf794f1000-7faf794f5000 r--s 00040000 08:01 5251384                    /home/ahmed/.gradle/caches/jars-2/ccvn7yglm4blceovs70fngoac1eyn4f/lint-api-25.3.3.jar
7faf794f5000-7faf794f6000 r--s 0000a000 08:01 5251383                    /home/ahmed/.gradle/caches/jars-2/nwyg9io65lv6jvmwit2wq82xnnxd7ia/kxml2-2.3.0.jar
7faf794f6000-7faf794f8000 r--s 00005000 08:01 5251382                    /home/ahmed/.gradle/caches/jars-2/i6hc1uuj8e9ck59slmzdyz78ydn8sr6/httpmime-4.1.jar
7faf794f8000-7faf79500000 r--s 0004e000 08:01 5251381                    /home/ahmed/.gradle/caches/jars-2/7503wa5irssz0xxahv1xb82p2dl7rr2/httpclient-4.1.1.jar
7faf79500000-7faf79507000 r--s 00053000 08:01 5251380                    /home/ahmed/.gradle/caches/jars-2/jgkfvs4eqggj7qsyw1f5d3up57hanj1/commons-compress-1.8.1.jar
7faf79507000-7faf7950c000 r--s 0002a000 08:01 5251379                    /home/ahmed/.gradle/caches/jars-2/je8f027qcr1z1egw08byp1ybxbp9kko/gson-2.2.4.jar
7faf7950c000-7faf79511000 r--s 0002e000 08:01 5251378                    /home/ahmed/.gradle/caches/jars-2/s427p2wh0tfza0xa8qijgx107eeevyl/repository-25.3.3.jar
7faf79511000-7faf79513000 r--s 00006000 08:01 5251377                    /home/ahmed/.gradle/caches/jars-2/e2s952s6co8tps89l80r4riixwqo2oe/dvlib-25.3.3.jar
7faf79513000-7faf79515000 r--s 00013000 08:01 5251376                    /home/ahmed/.gradle/caches/jars-2/s02k517nvrh8cbp2c8dz4slqska6dj9/layoutlib-api-25.3.3.jar
7faf79515000-7faf7951a000 r--s 00058000 08:01 5251375                    /home/ahmed/.gradle/caches/jars-2/st159835qgxm0l87oqrnhayxos4lc1n/asm-debug-all-5.0.1.jar
7faf7951a000-7faf7952a000 r--s 000d5000 08:01 5251374                    /home/ahmed/.gradle/caches/jars-2/qzf32gp9kej4w4hlbabft6tplu74cj3/proguard-base-5.3.2.jar
7faf7952a000-7faf7952d000 r--s 00033000 08:01 5251373                    /home/ahmed/.gradle/caches/jars-2/nz9sndmr8b4xbj4xulkaciy5kdbyfiz/juniversalchardet-1.0.3.jar
7faf7952d000-7faf79531000 r--s 0002a000 08:01 5251372                    /home/ahmed/.gradle/caches/jars-2/krbpn9xjn1qymukyx8cc5l799ty1v3h/commons-io-2.4.jar
7faf79531000-7faf79548000 r--s 00154000 08:01 5251371                    /home/ahmed/.gradle/caches/jars-2/sfeivjswzitn6n0fnjx3ueszz8gv8o1/antlr4-4.5.3.jar
7faf79548000-7faf7954a000 r--s 00002000 08:01 5251370                    /home/ahmed/.gradle/caches/jars-2/rh2ip1x2zziz26tr3qzudtz088pqsb2/baseLibrary-2.3.3.jar
7faf7954a000-7faf79575000 r--s 001fc000 08:01 5251369                    /home/ahmed/.gradle/caches/jars-2/nxjrjftly2xksl8o0wqgivu5netfu2x/guava-18.0.jar
7faf79575000-7faf79588000 r--s 00241000 08:01 5251368                    /home/ahmed/.gradle/caches/jars-2/9yuekvg4qerfitq3xec0iyckuw3hwaq/ecj-4.6.1.jar
7faf79588000-7faf7958f000 r--s 000d9000 08:01 5251367                    /home/ahmed/.gradle/caches/jars-2/ak89aa8liqmr44u7r08njntn6oehe0z/lint-checks-25.3.3.jar
7faf7958f000-7faf79591000 r--s 00006000 08:01 5251366                    /home/ahmed/.gradle/caches/jars-2/6phgj9ki3jl3p5epzkqoo8pr6kur40b/asm-tree-5.0.4.jar
7faf79591000-7faf795c4000 r--s 00203000 08:01 5251364                    /home/ahmed/.gradle/caches/jars-2/hj0bfvxu9cq7hkwmecvp0kg137or3hh/bcprov-jdk15on-1.48.jar
7faf795c4000-7faf795d2000 r--s 00081000 08:01 5251363                    /home/ahmed/.gradle/caches/jars-2/4r7xli0tz94y0wfjrdyjxlxar3g1pb9/bcpkix-jdk15on-1.48.jar
7faf795d2000-7faf795d4000 r--s 00002000 08:01 5251362                    /home/ahmed/.gradle/caches/jars-2/f32bh5uivuf69ecz2j8hl96ksnqdh7v/javawriter-2.5.0.jar
7faf795d4000-7faf795d6000 r--s 00004000 08:01 5251361                    /home/ahmed/.gradle/caches/jars-2/j6s1upogkwo00sygdsekzj4fx0i75uy/tracker-25.3.3.jar
7faf795d6000-7faf795d7000 r--s 00005000 08:01 5251360                    /home/ahmed/.gradle/caches/jars-2/4svya0t1s9wyo35ycd3atidsaoo6w7e/shared-25.3.3.jar
7faf795d7000-7faf795e5000 r--s 00147000 08:01 5251359                    /home/ahmed/.gradle/caches/jars-2/qx6695c5ocd9swxv7wqtxor3plyb4b7/protos-25.3.3.jar
7faf795e5000-7faf795e6000 r--s 00001000 08:01 5251358                    /home/ahmed/.gradle/caches/jars-2/bqo69msswbvaagsh45hf1tq02v21sml/jill-api-0.10.0.jar
7faf795e6000-7faf795e8000 r--s 00003000 08:01 5251357                    /home/ahmed/.gradle/caches/jars-2/7pldadygbci34ql8thws797g29k1uhh/jack-api-0.13.0.jar
7faf795e8000-7faf795ee000 r--s 0004a000 08:01 5251356                    /home/ahmed/.gradle/caches/jars-2/euoqfzf5y1sibp9ul8mcz0wovj380eo/ddmlib-25.3.3.jar
7faf795ee000-7faf795f1000 r--s 00022000 08:01 5251355                    /home/ahmed/.gradle/caches/jars-2/a81bg2yxzmumashablwecaj0ksz6tmj/manifest-merger-25.3.3.jar
7faf795f1000-7faf795f4000 r--s 0001c000 08:01 5251354                    /home/ahmed/.gradle/caches/jars-2/l6cnyee1vojrkkbpp6qwgpf30shmrja/common-25.3.3.jar
7faf795f4000-7faf795fd000 r--s 00089000 08:01 5251353                    /home/ahmed/.gradle/caches/jars-2/m0t6h8af70sdgxvkj522jy01i14mnb8/sdk-common-25.3.3.jar
7faf795fd000-7faf79607000 r--s 00098000 08:01 5251352                    /home/ahmed/.gradle/caches/jars-2/28c9ykhc782k8jmlrnbnccai34hziki/sdklib-25.3.3.jar
7faf79607000-7faf79608000 r--s 00002000 08:01 5251351                    /home/ahmed/.gradle/caches/jars-2/4dod7a1p5hoai4v37pxbcg65bbahvg2/builder-test-api-2.3.3.jar
7faf79608000-7faf7960b000 r--s 00006000 08:01 5251350                    /home/ahmed/.gradle/caches/jars-2/omk02asobup8sgd6qxom3ej5bg94z2r/builder-model-2.3.3.jar
7faf7960b000-7faf7961a000 r--s 00130000 08:01 5251349                    /home/ahmed/.gradle/caches/jars-2/cr6zkqpx14lor9zdtmo49qpc7y8r8p4/protobuf-java-3.0.0.jar
7faf7961a000-7faf7961c000 r--s 0000f000 08:01 5251348                    /home/ahmed/.gradle/caches/jars-2/rvfyugrlu5tbpz51p98og0qsxamjq4k/jopt-simple-4.9.jar
7faf7961c000-7faf79620000 r--s 0001f000 08:01 5251347                    /home/ahmed/.gradle/caches/jars-2/nq3fzqkrrm37ob61z4iu5qdbh368uat/org.jacoco.report-0.7.5.201505241946.jar
7faf79620000-7faf79624000 r--s 0001d000 08:01 5251346                    /home/ahmed/.gradle/caches/jars-2/3kxkmcckmk40ron92zhbm0qjo9l4bkl/org.jacoco.core-0.7.5.201505241946.jar
7faf79624000-7faf79626000 r--s 00002000 08:01 5251345                    /home/ahmed/.gradle/caches/jars-2/m4m0pzb4gmaeh0in5g2xc4bxeuwt828/proguard-gradle-5.3.2.jar
7faf79626000-7faf79628000 r--s 00009000 08:01 5251344                    /home/ahmed/.gradle/caches/jars-2/ajvcvdu66lc9e3tvvipxtuq48i9bbkc/asm-commons-5.0.4.jar
7faf79628000-7faf7962a000 r--s 0000c000 08:01 5251343                    /home/ahmed/.gradle/caches/jars-2/1laz1ygmxoc408r7nwqs1q8uk8r236d/asm-5.0.4.jar
7faf7962a000-7faf7962f000 r--s 0002c000 08:01 5251342                    /home/ahmed/.gradle/caches/jars-2/3mlasgi8oo9o7oa12526198jui9zmp2/compilerCommon-2.3.3.jar
7faf7962f000-7faf79630000 r--s 00002000 08:01 5251341                    /home/ahmed/.gradle/caches/jars-2/73l309uzm0ila7rdaaxteq0ng4ayf2y/gradle-api-2.3.3.jar
7faf79630000-7faf79631000 r--s 00000000 08:01 5251340                    /home/ahmed/.gradle/caches/jars-2/tlyajppf8woug00g686fx5mchf8iv3o/transform-api-2.0.0-deprecated-use-gradle-api.jar
7faf79631000-7faf79636000 r--s 0005e000 08:01 5251339                    /home/ahmed/.gradle/caches/jars-2/k2xtosjt0in0zj7mpwvctw6iznt93uh/lint-25.3.3.jar
7faf79636000-7faf7964c000 r--s 00163000 08:01 5251338                    /home/ahmed/.gradle/caches/jars-2/nyg71b5n2lzymmwh5vbtmvjiby07k4g/builder-2.3.3.jar
7faf7964c000-7faf7966b000 r--s 001ca000 08:01 5251337                    /home/ahmed/.gradle/caches/jars-2/5fwyvjq1ai8mdh1mluqxidj1wo7rls8/gradle-core-2.3.3.jar
7faf7966b000-7faf7966d000 r--s 0000d000 08:01 5251336                    /home/ahmed/.gradle/caches/jars-2/mel54vauze7hczg2p6nebauqz8s53sj/gradle-2.3.3.jar
7faf7966d000-7faf7986d000 rw-p 00000000 00:00 0 
7faf7986d000-7faf79a6d000 rw-p 00000000 00:00 0 
7faf79a6d000-7faf79a70000 ---p 00000000 00:00 0 
7faf79a70000-7faf79d6e000 rw-p 00000000 00:00 0 
7faf79d6e000-7faf79d71000 ---p 00000000 00:00 0 
7faf79d71000-7faf79da7000 rw-p 00000000 00:00 0 
7faf79da7000-7faf79da8000 r--p 00000000 00:00 0 
7faf79da8000-7faf79fa8000 rw-p 00000000 00:00 0 
7faf79fa8000-7faf7a1a8000 rw-p 00000000 00:00 0 
7faf7a1a8000-7faf7a3a8000 rw-p 00000000 00:00 0 
7faf7a3a8000-7faf7a421000 r--s 010ed000 08:01 3289466                    /home/ahmed/myData/android-studio/jre/lib/tools.jar
7faf7a421000-7faf7a621000 rw-p 00000000 00:00 0 
7faf7a621000-7faf7a624000 ---p 00000000 00:00 0 
7faf7a624000-7faf7a722000 rw-p 00000000 00:00 0 
7faf7a722000-7faf7a725000 ---p 00000000 00:00 0 
7faf7a725000-7faf7a823000 rw-p 00000000 00:00 0 
7faf7a823000-7faf7a826000 ---p 00000000 00:00 0 
7faf7a826000-7faf7a924000 rw-p 00000000 00:00 0 
7faf7a924000-7faf7a927000 ---p 00000000 00:00 0 
7faf7a927000-7faf7aa25000 rw-p 00000000 00:00 0 
7faf7aa25000-7faf7aa28000 ---p 00000000 00:00 0 
7faf7aa28000-7faf7ad26000 rw-p 00000000 00:00 0 
7faf7ad26000-7faf7ad29000 ---p 00000000 00:00 0 
7faf7ad29000-7faf7ae27000 rw-p 00000000 00:00 0 
7faf7ae27000-7faf7ae2a000 ---p 00000000 00:00 0 
7faf7ae2a000-7faf7af28000 rw-p 00000000 00:00 0 
7faf7af28000-7faf7af2f000 r--s 00000000 08:01 3293569                    /usr/lib/x86_64-linux-gnu/gconv/gconv-modules.cache
7faf7af2f000-7faf7b12f000 rw-p 00000000 00:00 0 
7faf7b12f000-7faf7b132000 ---p 00000000 00:00 0 
7faf7b132000-7faf7b230000 rw-p 00000000 00:00 0 
7faf7b230000-7faf7b239000 r-xp 00000000 08:01 3296886                    /home/ahmed/myData/android-studio/jre/jre/lib/amd64/libmanagement.so
7faf7b239000-7faf7b438000 ---p 00009000 08:01 3296886                    /home/ahmed/myData/android-studio/jre/jre/lib/amd64/libmanagement.so
7faf7b438000-7faf7b439000 r--p 00008000 08:01 3296886                    /home/ahmed/myData/android-studio/jre/jre/lib/amd64/libmanagement.so
7faf7b439000-7faf7b43a000 rw-p 00009000 08:01 3296886                    /home/ahmed/myData/android-studio/jre/jre/lib/amd64/libmanagement.so
7faf7b43a000-7faf7b43f000 r--s 00098000 08:01 3289580                    /home/ahmed/myData/android-studio/jre/jre/lib/jsse.jar
7faf7b43f000-7faf7b441000 r--s 00007000 08:01 4456627                    /home/ahmed/.gradle/wrapper/dists/gradle-3.3-all/55gk2rcmfc6p2dg9u9ohc3hw9/gradle-3.3/lib/plugins/gradle-tooling-api-builders-3.3.jar
7faf7b441000-7faf7b444000 r--s 00009000 08:01 4456620                    /home/ahmed/.gradle/wrapper/dists/gradle-3.3-all/55gk2rcmfc6p2dg9u9ohc3hw9/gradle-3.3/lib/plugins/gradle-testing-native-3.3.jar
7faf7b444000-7faf7b44a000 r--s 00033000 08:01 4456695                    /home/ahmed/.gradle/wrapper/dists/gradle-3.3-all/55gk2rcmfc6p2dg9u9ohc3hw9/gradle-3.3/lib/plugins/snakeyaml-1.6.jar
7faf7b44a000-7faf7b44c000 r--s 00006000 08:01 4456694                    /home/ahmed/.gradle/wrapper/dists/gradle-3.3-all/55gk2rcmfc6p2dg9u9ohc3hw9/gradle-3.3/lib/plugins/jcommander-1.12.jar
7faf7b44c000-7faf7b451000 r--s 00040000 08:01 4456693                    /home/ahmed/.gradle/wrapper/dists/gradle-3.3-all/55gk2rcmfc6p2dg9u9ohc3hw9/gradle-3.3/lib/plugins/bsh-2.0b4.jar
7faf7b451000-7faf7b453000 r--s 00009000 08:01 4456701                    /home/ahmed/.gradle/wrapper/dists/gradle-3.3-all/55gk2rcmfc6p2dg9u9ohc3hw9/gradle-3.3/lib/plugins/hamcrest-core-1.3.jar
7faf7b453000-7faf7b45c000 r--s 00089000 08:01 4456652                    /home/ahmed/.gradle/wrapper/dists/gradle-3.3-all/55gk2rcmfc6p2dg9u9ohc3hw9/gradle-3.3/lib/plugins/testng-6.3.1.jar
7faf7b45c000-7faf7b464000 r--s 00045000 08:01 4456651                    /home/ahmed/.gradle/wrapper/dists/gradle-3.3-all/55gk2rcmfc6p2dg9u9ohc3hw9/gradle-3.3/lib/plugins/junit-4.12.jar
7faf7b464000-7faf7b46a000 r--s 0002e000 08:01 4456621                    /home/ahmed/.gradle/wrapper/dists/gradle-3.3-all/55gk2rcmfc6p2dg9u9ohc3hw9/gradle-3.3/lib/plugins/gradle-testing-jvm-3.3.jar
7faf7b46a000-7faf7b46e000 r--s 00016000 08:01 4456619                    /home/ahmed/.gradle/wrapper/dists/gradle-3.3-all/55gk2rcmfc6p2dg9u9ohc3hw9/gradle-3.3/lib/plugins/gradle-testing-base-3.3.jar
7faf7b46e000-7faf7b475000 r--s 00038000 08:01 4456646                    /home/ahmed/.gradle/wrapper/dists/gradle-3.3-all/55gk2rcmfc6p2dg9u9ohc3hw9/gradle-3.3/lib/plugins/bcpg-jdk15on-1.51.jar
7faf7b475000-7faf7b477000 r--s 0000c000 08:01 4456598                    /home/ahmed/.gradle/wrapper/dists/gradle-3.3-all/55gk2rcmfc6p2dg9u9ohc3hw9/gradle-3.3/lib/plugins/gradle-signing-3.3.jar
7faf7b477000-7faf7b479000 r--s 00007000 08:01 4456597                    /home/ahmed/.gradle/wrapper/dists/gradle-3.3-all/55gk2rcmfc6p2dg9u9ohc3hw9/gradle-3.3/lib/plugins/gradle-scala-3.3.jar
7faf7b479000-7faf7b47a000 r--s 00004000 08:01 4456625                    /home/ahmed/.gradle/wrapper/dists/gradle-3.3-all/55gk2rcmfc6p2dg9u9ohc3hw9/gradle-3.3/lib/plugins/gradle-resources-sftp-3.3.jar
7faf7b47a000-7faf7b48a000 r--s 00088000 08:01 4456662                    /home/ahmed/.gradle/wrapper/dists/gradle-3.3-all/55gk2rcmfc6p2dg9u9ohc3hw9/gradle-3.3/lib/plugins/joda-time-2.8.2.jar
7faf7b48a000-7faf7b49b000 r--s 0010d000 08:01 4456661                    /home/ahmed/.gradle/wrapper/dists/gradle-3.3-all/55gk2rcmfc6p2dg9u9ohc3hw9/gradle-3.3/lib/plugins/jackson-databind-2.6.6.jar
7faf7b49b000-7faf7b49e000 r--s 00009000 08:01 4456660                    /home/ahmed/.gradle/wrapper/dists/gradle-3.3-all/55gk2rcmfc6p2dg9u9ohc3hw9/gradle-3.3/lib/plugins/jackson-annotations-2.6.6.jar
7faf7b49e000-7faf7b4a2000 r--s 0003c000 08:01 4456659                    /home/ahmed/.gradle/wrapper/dists/gradle-3.3-all/55gk2rcmfc6p2dg9u9ohc3hw9/gradle-3.3/lib/plugins/jackson-core-2.6.6.jar
7faf7b4a2000-7faf7b4b0000 r--s 00087000 08:01 4456658                    /home/ahmed/.gradle/wrapper/dists/gradle-3.3-all/55gk2rcmfc6p2dg9u9ohc3hw9/gradle-3.3/lib/plugins/aws-java-sdk-core-1.11.6.jar
7faf7b4b0000-7faf7b4b7000 r--s 00057000 08:01 4456657                    /home/ahmed/.gradle/wrapper/dists/gradle-3.3-all/55gk2rcmfc6p2dg9u9ohc3hw9/gradle-3.3/lib/plugins/aws-java-sdk-kms-1.11.6.jar
7faf7b4b7000-7faf7b4c4000 r--s 0008e000 08:01 4456656                    /home/ahmed/.gradle/wrapper/dists/gradle-3.3-all/55gk2rcmfc6p2dg9u9ohc3hw9/gradle-3.3/lib/plugins/aws-java-sdk-s3-1.11.6.jar
7faf7b4c4000-7faf7b4c6000 r--s 00004000 08:01 4456626                    /home/ahmed/.gradle/wrapper/dists/gradle-3.3-all/55gk2rcmfc6p2dg9u9ohc3hw9/gradle-3.3/lib/plugins/gradle-resources-s3-3.3.jar
7faf7b4c6000-7faf7b4c8000 r--s 00005000 08:01 4456650                    /home/ahmed/.gradle/wrapper/dists/gradle-3.3-all/55gk2rcmfc6p2dg9u9ohc3hw9/gradle-3.3/lib/plugins/jatl-0.2.2.jar
7faf7b4c8000-7faf7b4ca000 r--s 0000f000 08:01 4456603                    /home/ahmed/.gradle/wrapper/dists/gradle-3.3-all/55gk2rcmfc6p2dg9u9ohc3hw9/gradle-3.3/lib/plugins/gradle-reporting-3.3.jar
7faf7b4ca000-7faf7b4cc000 r--s 00002000 08:01 4456604                    /home/ahmed/.gradle/wrapper/dists/gradle-3.3-all/55gk2rcmfc6p2dg9u9ohc3hw9/gradle-3.3/lib/plugins/gradle-publish-3.3.jar
7faf7b4cc000-7faf7b4ce000 r--s 00009000 08:01 4456633                    /home/ahmed/.gradle/wrapper/dists/gradle-3.3-all/55gk2rcmfc6p2dg9u9ohc3hw9/gradle-3.3/lib/plugins/commons-cli-1.2.jar
7faf7b4ce000-7faf7b4d4000 r--s 00031000 08:01 4456589                    /home/ahmed/.gradle/wrapper/dists/gradle-3.3-all/55gk2rcmfc6p2dg9u9ohc3hw9/gradle-3.3/lib/plugins/gradle-plugins-3.3.jar
7faf7b4d4000-7faf7b4d6000 r--s 00009000 08:01 4456622                    /home/ahmed/.gradle/wrapper/dists/gradle-3.3-all/55gk2rcmfc6p2dg9u9ohc3hw9/gradle-3.3/lib/plugins/gradle-plugin-development-3.3.jar
7faf7b4d6000-7faf7b4dc000 r--s 0002b000 08:01 4456615                    /home/ahmed/.gradle/wrapper/dists/gradle-3.3-all/55gk2rcmfc6p2dg9u9ohc3hw9/gradle-3.3/lib/plugins/gradle-platform-play-3.3.jar
7faf7b4dc000-7faf7b4ea000 r--s 00055000 08:01 4456614                    /home/ahmed/.gradle/wrapper/dists/gradle-3.3-all/55gk2rcmfc6p2dg9u9ohc3hw9/gradle-3.3/lib/plugins/gradle-platform-native-3.3.jar
7faf7b4ea000-7faf7b4ef000 r--s 0001f000 08:01 4456609                    /home/ahmed/.gradle/wrapper/dists/gradle-3.3-all/55gk2rcmfc6p2dg9u9ohc3hw9/gradle-3.3/lib/plugins/gradle-platform-jvm-3.3.jar
7faf7b4ef000-7faf7b4f7000 r--s 00027000 08:01 4456608                    /home/ahmed/.gradle/wrapper/dists/gradle-3.3-all/55gk2rcmfc6p2dg9u9ohc3hw9/gradle-3.3/lib/plugins/gradle-platform-base-3.3.jar
7faf7b4f7000-7faf7b51f000 r--s 0021c000 08:01 4456641                    /home/ahmed/.gradle/wrapper/dists/gradle-3.3-all/55gk2rcmfc6p2dg9u9ohc3hw9/gradle-3.3/lib/plugins/biz.aQute.bndlib-3.2.0.jar
7faf7b51f000-7faf7b521000 r--s 00003000 08:01 4456593                    /home/ahmed/.gradle/wrapper/dists/gradle-3.3-all/55gk2rcmfc6p2dg9u9ohc3hw9/gradle-3.3/lib/plugins/gradle-osgi-3.3.jar
7faf7b521000-7faf7b524000 r--s 0000c000 08:01 4456644                    /home/ahmed/.gradle/wrapper/dists/gradle-3.3-all/55gk2rcmfc6p2dg9u9ohc3hw9/gradle-3.3/lib/plugins/pmaven-groovy-0.8-20100325.jar
7faf7b524000-7faf7b525000 r--s 00004000 08:01 4456643                    /home/ahmed/.gradle/wrapper/dists/gradle-3.3-all/55gk2rcmfc6p2dg9u9ohc3hw9/gradle-3.3/lib/plugins/pmaven-common-0.8-20100325.jar
7faf7b525000-7faf7b52b000 r--s 00023000 08:01 4456594                    /home/ahmed/.gradle/wrapper/dists/gradle-3.3-all/55gk2rcmfc6p2dg9u9ohc3hw9/gradle-3.3/lib/plugins/gradle-maven-3.3.jar
7faf7b52b000-7faf7b52e000 r--s 0000b000 08:01 4456613                    /home/ahmed/.gradle/wrapper/dists/gradle-3.3-all/55gk2rcmfc6p2dg9u9ohc3hw9/gradle-3.3/lib/plugins/gradle-language-scala-3.3.jar
7faf7b52e000-7faf7b534000 r--s 0001a000 08:01 4456617                    /home/ahmed/.gradle/wrapper/dists/gradle-3.3-all/55gk2rcmfc6p2dg9u9ohc3hw9/gradle-3.3/lib/plugins/gradle-language-native-3.3.jar
7faf7b534000-7faf7b537000 r--s 00005000 08:01 4456610                    /home/ahmed/.gradle/wrapper/dists/gradle-3.3-all/55gk2rcmfc6p2dg9u9ohc3hw9/gradle-3.3/lib/plugins/gradle-language-jvm-3.3.jar
7faf7b537000-7faf7b53d000 r--s 00027000 08:01 4456611                    /home/ahmed/.gradle/wrapper/dists/gradle-3.3-all/55gk2rcmfc6p2dg9u9ohc3hw9/gradle-3.3/lib/plugins/gradle-language-java-3.3.jar
7faf7b53d000-7faf7b53f000 r--s 0000a000 08:01 4456612                    /home/ahmed/.gradle/wrapper/dists/gradle-3.3-all/55gk2rcmfc6p2dg9u9ohc3hw9/gradle-3.3/lib/plugins/gradle-language-groovy-3.3.jar
7faf7b53f000-7faf7b542000 r--s 0001e000 08:01 4456668                    /home/ahmed/.gradle/wrapper/dists/gradle-3.3-all/55gk2rcmfc6p2dg9u9ohc3hw9/gradle-3.3/lib/plugins/jsp-api-2.1-6.1.14.jar
7faf7b542000-7faf7b565000 r--s 00344000 08:01 4456667                    /home/ahmed/.gradle/wrapper/dists/gradle-3.3-all/55gk2rcmfc6p2dg9u9ohc3hw9/gradle-3.3/lib/plugins/core-3.1.1.jar
7faf7b565000-7faf7b566000 r--s 00006000 08:01 4456666                    /home/ahmed/.gradle/wrapper/dists/gradle-3.3-all/55gk2rcmfc6p2dg9u9ohc3hw9/gradle-3.3/lib/plugins/jetty-naming-6.1.26.jar
7faf7b566000-7faf7b567000 r--s 00002000 08:01 4456640                    /home/ahmed/.gradle/wrapper/dists/gradle-3.3-all/55gk2rcmfc6p2dg9u9ohc3hw9/gradle-3.3/lib/plugins/geronimo-annotation_1.0_spec-1.0.jar
7faf7b567000-7faf7b569000 r--s 00002000 08:01 4456639                    /home/ahmed/.gradle/wrapper/dists/gradle-3.3-all/55gk2rcmfc6p2dg9u9ohc3hw9/gradle-3.3/lib/plugins/jetty-annotations-6.1.26.jar
7faf7b569000-7faf7b57a000 r--s 000ea000 08:01 4456638                    /home/ahmed/.gradle/wrapper/dists/gradle-3.3-all/55gk2rcmfc6p2dg9u9ohc3hw9/gradle-3.3/lib/plugins/jsp-2.1-6.1.14.jar
7faf7b57a000-7faf7b57c000 r--s 0000d000 08:01 4456637                    /home/ahmed/.gradle/wrapper/dists/gradle-3.3-all/55gk2rcmfc6p2dg9u9ohc3hw9/gradle-3.3/lib/plugins/jetty-plus-6.1.26.jar
7faf7b57c000-7faf7b57e000 r--s 0001f000 08:01 4456636                    /home/ahmed/.gradle/wrapper/dists/gradle-3.3-all/55gk2rcmfc6p2dg9u9ohc3hw9/gradle-3.3/lib/plugins/servlet-api-2.5-20081211.jar
7faf7b57e000-7faf7b582000 r--s 00028000 08:01 4456635                    /home/ahmed/.gradle/wrapper/dists/gradle-3.3-all/55gk2rcmfc6p2dg9u9ohc3hw9/gradle-3.3/lib/plugins/jetty-util-6.1.26.jar
7faf7b582000-7faf7b589000 r--s 0007d000 08:01 4456634                    /home/ahmed/.gradle/wrapper/dists/gradle-3.3-all/55gk2rcmfc6p2dg9u9ohc3hw9/gradle-3.3/lib/plugins/jetty-6.1.26.jar
7faf7b589000-7faf7b58b000 r--s 0000a000 08:01 4456591                    /home/ahmed/.gradle/wrapper/dists/gradle-3.3-all/55gk2rcmfc6p2dg9u9ohc3hw9/gradle-3.3/lib/plugins/gradle-jetty-3.3.jar
7faf7b58b000-7faf7b592000 r--s 00035000 08:01 4456649                    /home/ahmed/.gradle/wrapper/dists/gradle-3.3-all/55gk2rcmfc6p2dg9u9ohc3hw9/gradle-3.3/lib/plugins/simple-4.1.21.jar
7faf7b592000-7faf7b59e000 r--s 00100000 08:01 4456647                    /home/ahmed/.gradle/wrapper/dists/gradle-3.3-all/55gk2rcmfc6p2dg9u9ohc3hw9/gradle-3.3/lib/plugins/rhino-1.7R3.jar
7faf7b59e000-7faf7b5a2000 r--s 00012000 08:01 4456600                    /home/ahmed/.gradle/wrapper/dists/gradle-3.3-all/55gk2rcmfc6p2dg9u9ohc3hw9/gradle-3.3/lib/plugins/gradle-javascript-3.3.jar
7faf7b5a2000-7faf7b5a4000 r--s 0000d000 08:01 4456606                    /home/ahmed/.gradle/wrapper/dists/gradle-3.3-all/55gk2rcmfc6p2dg9u9ohc3hw9/gradle-3.3/lib/plugins/gradle-jacoco-3.3.jar
7faf7b5a4000-7faf7b5a7000 r--s 0000e000 08:01 4456605                    /home/ahmed/.gradle/wrapper/dists/gradle-3.3-all/55gk2rcmfc6p2dg9u9ohc3hw9/gradle-3.3/lib/plugins/gradle-ivy-3.3.jar
7faf7b5a7000-7faf7b5a8000 r--s 00002000 08:01 4456616                    /home/ahmed/.gradle/wrapper/dists/gradle-3.3-all/55gk2rcmfc6p2dg9u9ohc3hw9/gradle-3.3/lib/plugins/gradle-ide-play-3.3.jar
7faf7b5a8000-7faf7b5ab000 r--s 00013000 08:01 4456618                    /home/ahmed/.gradle/wrapper/dists/gradle-3.3-all/55gk2rcmfc6p2dg9u9ohc3hw9/gradle-3.3/lib/plugins/gradle-ide-native-3.3.jar
7faf7b5ab000-7faf7b5b4000 r--s 00055000 08:01 4456595                    /home/ahmed/.gradle/wrapper/dists/gradle-3.3-all/55gk2rcmfc6p2dg9u9ohc3hw9/gradle-3.3/lib/plugins/gradle-ide-3.3.jar
7faf7b5b4000-7faf7b5b6000 r--s 00007000 08:01 4456599                    /home/ahmed/.gradle/wrapper/dists/gradle-3.3-all/55gk2rcmfc6p2dg9u9ohc3hw9/gradle-3.3/lib/plugins/gradle-ear-3.3.jar
7faf7b5b6000-7faf7b5bc000 r--s 00039000 08:01 4456602                    /home/ahmed/.gradle/wrapper/dists/gradle-3.3-all/55gk2rcmfc6p2dg9u9ohc3hw9/gradle-3.3/lib/plugins/gradle-diagnostics-3.3.jar
7faf7b5bc000-7faf7b5bd000 r--s 00009000 08:01 4456628                    /home/ahmed/.gradle/wrapper/dists/gradle-3.3-all/55gk2rcmfc6p2dg9u9ohc3hw9/gradle-3.3/lib/plugins/gradle-composite-builds-3.3.jar
7faf7b5bd000-7faf7b5c1000 r--s 00023000 08:01 4456590                    /home/ahmed/.gradle/wrapper/dists/gradle-3.3-all/55gk2rcmfc6p2dg9u9ohc3hw9/gradle-3.3/lib/plugins/gradle-code-quality-3.3.jar
7faf7b5c1000-7faf7b5c5000 r--s 00022000 08:01 4456607                    /home/ahmed/.gradle/wrapper/dists/gradle-3.3-all/55gk2rcmfc6p2dg9u9ohc3hw9/gradle-3.3/lib/plugins/gradle-build-init-3.3.jar
7faf7b5c5000-7faf7b5cb000 r--s 0008e000 08:01 4456601                    /home/ahmed/.gradle/wrapper/dists/gradle-3.3-all/55gk2rcmfc6p2dg9u9ohc3hw9/gradle-3.3/lib/plugins/gradle-build-comparison-3.3.jar
7faf7b5cb000-7faf7b5cc000 r--s 00001000 08:01 4456629                    /home/ahmed/.gradle/wrapper/dists/gradle-3.3-all/55gk2rcmfc6p2dg9u9ohc3hw9/gradle-3.3/lib/plugins/gradle-build-cache-http-3.3.jar
7faf7b5cc000-7faf7b5ce000 r--s 00008000 08:01 4456592                    /home/ahmed/.gradle/wrapper/dists/gradle-3.3-all/55gk2rcmfc6p2dg9u9ohc3hw9/gradle-3.3/lib/plugins/gradle-antlr-3.3.jar
7faf7b5ce000-7faf7b5d0000 r--s 00004000 08:01 4456596                    /home/ahmed/.gradle/wrapper/dists/gradle-3.3-all/55gk2rcmfc6p2dg9u9ohc3hw9/gradle-3.3/lib/plugins/gradle-announce-3.3.jar
7faf7b5d0000-7faf7b5e8000 r--s 00115000 08:01 4456698                    /home/ahmed/.gradle/wrapper/dists/gradle-3.3-all/55gk2rcmfc6p2dg9u9ohc3hw9/gradle-3.3/lib/plugins/xercesImpl-2.9.1.jar
7faf7b5e8000-7faf7b5f0000 r--s 00028000 08:01 4456699                    /home/ahmed/.gradle/wrapper/dists/gradle-3.3-all/55gk2rcmfc6p2dg9u9ohc3hw9/gradle-3.3/lib/plugins/xml-apis-1.3.04.jar
7faf7b5f0000-7faf7b5f6000 r--s 0005b000 08:01 4456697                    /home/ahmed/.gradle/wrapper/dists/gradle-3.3-all/55gk2rcmfc6p2dg9u9ohc3hw9/gradle-3.3/lib/plugins/jcifs-1.3.17.jar
7faf7b5f6000-7faf7b5fc000 r--s 00033000 08:01 4456645                    /home/ahmed/.gradle/wrapper/dists/gradle-3.3-all/55gk2rcmfc6p2dg9u9ohc3hw9/gradle-3.3/lib/plugins/commons-codec-1.6.jar
7faf7b5fc000-7faf7b603000 r--s 00049000 08:01 4456696                    /home/ahmed/.gradle/wrapper/dists/gradle-3.3-all/55gk2rcmfc6p2dg9u9ohc3hw9/gradle-3.3/lib/plugins/httpcore-4.4.4.jar
7faf7b603000-7faf7b606000 r--s 0001c000 08:01 4456654                    /home/ahmed/.gradle/wrapper/dists/gradle-3.3-all/55gk2rcmfc6p2dg9u9ohc3hw9/gradle-3.3/lib/plugins/nekohtml-1.9.14.jar
7faf7b606000-7faf7b613000 r--s 000a4000 08:01 4456653                    /home/ahmed/.gradle/wrapper/dists/gradle-3.3-all/55gk2rcmfc6p2dg9u9ohc3hw9/gradle-3.3/lib/plugins/httpclient-4.4.1.jar
7faf7b613000-7faf7b616000 r--s 0000a000 08:01 4456624                    /home/ahmed/.gradle/wrapper/dists/gradle-3.3-all/55gk2rcmfc6p2dg9u9ohc3hw9/gradle-3.3/lib/plugins/gradle-resources-http-3.3.jar
7faf7b616000-7faf7b61a000 r--s 00015000 08:01 4456623                    /home/ahmed/.gradle/wrapper/dists/gradle-3.3-all/55gk2rcmfc6p2dg9u9ohc3hw9/gradle-3.3/lib/plugins/gradle-plugin-use-3.3.jar
7faf7b61a000-7faf7b61b000 r--s 00000000 08:01 4456536                    /home/ahmed/.gradle/wrapper/dists/gradle-3.3-all/55gk2rcmfc6p2dg9u9ohc3hw9/gradle-3.3/lib/gradle-installation-beacon-3.3.jar
7faf7b61b000-7faf7b61d000 r--s 00006000 08:01 4456692                    /home/ahmed/.gradle/wrapper/dists/gradle-3.3-all/55gk2rcmfc6p2dg9u9ohc3hw9/gradle-3.3/lib/plugins/aether-connector-wagon-1.13.1.jar
7faf7b61d000-7faf7b621000 r--s 0001c000 08:01 4456691                    /home/ahmed/.gradle/wrapper/dists/gradle-3.3-all/55gk2rcmfc6p2dg9u9ohc3hw9/gradle-3.3/lib/plugins/aether-util-1.13.1.jar
7faf7b621000-7faf7b622000 r--s 00003000 08:01 4456690                    /home/ahmed/.gradle/wrapper/dists/gradle-3.3-all/55gk2rcmfc6p2dg9u9ohc3hw9/gradle-3.3/lib/plugins/aether-spi-1.13.1.jar
7faf7b622000-7faf7b625000 r--s 0001d000 08:01 4456689                    /home/ahmed/.gradle/wrapper/dists/gradle-3.3-all/55gk2rcmfc6p2dg9u9ohc3hw9/gradle-3.3/lib/plugins/aether-impl-1.13.1.jar
7faf7b625000-7faf7b628000 r--s 00013000 08:01 4456688                    /home/ahmed/.gradle/wrapper/dists/gradle-3.3-all/55gk2rcmfc6p2dg9u9ohc3hw9/gradle-3.3/lib/plugins/aether-api-1.13.1.jar
7faf7b628000-7faf7b629000 r--s 00007000 08:01 4456687                    /home/ahmed/.gradle/wrapper/dists/gradle-3.3-all/55gk2rcmfc6p2dg9u9ohc3hw9/gradle-3.3/lib/plugins/wagon-http-shared4-2.4.jar
7faf7b629000-7faf7b62b000 r--s 0000b000 08:01 4456686                    /home/ahmed/.gradle/wrapper/dists/gradle-3.3-all/55gk2rcmfc6p2dg9u9ohc3hw9/gradle-3.3/lib/plugins/wagon-provider-api-2.4.jar
7faf7b62b000-7faf7b62c000 r--s 00002000 08:01 4456685                    /home/ahmed/.gradle/wrapper/dists/gradle-3.3-all/55gk2rcmfc6p2dg9u9ohc3hw9/gradle-3.3/lib/plugins/wagon-http-2.4.jar
7faf7b62c000-7faf7b62d000 r--s 00002000 08:01 4456684                    /home/ahmed/.gradle/wrapper/dists/gradle-3.3-all/55gk2rcmfc6p2dg9u9ohc3hw9/gradle-3.3/lib/plugins/wagon-file-2.4.jar
7faf7b62d000-7faf7b62f000 r--s 0000c000 08:01 4456683                    /home/ahmed/.gradle/wrapper/dists/gradle-3.3-all/55gk2rcmfc6p2dg9u9ohc3hw9/gradle-3.3/lib/plugins/maven-aether-provider-3.0.4.jar
7faf7b62f000-7faf7b631000 r--s 0000b000 08:01 4456682                    /home/ahmed/.gradle/wrapper/dists/gradle-3.3-all/55gk2rcmfc6p2dg9u9ohc3hw9/gradle-3.3/lib/plugins/maven-plugin-api-3.0.4.jar
7faf7b631000-7faf7b633000 r--s 00006000 08:01 4456681                    /home/ahmed/.gradle/wrapper/dists/gradle-3.3-all/55gk2rcmfc6p2dg9u9ohc3hw9/gradle-3.3/lib/plugins/maven-repository-metadata-3.0.4.jar
7faf7b633000-7faf7b635000 r--s 0000b000 08:01 4456680                    /home/ahmed/.gradle/wrapper/dists/gradle-3.3-all/55gk2rcmfc6p2dg9u9ohc3hw9/gradle-3.3/lib/plugins/maven-artifact-3.0.4.jar
7faf7b635000-7faf7b637000 r--s 00026000 08:01 4456679                    /home/ahmed/.gradle/wrapper/dists/gradle-3.3-all/55gk2rcmfc6p2dg9u9ohc3hw9/gradle-3.3/lib/plugins/maven-model-3.0.4.jar
7faf7b637000-7faf7b63b000 r--s 00021000 08:01 4456678                    /home/ahmed/.gradle/wrapper/dists/gradle-3.3-all/55gk2rcmfc6p2dg9u9ohc3hw9/gradle-3.3/lib/plugins/maven-model-builder-3.0.4.jar
7faf7b63b000-7faf7b641000 r--s 0003f000 08:01 4456677                    /home/ahmed/.gradle/wrapper/dists/gradle-3.3-all/55gk2rcmfc6p2dg9u9ohc3hw9/gradle-3.3/lib/plugins/maven-compat-3.0.4.jar
7faf7b641000-7faf7b642000 r--s 00006000 08:01 4456676                    /home/ahmed/.gradle/wrapper/dists/gradle-3.3-all/55gk2rcmfc6p2dg9u9ohc3hw9/gradle-3.3/lib/plugins/plexus-sec-dispatcher-1.3.jar
7faf7b642000-7faf7b644000 r--s 00002000 08:01 4456675                    /home/ahmed/.gradle/wrapper/dists/gradle-3.3-all/55gk2rcmfc6p2dg9u9ohc3hw9/gradle-3.3/lib/plugins/plexus-cipher-1.7.jar
7faf7b644000-7faf7b646000 r--s 0000a000 08:01 4456674                    /home/ahmed/.gradle/wrapper/dists/gradle-3.3-all/55gk2rcmfc6p2dg9u9ohc3hw9/gradle-3.3/lib/plugins/plexus-classworlds-2.4.jar
7faf7b646000-7faf7b64d000 r--s 0002e000 08:01 4456673                    /home/ahmed/.gradle/wrapper/dists/gradle-3.3-all/55gk2rcmfc6p2dg9u9ohc3hw9/gradle-3.3/lib/plugins/plexus-container-default-1.5.5.jar
7faf7b64d000-7faf7b64f000 r--s 00000000 08:01 4456700                    /home/ahmed/.gradle/wrapper/dists/gradle-3.3-all/55gk2rcmfc6p2dg9u9ohc3hw9/gradle-3.3/lib/plugins/plexus-component-annotations-1.5.5.jar
7faf7b64f000-7faf7b651000 r--s 0000d000 08:01 4456672                    /home/ahmed/.gradle/wrapper/dists/gradle-3.3-all/55gk2rcmfc6p2dg9u9ohc3hw9/gradle-3.3/lib/plugins/plexus-interpolation-1.14.jar
7faf7b651000-7faf7b667000 r-xp 00000000 08:01 7996426                    /lib/x86_64-linux-gnu/libgcc_s.so.1
7faf7b667000-7faf7b866000 ---p 00016000 08:01 7996426                    /lib/x86_64-linux-gnu/libgcc_s.so.1
7faf7b866000-7faf7b867000 rw-p 00015000 08:01 7996426                    /lib/x86_64-linux-gnu/libgcc_s.so.1
7faf7b867000-7faf7b9d9000 r-xp 00000000 08:01 2892555                    /usr/lib/x86_64-linux-gnu/libstdc++.so.6.0.21
7faf7b9d9000-7faf7bbd9000 ---p 00172000 08:01 2892555                    /usr/lib/x86_64-linux-gnu/libstdc++.so.6.0.21
7faf7bbd9000-7faf7bbe3000 r--p 00172000 08:01 2892555                    /usr/lib/x86_64-linux-gnu/libstdc++.so.6.0.21
7faf7bbe3000-7faf7bbe5000 rw-p 0017c000 08:01 2892555                    /usr/lib/x86_64-linux-gnu/libstdc++.so.6.0.21
7faf7bbe5000-7faf7bbe9000 rw-p 00000000 00:00 0 
7faf7bbe9000-7faf7bbee000 r-xp 00000000 08:01 4597518                    /home/ahmed/.gradle/native/23/linux-amd64/libnative-platform.so
7faf7bbee000-7faf7bded000 ---p 00005000 08:01 4597518                    /home/ahmed/.gradle/native/23/linux-amd64/libnative-platform.so
7faf7bded000-7faf7bdee000 rw-p 00004000 08:01 4597518                    /home/ahmed/.gradle/native/23/linux-amd64/libnative-platform.so
7faf7bdee000-7faf7bdff000 r-xp 00000000 08:01 3289795                    /home/ahmed/myData/android-studio/jre/jre/lib/amd64/libnio.so
7faf7bdff000-7faf7bffe000 ---p 00011000 08:01 3289795                    /home/ahmed/myData/android-studio/jre/jre/lib/amd64/libnio.so
7faf7bffe000-7faf7bfff000 r--p 00010000 08:01 3289795                    /home/ahmed/myData/android-studio/jre/jre/lib/amd64/libnio.so
7faf7bfff000-7faf7c000000 rw-p 00011000 08:01 3289795                    /home/ahmed/myData/android-studio/jre/jre/lib/amd64/libnio.so
7faf7c000000-7faf7c02d000 rw-p 00000000 00:00 0 
7faf7c02d000-7faf80000000 ---p 00000000 00:00 0 
7faf80000000-7faf80004000 r--s 00033000 08:01 4456671                    /home/ahmed/.gradle/wrapper/dists/gradle-3.3-all/55gk2rcmfc6p2dg9u9ohc3hw9/gradle-3.3/lib/plugins/plexus-utils-2.0.6.jar
7faf80004000-7faf80007000 r--s 00008000 08:01 4456670                    /home/ahmed/.gradle/wrapper/dists/gradle-3.3-all/55gk2rcmfc6p2dg9u9ohc3hw9/gradle-3.3/lib/plugins/maven-settings-builder-3.0.4.jar
7faf80007000-7faf80009000 r--s 0000a000 08:01 4456669                    /home/ahmed/.gradle/wrapper/dists/gradle-3.3-all/55gk2rcmfc6p2dg9u9ohc3hw9/gradle-3.3/lib/plugins/maven-settings-3.0.4.jar
7faf80009000-7faf8000e000 r--s 00040000 08:01 4456655                    /home/ahmed/.gradle/wrapper/dists/gradle-3.3-all/55gk2rcmfc6p2dg9u9ohc3hw9/gradle-3.3/lib/plugins/jsch-0.1.53.jar
7faf8000e000-7faf8004e000 r--s 00277000 08:01 4456665                    /home/ahmed/.gradle/wrapper/dists/gradle-3.3-all/55gk2rcmfc6p2dg9u9ohc3hw9/gradle-3.3/lib/plugins/bcprov-jdk15on-1.51.jar
7faf8004e000-7faf80052000 r--s 0001d000 08:01 4456664                    /home/ahmed/.gradle/wrapper/dists/gradle-3.3-all/55gk2rcmfc6p2dg9u9ohc3hw9/gradle-3.3/lib/plugins/xbean-reflect-3.4.jar
7faf80052000-7faf8005e000 r--s 0007d000 08:01 4456642                    /home/ahmed/.gradle/wrapper/dists/gradle-3.3-all/55gk2rcmfc6p2dg9u9ohc3hw9/gradle-3.3/lib/plugins/maven-core-3.0.4.jar
7faf8005e000-7faf80063000 r--s 00034000 08:01 4456648                    /home/ahmed/.gradle/wrapper/dists/gradle-3.3-all/55gk2rcmfc6p2dg9u9ohc3hw9/gradle-3.3/lib/plugins/gson-2.7.jar
7faf80063000-7faf80072000 r--s 000d9000 08:01 4456663                    /home/ahmed/.gradle/wrapper/dists/gradle-3.3-all/55gk2rcmfc6p2dg9u9ohc3hw9/gradle-3.3/lib/plugins/ivy-2.2.0.jar
7faf80072000-7faf80091000 r--s 000f6000 08:01 4456631                    /home/ahmed/.gradle/wrapper/dists/gradle-3.3-all/55gk2rcmfc6p2dg9u9ohc3hw9/gradle-3.3/lib/plugins/gradle-dependency-management-3.3.jar
7faf80091000-7faf80093000 r--s 00005000 08:01 4456630                    /home/ahmed/.gradle/wrapper/dists/gradle-3.3-all/55gk2rcmfc6p2dg9u9ohc3hw9/gradle-3.3/lib/plugins/gradle-workers-3.3.jar
7faf80093000-7faf80394000 rw-p 00000000 00:00 0 
7faf80394000-7faf803ab000 r-xp 00000000 08:01 3289792                    /home/ahmed/myData/android-studio/jre/jre/lib/amd64/libnet.so
7faf803ab000-7faf805aa000 ---p 00017000 08:01 3289792                    /home/ahmed/myData/android-studio/jre/jre/lib/amd64/libnet.so
7faf805aa000-7faf805ab000 r--p 00016000 08:01 3289792                    /home/ahmed/myData/android-studio/jre/jre/lib/amd64/libnet.so
7faf805ab000-7faf805ac000 rw-p 00017000 08:01 3289792                    /home/ahmed/myData/android-studio/jre/jre/lib/amd64/libnet.so
7faf805ac000-7faf805ad000 r--s 00006000 08:01 4456535                    /home/ahmed/.gradle/wrapper/dists/gradle-3.3-all/55gk2rcmfc6p2dg9u9ohc3hw9/gradle-3.3/lib/gradle-wrapper-3.3.jar
7faf805ad000-7faf805ba000 r--s 00041000 08:01 4456542                    /home/ahmed/.gradle/wrapper/dists/gradle-3.3-all/55gk2rcmfc6p2dg9u9ohc3hw9/gradle-3.3/lib/gradle-tooling-api-3.3.jar
7faf805ba000-7faf805c0000 r--s 00032000 08:01 4456564                    /home/ahmed/.gradle/wrapper/dists/gradle-3.3-all/55gk2rcmfc6p2dg9u9ohc3hw9/gradle-3.3/lib/jaxen-1.1.jar
7faf805c0000-7faf805cb000 r--s 00059000 08:01 4456541                    /home/ahmed/.gradle/wrapper/dists/gradle-3.3-all/55gk2rcmfc6p2dg9u9ohc3hw9/gradle-3.3/lib/gradle-ui-3.3.jar
7faf805cb000-7faf805d4000 r--s 0008c000 08:01 4456533                    /home/ahmed/.gradle/wrapper/dists/gradle-3.3-all/55gk2rcmfc6p2dg9u9ohc3hw9/gradle-3.3/lib/kotlin-stdlib-1.1-M02.jar
7faf805d4000-7faf80608000 r--s 00256000 08:01 4456531                    /home/ahmed/.gradle/wrapper/dists/gradle-3.3-all/55gk2rcmfc6p2dg9u9ohc3hw9/gradle-3.3/lib/kotlin-reflect-1.1-M02.jar
7faf80608000-7faf8079e000 r--s 0157e000 08:01 4456530                    /home/ahmed/.gradle/wrapper/dists/gradle-3.3-all/55gk2rcmfc6p2dg9u9ohc3hw9/gradle-3.3/lib/kotlin-compiler-embeddable-1.1-M02.jar
7faf8079e000-7faf8080e000 r--s 00641000 08:01 4456549                    /home/ahmed/.gradle/wrapper/dists/gradle-3.3-all/55gk2rcmfc6p2dg9u9ohc3hw9/gradle-3.3/lib/groovy-all-2.4.7.jar
7faf8080e000-7faf8080f000 ---p 00000000 00:00 0 
7faf8080f000-7faf8090f000 rw-p 00000000 00:00 0 
7faf8090f000-7faf80912000 ---p 00000000 00:00 0 
7faf80912000-7faf80a10000 rw-p 00000000 00:00 0 
7faf80a10000-7faf80a13000 ---p 00000000 00:00 0 
7faf80a13000-7faf80b11000 rw-p 00000000 00:00 0 
7faf80b11000-7faf80b14000 ---p 00000000 00:00 0 
7faf80b14000-7faf80c12000 rw-p 00000000 00:00 0 
7faf80c12000-7faf80c15000 ---p 00000000 00:00 0 
7faf80c15000-7faf80d13000 rw-p 00000000 00:00 0 
7faf80d13000-7faf81000000 r--p 00000000 08:01 2890020                    /usr/lib/locale/locale-archive
7faf81000000-7faf84000000 rw-p 00000000 00:00 0 
7faf84000000-7faf8403c000 rw-p 00000000 00:00 0 
7faf8403c000-7faf88000000 ---p 00000000 00:00 0 
7faf88000000-7faf88002000 r--s 00002000 08:01 4456562                    /home/ahmed/.gradle/wrapper/dists/gradle-3.3-all/55gk2rcmfc6p2dg9u9ohc3hw9/gradle-3.3/lib/gradle-open-api-3.3.jar
7faf88002000-7faf88007000 r--s 00048000 08:01 4456563                    /home/ahmed/.gradle/wrapper/dists/gradle-3.3-all/55gk2rcmfc6p2dg9u9ohc3hw9/gradle-3.3/lib/dom4j-1.6.1.jar
7faf88007000-7faf8800d000 r--s 0002a000 08:01 4456532                    /home/ahmed/.gradle/wrapper/dists/gradle-3.3-all/55gk2rcmfc6p2dg9u9ohc3hw9/gradle-3.3/lib/kotlin-runtime-1.1-M02.jar
7faf8800d000-7faf88015000 r--s 0004e000 08:01 4456529                    /home/ahmed/.gradle/wrapper/dists/gradle-3.3-all/55gk2rcmfc6p2dg9u9ohc3hw9/gradle-3.3/lib/gradle-script-kotlin-0.5.1.jar
7faf88015000-7faf88018000 r--s 0000b000 08:01 4456560                    /home/ahmed/.gradle/wrapper/dists/gradle-3.3-all/55gk2rcmfc6p2dg9u9ohc3hw9/gradle-3.3/lib/gradle-resources-3.3.jar
7faf88018000-7faf8801a000 r--s 00003000 08:01 4456569                    /home/ahmed/.gradle/wrapper/dists/gradle-3.3-all/55gk2rcmfc6p2dg9u9ohc3hw9/gradle-3.3/lib/jcl-over-slf4j-1.7.10.jar
7faf8801a000-7faf8801b000 r--s 00005000 08:01 4456568                    /home/ahmed/.gradle/wrapper/dists/gradle-3.3-all/55gk2rcmfc6p2dg9u9ohc3hw9/gradle-3.3/lib/log4j-over-slf4j-1.7.10.jar
7faf8801b000-7faf8801d000 r--s 00000000 08:01 4456567                    /home/ahmed/.gradle/wrapper/dists/gradle-3.3-all/55gk2rcmfc6p2dg9u9ohc3hw9/gradle-3.3/lib/jul-to-slf4j-1.7.10.jar
7faf8801d000-7faf88022000 r--s 0001e000 08:01 4456544                    /home/ahmed/.gradle/wrapper/dists/gradle-3.3-all/55gk2rcmfc6p2dg9u9ohc3hw9/gradle-3.3/lib/gradle-logging-3.3.jar
7faf88022000-7faf88024000 r--s 00007000 08:01 4456588                    /home/ahmed/.gradle/wrapper/dists/gradle-3.3-all/55gk2rcmfc6p2dg9u9ohc3hw9/gradle-3.3/lib/objenesis-1.2.jar
7faf88024000-7faf88026000 r--s 00000000 08:01 4456587                    /home/ahmed/.gradle/wrapper/dists/gradle-3.3-all/55gk2rcmfc6p2dg9u9ohc3hw9/gradle-3.3/lib/minlog-1.2.jar
7faf88026000-7faf88028000 r--s 0000f000 08:01 4456586                    /home/ahmed/.gradle/wrapper/dists/gradle-3.3-all/55gk2rcmfc6p2dg9u9ohc3hw9/gradle-3.3/lib/reflectasm-1.07-shaded.jar
7faf88028000-7faf8802c000 r--s 00026000 08:01 4456571                    /home/ahmed/.gradle/wrapper/dists/gradle-3.3-all/55gk2rcmfc6p2dg9u9ohc3hw9/gradle-3.3/lib/kryo-2.20.jar
7faf8802c000-7faf88032000 r--s 00027000 08:01 4456559                    /home/ahmed/.gradle/wrapper/dists/gradle-3.3-all/55gk2rcmfc6p2dg9u9ohc3hw9/gradle-3.3/lib/gradle-messaging-3.3.jar
7faf88032000-7faf88033000 r--s 00001000 08:01 4456585                    /home/ahmed/.gradle/wrapper/dists/gradle-3.3-all/55gk2rcmfc6p2dg9u9ohc3hw9/gradle-3.3/lib/native-platform-linux-i386-ncurses6-0.12.jar
7faf88033000-7faf88034000 r--s 00001000 08:01 4456584                    /home/ahmed/.gradle/wrapper/dists/gradle-3.3-all/55gk2rcmfc6p2dg9u9ohc3hw9/gradle-3.3/lib/native-platform-linux-i386-ncurses5-0.12.jar
7faf88034000-7faf88035000 r--s 00001000 08:01 4456583                    /home/ahmed/.gradle/wrapper/dists/gradle-3.3-all/55gk2rcmfc6p2dg9u9ohc3hw9/gradle-3.3/lib/native-platform-linux-amd64-ncurses6-0.12.jar
7faf88035000-7faf88036000 r--s 00001000 08:01 4456582                    /home/ahmed/.gradle/wrapper/dists/gradle-3.3-all/55gk2rcmfc6p2dg9u9ohc3hw9/gradle-3.3/lib/native-platform-linux-amd64-ncurses5-0.12.jar
7faf88036000-7faf88037000 r--s 0000b000 08:01 4456581                    /home/ahmed/.gradle/wrapper/dists/gradle-3.3-all/55gk2rcmfc6p2dg9u9ohc3hw9/gradle-3.3/lib/native-platform-windows-i386-0.12.jar
7faf88037000-7faf88039000 r--s 0000b000 08:01 4456580                    /home/ahmed/.gradle/wrapper/dists/gradle-3.3-all/55gk2rcmfc6p2dg9u9ohc3hw9/gradle-3.3/lib/native-platform-windows-amd64-0.12.jar
7faf88039000-7faf8803b000 r--s 00002000 08:01 4456579                    /home/ahmed/.gradle/wrapper/dists/gradle-3.3-all/55gk2rcmfc6p2dg9u9ohc3hw9/gradle-3.3/lib/native-platform-osx-i386-0.12.jar
7faf8803b000-7faf8803c000 r--s 00002000 08:01 4456578                    /home/ahmed/.gradle/wrapper/dists/gradle-3.3-all/55gk2rcmfc6p2dg9u9ohc3hw9/gradle-3.3/lib/native-platform-osx-amd64-0.12.jar
7faf8803c000-7faf8803d000 r--s 00002000 08:01 4456577                    /home/ahmed/.gradle/wrapper/dists/gradle-3.3-all/55gk2rcmfc6p2dg9u9ohc3hw9/gradle-3.3/lib/native-platform-linux-i386-0.12.jar
7faf8803d000-7faf8803e000 r--s 00002000 08:01 4456576                    /home/ahmed/.gradle/wrapper/dists/gradle-3.3-all/55gk2rcmfc6p2dg9u9ohc3hw9/gradle-3.3/lib/native-platform-linux-amd64-0.12.jar
7faf8803e000-7faf8803f000 r--s 00003000 08:01 4456575                    /home/ahmed/.gradle/wrapper/dists/gradle-3.3-all/55gk2rcmfc6p2dg9u9ohc3hw9/gradle-3.3/lib/native-platform-freebsd-i386-libstdcpp-0.12.jar
7faf8803f000-7faf88040000 r--s 00004000 08:01 4456574                    /home/ahmed/.gradle/wrapper/dists/gradle-3.3-all/55gk2rcmfc6p2dg9u9ohc3hw9/gradle-3.3/lib/native-platform-freebsd-i386-libcpp-0.12.jar
7faf88040000-7faf88042000 r--s 00003000 08:01 4456573                    /home/ahmed/.gradle/wrapper/dists/gradle-3.3-all/55gk2rcmfc6p2dg9u9ohc3hw9/gradle-3.3/lib/native-platform-freebsd-amd64-libstdcpp-0.12.jar
7faf88042000-7faf88043000 r--s 00004000 08:01 4456572                    /home/ahmed/.gradle/wrapper/dists/gradle-3.3-all/55gk2rcmfc6p2dg9u9ohc3hw9/gradle-3.3/lib/native-platform-freebsd-amd64-libcpp-0.12.jar
7faf88043000-7faf88046000 r--s 00023000 08:01 4456566                    /home/ahmed/.gradle/wrapper/dists/gradle-3.3-all/55gk2rcmfc6p2dg9u9ohc3hw9/gradle-3.3/lib/jansi-1.14.jar
7faf88046000-7faf8804a000 r--s 00011000 08:01 4456565                    /home/ahmed/.gradle/wrapper/dists/gradle-3.3-all/55gk2rcmfc6p2dg9u9ohc3hw9/gradle-3.3/lib/native-platform-0.12.jar
7faf8804a000-7faf8804d000 r--s 0000a000 08:01 4456543                    /home/ahmed/.gradle/wrapper/dists/gradle-3.3-all/55gk2rcmfc6p2dg9u9ohc3hw9/gradle-3.3/lib/gradle-native-3.3.jar
7faf8804d000-7faf8804f000 r--s 00005000 08:01 4456540                    /home/ahmed/.gradle/wrapper/dists/gradle-3.3-all/55gk2rcmfc6p2dg9u9ohc3hw9/gradle-3.3/lib/gradle-cli-3.3.jar
7faf8804f000-7faf88051000 r--s 00007000 08:01 4456551                    /home/ahmed/.gradle/wrapper/dists/gradle-3.3-all/55gk2rcmfc6p2dg9u9ohc3hw9/gradle-3.3/lib/gradle-model-groovy-3.3.jar
7faf88051000-7faf88060000 r--s 0007f000 08:01 4456550                    /home/ahmed/.gradle/wrapper/dists/gradle-3.3-all/55gk2rcmfc6p2dg9u9ohc3hw9/gradle-3.3/lib/gradle-model-core-3.3.jar
7faf88060000-7faf8806d000 r--s 00083000 08:01 4456554                    /home/ahmed/.gradle/wrapper/dists/gradle-3.3-all/55gk2rcmfc6p2dg9u9ohc3hw9/gradle-3.3/lib/commons-collections-3.2.2.jar
7faf8806d000-7faf88095000 r--s 001cf000 08:01 4456546                    /home/ahmed/.gradle/wrapper/dists/gradle-3.3-all/55gk2rcmfc6p2dg9u9ohc3hw9/gradle-3.3/lib/guava-jdk5-17.0.jar
7faf88095000-7faf880b4000 r--s 001d1000 08:01 4456553                    /home/ahmed/.gradle/wrapper/dists/gradle-3.3-all/55gk2rcmfc6p2dg9u9ohc3hw9/gradle-3.3/lib/ant-1.9.6.jar
7faf880b4000-7faf880f1000 r--s 001f8000 08:01 4456539                    /home/ahmed/.gradle/wrapper/dists/gradle-3.3-all/55gk2rcmfc6p2dg9u9ohc3hw9/gradle-3.3/lib/gradle-core-3.3.jar
7faf880f1000-7faf880f4000 ---p 00000000 00:00 0 
7faf880f4000-7faf881f2000 rw-p 00000000 00:00 0 
7faf881f2000-7faf881f5000 ---p 00000000 00:00 0 
7faf881f5000-7faf882f3000 rw-p 00000000 00:00 0 
7faf882f3000-7faf882f6000 ---p 00000000 00:00 0 
7faf882f6000-7faf883f4000 rw-p 00000000 00:00 0 
7faf883f4000-7faf883f5000 ---p 00000000 00:00 0 
7faf883f5000-7faf89000000 rw-p 00000000 00:00 0 
7faf89000000-7faf8a110000 rwxp 00000000 00:00 0 
7faf8a110000-7faf98000000 ---p 00000000 00:00 0 
7faf98000000-7faf98ce0000 rw-p 00000000 00:00 0 
7faf98ce0000-7faf9c000000 ---p 00000000 00:00 0 
7faf9c000000-7faf9c002000 r--s 00006000 08:01 4456558                    /home/ahmed/.gradle/wrapper/dists/gradle-3.3-all/55gk2rcmfc6p2dg9u9ohc3hw9/gradle-3.3/lib/gradle-base-services-groovy-3.3.jar
7faf9c002000-7faf9c003000 r--s 00002000 08:01 4456561                    /home/ahmed/.gradle/wrapper/dists/gradle-3.3-all/55gk2rcmfc6p2dg9u9ohc3hw9/gradle-3.3/lib/gradle-docs-3.3.jar
7faf9c003000-7faf9c004000 r--s 00000000 08:01 4456557                    /home/ahmed/.gradle/wrapper/dists/gradle-3.3-all/55gk2rcmfc6p2dg9u9ohc3hw9/gradle-3.3/lib/javax.inject-1.jar
7faf9c004000-7faf9c005000 r--s 00000000 08:01 4456556                    /home/ahmed/.gradle/wrapper/dists/gradle-3.3-all/55gk2rcmfc6p2dg9u9ohc3hw9/gradle-3.3/lib/jcip-annotations-1.0.jar
7faf9c005000-7faf9c009000 r--s 00027000 08:01 4456555                    /home/ahmed/.gradle/wrapper/dists/gradle-3.3-all/55gk2rcmfc6p2dg9u9ohc3hw9/gradle-3.3/lib/commons-io-2.2.jar
7faf9c009000-7faf9c00e000 r--s 00038000 08:01 4456552                    /home/ahmed/.gradle/wrapper/dists/gradle-3.3-all/55gk2rcmfc6p2dg9u9ohc3hw9/gradle-3.3/lib/asm-all-5.1.jar
7faf9c00e000-7faf9c00f000 r--s 00001000 08:01 4456548                    /home/ahmed/.gradle/wrapper/dists/gradle-3.3-all/55gk2rcmfc6p2dg9u9ohc3hw9/gradle-3.3/lib/gradle-process-services-3.3.jar
7faf9c00f000-7faf9c011000 r--s 00000000 08:01 4456538                    /home/ahmed/.gradle/wrapper/dists/gradle-3.3-all/55gk2rcmfc6p2dg9u9ohc3hw9/gradle-3.3/lib/gradle-jvm-services-3.3.jar
7faf9c011000-7faf9c012000 r--s 00000000 08:01 4456702                    /home/ahmed/.gradle/wrapper/dists/gradle-3.3-all/55gk2rcmfc6p2dg9u9ohc3hw9/gradle-3.3/lib/gradle-version-info-3.3.jar
7faf9c012000-7faf9c017000 r--s 00041000 08:01 4456547                    /home/ahmed/.gradle/wrapper/dists/gradle-3.3-all/55gk2rcmfc6p2dg9u9ohc3hw9/gradle-3.3/lib/commons-lang-2.6.jar
7faf9c017000-7faf9c024000 r--s 0005c000 08:01 4456534                    /home/ahmed/.gradle/wrapper/dists/gradle-3.3-all/55gk2rcmfc6p2dg9u9ohc3hw9/gradle-3.3/lib/gradle-launcher-3.3.jar
7faf9c024000-7faf9c4d9000 rw-p 00000000 00:00 0 
7faf9c4d9000-7faf9c6a8000 r--s 03c1b000 08:01 3289595                    /home/ahmed/myData/android-studio/jre/jre/lib/rt.jar
7faf9c6a8000-7faf9d21e000 rw-p 00000000 00:00 0 
7faf9d21e000-7faf9d21f000 ---p 00000000 00:00 0 
7faf9d21f000-7faf9d31f000 rw-p 00000000 00:00 0 
7faf9d31f000-7faf9d320000 ---p 00000000 00:00 0 
7faf9d320000-7faf9d420000 rw-p 00000000 00:00 0 
7faf9d420000-7faf9d421000 ---p 00000000 00:00 0 
7faf9d421000-7faf9d521000 rw-p 00000000 00:00 0 
7faf9d521000-7faf9d522000 ---p 00000000 00:00 0 
7faf9d522000-7faf9d644000 rw-p 00000000 00:00 0 
7faf9d644000-7faf9d822000 ---p 00000000 00:00 0 
7faf9d822000-7faf9d844000 rw-p 00000000 00:00 0 
7faf9d844000-7faf9da22000 ---p 00000000 00:00 0 
7faf9da22000-7faf9da64000 rw-p 00000000 00:00 0 
7faf9da64000-7faf9db22000 ---p 00000000 00:00 0 
7faf9db22000-7faf9db68000 rw-p 00000000 00:00 0 
7faf9db68000-7faf9dee3000 ---p 00000000 00:00 0 
7faf9dee3000-7faf9defd000 r-xp 00000000 08:01 3296869                    /home/ahmed/myData/android-studio/jre/jre/lib/amd64/libzip.so
7faf9defd000-7faf9e0fd000 ---p 0001a000 08:01 3296869                    /home/ahmed/myData/android-studio/jre/jre/lib/amd64/libzip.so
7faf9e0fd000-7faf9e0fe000 r--p 0001a000 08:01 3296869                    /home/ahmed/myData/android-studio/jre/jre/lib/amd64/libzip.so
7faf9e0fe000-7faf9e0ff000 rw-p 0001b000 08:01 3296869                    /home/ahmed/myData/android-studio/jre/jre/lib/amd64/libzip.so
7faf9e0ff000-7faf9e10a000 r-xp 00000000 08:01 8040228                    /lib/x86_64-linux-gnu/libnss_files-2.23.so
7faf9e10a000-7faf9e309000 ---p 0000b000 08:01 8040228                    /lib/x86_64-linux-gnu/libnss_files-2.23.so
7faf9e309000-7faf9e30a000 r--p 0000a000 08:01 8040228                    /lib/x86_64-linux-gnu/libnss_files-2.23.so
7faf9e30a000-7faf9e30b000 rw-p 0000b000 08:01 8040228                    /lib/x86_64-linux-gnu/libnss_files-2.23.so
7faf9e30b000-7faf9e311000 rw-p 00000000 00:00 0 
7faf9e311000-7faf9e31c000 r-xp 00000000 08:01 8040213                    /lib/x86_64-linux-gnu/libnss_nis-2.23.so
7faf9e31c000-7faf9e51b000 ---p 0000b000 08:01 8040213                    /lib/x86_64-linux-gnu/libnss_nis-2.23.so
7faf9e51b000-7faf9e51c000 r--p 0000a000 08:01 8040213                    /lib/x86_64-linux-gnu/libnss_nis-2.23.so
7faf9e51c000-7faf9e51d000 rw-p 0000b000 08:01 8040213                    /lib/x86_64-linux-gnu/libnss_nis-2.23.so
7faf9e51d000-7faf9e533000 r-xp 00000000 08:01 8040224                    /lib/x86_64-linux-gnu/libnsl-2.23.so
7faf9e533000-7faf9e732000 ---p 00016000 08:01 8040224                    /lib/x86_64-linux-gnu/libnsl-2.23.so
7faf9e732000-7faf9e733000 r--p 00015000 08:01 8040224                    /lib/x86_64-linux-gnu/libnsl-2.23.so
7faf9e733000-7faf9e734000 rw-p 00016000 08:01 8040224                    /lib/x86_64-linux-gnu/libnsl-2.23.so
7faf9e734000-7faf9e736000 rw-p 00000000 00:00 0 
7faf9e736000-7faf9e73e000 r-xp 00000000 08:01 8040225                    /lib/x86_64-linux-gnu/libnss_compat-2.23.so
7faf9e73e000-7faf9e93d000 ---p 00008000 08:01 8040225                    /lib/x86_64-linux-gnu/libnss_compat-2.23.so
7faf9e93d000-7faf9e93e000 r--p 00007000 08:01 8040225                    /lib/x86_64-linux-gnu/libnss_compat-2.23.so
7faf9e93e000-7faf9e93f000 rw-p 00008000 08:01 8040225                    /lib/x86_64-linux-gnu/libnss_compat-2.23.so
7faf9e93f000-7faf9e96c000 r-xp 00000000 08:01 3289799                    /home/ahmed/myData/android-studio/jre/jre/lib/amd64/libjava.so
7faf9e96c000-7faf9eb6b000 ---p 0002d000 08:01 3289799                    /home/ahmed/myData/android-studio/jre/jre/lib/amd64/libjava.so
7faf9eb6b000-7faf9eb6c000 r--p 0002c000 08:01 3289799                    /home/ahmed/myData/android-studio/jre/jre/lib/amd64/libjava.so
7faf9eb6c000-7faf9eb6e000 rw-p 0002d000 08:01 3289799                    /home/ahmed/myData/android-studio/jre/jre/lib/amd64/libjava.so
7faf9eb6e000-7faf9eb7e000 r-xp 00000000 08:01 3296895                    /home/ahmed/myData/android-studio/jre/jre/lib/amd64/libverify.so
7faf9eb7e000-7faf9ed7d000 ---p 00010000 08:01 3296895                    /home/ahmed/myData/android-studio/jre/jre/lib/amd64/libverify.so
7faf9ed7d000-7faf9ed7f000 r--p 0000f000 08:01 3296895                    /home/ahmed/myData/android-studio/jre/jre/lib/amd64/libverify.so
7faf9ed7f000-7faf9ed80000 rw-p 00011000 08:01 3296895                    /home/ahmed/myData/android-studio/jre/jre/lib/amd64/libverify.so
7faf9ed80000-7faf9ed87000 r-xp 00000000 08:01 8040212                    /lib/x86_64-linux-gnu/librt-2.23.so
7faf9ed87000-7faf9ef86000 ---p 00007000 08:01 8040212                    /lib/x86_64-linux-gnu/librt-2.23.so
7faf9ef86000-7faf9ef87000 r--p 00006000 08:01 8040212                    /lib/x86_64-linux-gnu/librt-2.23.so
7faf9ef87000-7faf9ef88000 rw-p 00007000 08:01 8040212                    /lib/x86_64-linux-gnu/librt-2.23.so
7faf9ef88000-7faf9f090000 r-xp 00000000 08:01 8040222                    /lib/x86_64-linux-gnu/libm-2.23.so
7faf9f090000-7faf9f28f000 ---p 00108000 08:01 8040222                    /lib/x86_64-linux-gnu/libm-2.23.so
7faf9f28f000-7faf9f290000 r--p 00107000 08:01 8040222                    /lib/x86_64-linux-gnu/libm-2.23.so
7faf9f290000-7faf9f291000 rw-p 00108000 08:01 8040222                    /lib/x86_64-linux-gnu/libm-2.23.so
7faf9f291000-7faf9fe82000 r-xp 00000000 08:01 3289646                    /home/ahmed/myData/android-studio/jre/jre/lib/amd64/server/libjvm.so
7faf9fe82000-7fafa0082000 ---p 00bf1000 08:01 3289646                    /home/ahmed/myData/android-studio/jre/jre/lib/amd64/server/libjvm.so
7fafa0082000-7fafa0121000 r--p 00bf1000 08:01 3289646                    /home/ahmed/myData/android-studio/jre/jre/lib/amd64/server/libjvm.so
7fafa0121000-7fafa014a000 rw-p 00c90000 08:01 3289646                    /home/ahmed/myData/android-studio/jre/jre/lib/amd64/server/libjvm.so
7fafa014a000-7fafa018e000 rw-p 00000000 00:00 0 
7fafa018e000-7fafa01a6000 r-xp 00000000 08:01 8040223                    /lib/x86_64-linux-gnu/libpthread-2.23.so
7fafa01a6000-7fafa03a5000 ---p 00018000 08:01 8040223                    /lib/x86_64-linux-gnu/libpthread-2.23.so
7fafa03a5000-7fafa03a6000 r--p 00017000 08:01 8040223                    /lib/x86_64-linux-gnu/libpthread-2.23.so
7fafa03a6000-7fafa03a7000 rw-p 00018000 08:01 8040223                    /lib/x86_64-linux-gnu/libpthread-2.23.so
7fafa03a7000-7fafa03ab000 rw-p 00000000 00:00 0 
7fafa03ab000-7fafa03ae000 r-xp 00000000 08:01 8040216                    /lib/x86_64-linux-gnu/libdl-2.23.so
7fafa03ae000-7fafa05ad000 ---p 00003000 08:01 8040216                    /lib/x86_64-linux-gnu/libdl-2.23.so
7fafa05ad000-7fafa05ae000 r--p 00002000 08:01 8040216                    /lib/x86_64-linux-gnu/libdl-2.23.so
7fafa05ae000-7fafa05af000 rw-p 00003000 08:01 8040216                    /lib/x86_64-linux-gnu/libdl-2.23.so
7fafa05af000-7fafa076e000 r-xp 00000000 08:01 8040217                    /lib/x86_64-linux-gnu/libc-2.23.so
7fafa076e000-7fafa096e000 ---p 001bf000 08:01 8040217                    /lib/x86_64-linux-gnu/libc-2.23.so
7fafa096e000-7fafa0972000 r--p 001bf000 08:01 8040217                    /lib/x86_64-linux-gnu/libc-2.23.so
7fafa0972000-7fafa0974000 rw-p 001c3000 08:01 8040217                    /lib/x86_64-linux-gnu/libc-2.23.so
7fafa0974000-7fafa0978000 rw-p 00000000 00:00 0 
7fafa0978000-7fafa098e000 r-xp 00000000 08:01 3294512                    /home/ahmed/myData/android-studio/jre/lib/amd64/jli/libjli.so
7fafa098e000-7fafa0b8d000 ---p 00016000 08:01 3294512                    /home/ahmed/myData/android-studio/jre/lib/amd64/jli/libjli.so
7fafa0b8d000-7fafa0b8e000 r--p 00015000 08:01 3294512                    /home/ahmed/myData/android-studio/jre/lib/amd64/jli/libjli.so
7fafa0b8e000-7fafa0b8f000 rw-p 00016000 08:01 3294512                    /home/ahmed/myData/android-studio/jre/lib/amd64/jli/libjli.so
7fafa0b8f000-7fafa0bb5000 r-xp 00000000 08:01 7999545                    /lib/x86_64-linux-gnu/ld-2.23.so
7fafa0bb5000-7fafa0bb6000 r--s 00007000 08:01 4456545                    /home/ahmed/.gradle/wrapper/dists/gradle-3.3-all/55gk2rcmfc6p2dg9u9ohc3hw9/gradle-3.3/lib/slf4j-api-1.7.10.jar
7fafa0bb6000-7fafa0bbf000 r--s 00042000 08:01 4456537                    /home/ahmed/.gradle/wrapper/dists/gradle-3.3-all/55gk2rcmfc6p2dg9u9ohc3hw9/gradle-3.3/lib/gradle-base-services-3.3.jar
7fafa0bbf000-7fafa0c84000 rw-p 00000000 00:00 0 
7fafa0c84000-7fafa0c87000 ---p 00000000 00:00 0 
7fafa0c87000-7fafa0d89000 rw-p 00000000 00:00 0 
7fafa0d89000-7fafa0d8a000 r--s 00004000 08:01 4456570                    /home/ahmed/.gradle/wrapper/dists/gradle-3.3-all/55gk2rcmfc6p2dg9u9ohc3hw9/gradle-3.3/lib/ant-launcher-1.9.6.jar
7fafa0d8a000-7fafa0da8000 rw-p 00000000 00:00 0 
7fafa0da8000-7fafa0db0000 rw-s 00000000 08:01 12850503                   /tmp/hsperfdata_ahmed/18006
7fafa0db0000-7fafa0db1000 rw-p 00000000 00:00 0 
7fafa0db1000-7fafa0db2000 r--p 00000000 00:00 0 
7fafa0db2000-7fafa0db4000 rw-p 00000000 00:00 0 
7fafa0db4000-7fafa0db5000 r--p 00025000 08:01 7999545                    /lib/x86_64-linux-gnu/ld-2.23.so
7fafa0db5000-7fafa0db6000 rw-p 00026000 08:01 7999545                    /lib/x86_64-linux-gnu/ld-2.23.so
7fafa0db6000-7fafa0db7000 rw-p 00000000 00:00 0 
7fff94ea1000-7fff94ec2000 rw-p 00000000 00:00 0                          [stack]
7fff94f20000-7fff94f22000 r--p 00000000 00:00 0                          [vvar]
7fff94f22000-7fff94f24000 r-xp 00000000 00:00 0                          [vdso]
ffffffffff600000-ffffffffff601000 r-xp 00000000 00:00 0                  [vsyscall]

VM Arguments:
jvm_args: -Xmx1536m -Dfile.encoding=UTF-8 -Duser.country=US -Duser.language=en -Duser.variant 
java_command: org.gradle.launcher.daemon.bootstrap.GradleDaemon 3.3
java_class_path (initial): /home/ahmed/.gradle/wrapper/dists/gradle-3.3-all/55gk2rcmfc6p2dg9u9ohc3hw9/gradle-3.3/lib/gradle-launcher-3.3.jar
Launcher Type: SUN_STANDARD

Environment Variables:
JAVA_HOME=/usr/lib/jvm/java-8-oracle
PATH=/usr/local/sbin:/usr/local/bin:/usr/sbin:/usr/bin:/sbin:/bin:/usr/games:/usr/local/games:/snap/bin
LD_LIBRARY_PATH=/home/ahmed/myData/android-studio/bin:
SHELL=/bin/bash
DISPLAY=:0

Signal Handlers:
SIGSEGV: [libjvm.so+0x9e5150], sa_mask[0]=11111111011111111101111111111110, sa_flags=SA_RESTART|SA_SIGINFO
SIGBUS: [libjvm.so+0x9e5150], sa_mask[0]=11111111011111111101111111111110, sa_flags=SA_RESTART|SA_SIGINFO
SIGFPE: [libjvm.so+0x848450], sa_mask[0]=11111111011111111101111111111110, sa_flags=SA_RESTART|SA_SIGINFO
SIGPIPE: [libjvm.so+0x848450], sa_mask[0]=11111111011111111101111111111110, sa_flags=SA_RESTART|SA_SIGINFO
SIGXFSZ: [libjvm.so+0x848450], sa_mask[0]=11111111011111111101111111111110, sa_flags=SA_RESTART|SA_SIGINFO
SIGILL: [libjvm.so+0x848450], sa_mask[0]=11111111011111111101111111111110, sa_flags=SA_RESTART|SA_SIGINFO
SIGUSR1: SIG_DFL, sa_mask[0]=00000000000000000000000000000000, sa_flags=none
SIGUSR2: [libjvm.so+0x848320], sa_mask[0]=00100000000000000000000000000000, sa_flags=SA_RESTART|SA_SIGINFO
SIGHUP: [libjvm.so+0x848510], sa_mask[0]=11111111011111111101111111111110, sa_flags=SA_RESTART|SA_SIGINFO
SIGINT: [libjvm.so+0x848510], sa_mask[0]=11111111011111111101111111111110, sa_flags=SA_RESTART|SA_SIGINFO
SIGTERM: [libjvm.so+0x848510], sa_mask[0]=11111111011111111101111111111110, sa_flags=SA_RESTART|SA_SIGINFO
SIGQUIT: [libjvm.so+0x848510], sa_mask[0]=11111111011111111101111111111110, sa_flags=SA_RESTART|SA_SIGINFO


---------------  S Y S T E M  ---------------

OS:DISTRIB_ID=Ubuntu
DISTRIB_RELEASE=16.04
DISTRIB_CODENAME=xenial
DISTRIB_DESCRIPTION="Ubuntu 16.04.1 LTS"

uname:Linux 4.4.0-83-generic #106-Ubuntu SMP Mon Jun 26 17:54:43 UTC 2017 x86_64
libc:glibc 2.23 NPTL 2.23 
rlimit: STACK 8192k, CORE 0k, NPROC 23442, NOFILE 65536, AS infinity
load average:2.01 1.50 1.51

/proc/meminfo:
MemTotal:        6038996 kB
MemFree:         1045928 kB
MemAvailable:    1357184 kB
Buffers:           60292 kB
Cached:           610452 kB
SwapCached:       206924 kB
Active:          3775044 kB
Inactive:         902868 kB
Active(anon):    3476736 kB
Inactive(anon):   728292 kB
Active(file):     298308 kB
Inactive(file):   174576 kB
Unevictable:         120 kB
Mlocked:             120 kB
SwapTotal:       6213628 kB
SwapFree:        4008252 kB
Dirty:             41108 kB
Writeback:             0 kB
AnonPages:       3994644 kB
Mapped:           199516 kB
Shmem:            197652 kB
Slab:             154024 kB
SReclaimable:     102340 kB
SUnreclaim:        51684 kB
KernelStack:       19632 kB
PageTables:        75872 kB
NFS_Unstable:          0 kB
Bounce:                0 kB
WritebackTmp:          0 kB
CommitLimit:     9233124 kB
Committed_AS:   14031984 kB
VmallocTotal:   34359738367 kB
VmallocUsed:           0 kB
VmallocChunk:          0 kB
HardwareCorrupted:     0 kB
AnonHugePages:   1431552 kB
CmaTotal:              0 kB
CmaFree:               0 kB
HugePages_Total:       0
HugePages_Free:        0
HugePages_Rsvd:        0
HugePages_Surp:        0
Hugepagesize:       2048 kB
DirectMap4k:      207920 kB
DirectMap2M:     6012928 kB


CPU:total 4 (2 cores per cpu, 2 threads per core) family 6 model 42 stepping 7, cmov, cx8, fxsr, mmx, sse, sse2, sse3, ssse3, sse4.1, sse4.2, popcnt, avx, clmul, ht, tsc, tscinvbit

/proc/cpuinfo:
processor	: 0
vendor_id	: GenuineIntel
cpu family	: 6
model		: 42
model name	: Intel(R) Core(TM) i3-2310M CPU @ 2.10GHz
stepping	: 7
microcode	: 0x14
cpu MHz		: 2099.917
cache size	: 3072 KB
physical id	: 0
siblings	: 4
core id		: 0
cpu cores	: 2
apicid		: 0
initial apicid	: 0
fpu		: yes
fpu_exception	: yes
cpuid level	: 13
wp		: yes
flags		: fpu vme de pse tsc msr pae mce cx8 apic sep mtrr pge mca cmov pat pse36 clflush dts acpi mmx fxsr sse sse2 ss ht tm pbe syscall nx rdtscp lm constant_tsc arch_perfmon pebs bts rep_good nopl xtopology nonstop_tsc aperfmperf eagerfpu pni pclmulqdq dtes64 monitor ds_cpl vmx est tm2 ssse3 cx16 xtpr pdcm pcid sse4_1 sse4_2 x2apic popcnt tsc_deadline_timer xsave avx lahf_lm epb tpr_shadow vnmi flexpriority ept vpid xsaveopt dtherm arat pln pts
bugs		:
bogomips	: 4190.90
clflush size	: 64
cache_alignment	: 64
address sizes	: 36 bits physical, 48 bits virtual
power management:

processor	: 1
vendor_id	: GenuineIntel
cpu family	: 6
model		: 42
model name	: Intel(R) Core(TM) i3-2310M CPU @ 2.10GHz
stepping	: 7
microcode	: 0x14
cpu MHz		: 2100.000
cache size	: 3072 KB
physical id	: 0
siblings	: 4
core id		: 0
cpu cores	: 2
apicid		: 1
initial apicid	: 1
fpu		: yes
fpu_exception	: yes
cpuid level	: 13
wp		: yes
flags		: fpu vme de pse tsc msr pae mce cx8 apic sep mtrr pge mca cmov pat pse36 clflush dts acpi mmx fxsr sse sse2 ss ht tm pbe syscall nx rdtscp lm constant_tsc arch_perfmon pebs bts rep_good nopl xtopology nonstop_tsc aperfmperf eagerfpu pni pclmulqdq dtes64 monitor ds_cpl vmx est tm2 ssse3 cx16 xtpr pdcm pcid sse4_1 sse4_2 x2apic popcnt tsc_deadline_timer xsave avx lahf_lm epb tpr_shadow vnmi flexpriority ept vpid xsaveopt dtherm arat pln pts
bugs		:
bogomips	: 4190.90
clflush size	: 64
cache_alignment	: 64
address sizes	: 36 bits physical, 48 bits virtual
power management:

processor	: 2
vendor_id	: GenuineIntel
cpu family	: 6
model		: 42
model name	: Intel(R) Core(TM) i3-2310M CPU @ 2.10GHz
stepping	: 7
microcode	: 0x14
cpu MHz		: 2100.000
cache size	: 3072 KB
physical id	: 0
siblings	: 4
core id		: 1
cpu cores	: 2
apicid		: 2
initial apicid	: 2
fpu		: yes
fpu_exception	: yes
cpuid level	: 13
wp		: yes
flags		: fpu vme de pse tsc msr pae mce cx8 apic sep mtrr pge mca cmov pat pse36 clflush dts acpi mmx fxsr sse sse2 ss ht tm pbe syscall nx rdtscp lm constant_tsc arch_perfmon pebs bts rep_good nopl xtopology nonstop_tsc aperfmperf eagerfpu pni pclmulqdq dtes64 monitor ds_cpl vmx est tm2 ssse3 cx16 xtpr pdcm pcid sse4_1 sse4_2 x2apic popcnt tsc_deadline_timer xsave avx lahf_lm epb tpr_shadow vnmi flexpriority ept vpid xsaveopt dtherm arat pln pts
bugs		:
bogomips	: 4190.90
clflush size	: 64
cache_alignment	: 64
address sizes	: 36 bits physical, 48 bits virtual
power management:

processor	: 3
vendor_id	: GenuineIntel
cpu family	: 6
model		: 42
model name	: Intel(R) Core(TM) i3-2310M CPU @ 2.10GHz
stepping	: 7
microcode	: 0x14
cpu MHz		: 2099.917
cache size	: 3072 KB
physical id	: 0
siblings	: 4
core id		: 1
cpu cores	: 2
apicid		: 3
initial apicid	: 3
fpu		: yes
fpu_exception	: yes
cpuid level	: 13
wp		: yes
flags		: fpu vme de pse tsc msr pae mce cx8 apic sep mtrr pge mca cmov pat pse36 clflush dts acpi mmx fxsr sse sse2 ss ht tm pbe syscall nx rdtscp lm constant_tsc arch_perfmon pebs bts rep_good nopl xtopology nonstop_tsc aperfmperf eagerfpu pni pclmulqdq dtes64 monitor ds_cpl vmx est tm2 ssse3 cx16 xtpr pdcm pcid sse4_1 sse4_2 x2apic popcnt tsc_deadline_timer xsave avx lahf_lm epb tpr_shadow vnmi flexpriority ept vpid xsaveopt dtherm arat pln pts
bugs		:
bogomips	: 4190.90
clflush size	: 64
cache_alignment	: 64
address sizes	: 36 bits physical, 48 bits virtual
power management:



Memory: 4k page, physical 6038996k(1045928k free), swap 6213628k(4008252k free)

vm_info: OpenJDK 64-Bit Server VM (25.112-b06) for linux-amd64 JRE (1.8.0_112-release-b06), built on Dec  6 2016 12:11:18 by "builder" with gcc 4.8.4

time: Tue Aug 29 01:20:49 2017
elapsed time: 23 seconds (0d 0h 0m 23s)

